2023-12-19 23:36:18,704 INFO c.c.s.SocketIOServer [SpringApplicationShutdownHook] Session store / pubsub factory used: MemoryStoreFactory (local session store only)
2023-12-19 23:36:18,803 ERROR c.c.s.SocketIOServer$1 [nioEventLoopGroup-4-1] SocketIO server start failed at port: 8085!
2023-12-19 23:36:18,804 WARN o.s.b.f.a.InitDestroyAnnotationBeanPostProcessor [SpringApplicationShutdownHook] Destroy method on bean with name 'socketIOConfiguration' threw an exception: java.net.BindException: Address already in use: bind
2023-12-19 23:36:18,809 INFO o.s.o.j.AbstractEntityManagerFactoryBean [SpringApplicationShutdownHook] Closing JPA EntityManagerFactory for persistence unit 'default'
2023-12-19 23:36:18,817 INFO c.z.h.HikariDataSource [SpringApplicationShutdownHook] HikariPool-1 - Shutdown initiated...
2023-12-19 23:36:18,834 INFO c.z.h.HikariDataSource [SpringApplicationShutdownHook] HikariPool-1 - Shutdown completed.
2023-12-19 23:36:42,350 INFO o.h.v.i.u.Version [background-preinit] HV000001: Hibernate Validator 8.0.1.Final
2023-12-19 23:36:42,763 INFO o.s.b.StartupInfoLogger [restartedMain] Starting ChallengeApplication using Java 20.0.1 with PID 54712 (C:\Users\FAJAR\Downloads\Belajar Java\Challenge_7\BinarFudMain\target\classes started by FAJAR in C:\Users\FAJAR\Downloads\Belajar Java\Challenge_7)
2023-12-19 23:36:42,769 INFO o.s.b.SpringApplication [restartedMain] No active profile set, falling back to 1 default profile: "default"
2023-12-19 23:36:42,974 INFO o.s.b.l.DeferredLog [restartedMain] Devtools property defaults active! Set 'spring.devtools.add-properties' to 'false' to disable
2023-12-19 23:36:42,975 INFO o.s.b.l.DeferredLog [restartedMain] For additional web related logging consider setting the 'logging.level.web' property to 'DEBUG'
2023-12-19 23:36:48,478 INFO o.s.d.r.c.RepositoryConfigurationDelegate [restartedMain] Bootstrapping Spring Data JPA repositories in DEFAULT mode.
2023-12-19 23:36:48,873 INFO o.s.d.r.c.RepositoryConfigurationDelegate [restartedMain] Finished Spring Data repository scanning in 370 ms. Found 6 JPA repository interfaces.
2023-12-19 23:36:56,618 INFO o.s.b.w.e.t.TomcatWebServer [restartedMain] Tomcat initialized with port(s): 8080 (http)
2023-12-19 23:36:56,676 INFO o.a.j.l.DirectJDKLog [restartedMain] Initializing ProtocolHandler ["http-nio-8080"]
2023-12-19 23:36:56,697 INFO o.a.j.l.DirectJDKLog [restartedMain] Starting service [Tomcat]
2023-12-19 23:36:56,700 INFO o.a.j.l.DirectJDKLog [restartedMain] Starting Servlet engine: [Apache Tomcat/10.1.15]
2023-12-19 23:36:57,112 INFO o.a.j.l.DirectJDKLog [restartedMain] Initializing Spring embedded WebApplicationContext
2023-12-19 23:36:57,118 INFO o.s.b.w.s.c.ServletWebServerApplicationContext [restartedMain] Root WebApplicationContext: initialization completed in 14135 ms
2023-12-19 23:36:57,718 INFO o.f.c.i.l.s.Slf4jLog [restartedMain] Flyway Community Edition 9.16.3 by Redgate
2023-12-19 23:36:57,719 INFO o.f.c.i.l.s.Slf4jLog [restartedMain] See release notes here: https://rd.gt/416ObMi
2023-12-19 23:36:57,721 INFO o.f.c.i.l.s.Slf4jLog [restartedMain] 
2023-12-19 23:36:58,345 INFO o.f.c.i.l.s.Slf4jLog [restartedMain] Database: jdbc:postgresql://localhost:5432/challenge8 (PostgreSQL 16.0)
2023-12-19 23:36:58,372 WARN o.f.c.i.l.s.Slf4jLog [restartedMain] Flyway upgrade recommended: PostgreSQL 16.0 is newer than this version of Flyway and support has not been tested. The latest supported version of PostgreSQL is 15.
2023-12-19 23:36:58,444 INFO o.f.c.i.l.s.Slf4jLog [restartedMain] Successfully validated 1 migration (execution time 00:00.047s)
2023-12-19 23:36:58,596 INFO o.f.c.i.l.s.Slf4jLog [restartedMain] Current version of schema "migrations": null
2023-12-19 23:36:58,598 INFO o.f.c.i.l.s.Slf4jLog [restartedMain] Schema "migrations" is up to date. No migration necessary.
2023-12-19 23:36:58,936 INFO o.h.j.i.u.LogHelper [restartedMain] HHH000204: Processing PersistenceUnitInfo [name: default]
2023-12-19 23:36:59,138 INFO o.h.Version [restartedMain] HHH000412: Hibernate ORM core version 6.2.13.Final
2023-12-19 23:36:59,151 INFO o.h.c.Environment [restartedMain] HHH000406: Using bytecode reflection optimizer
