2023-12-20 15:13:19,322 INFO o.s.b.d.a.LocalDevToolsAutoConfiguration$RestartingClassPathChangeChangedEventListener [File Watcher] Restarting due to 1 class path change (0 additions, 0 deletions, 1 modification)
2023-12-20 15:13:19,549 INFO o.a.j.l.DirectJDKLog [Thread-5] Pausing ProtocolHandler ["http-nio-8080"]
2023-12-20 15:13:19,550 INFO o.a.j.l.DirectJDKLog [Thread-5] Stopping service [Tomcat]
2023-12-20 15:13:19,562 WARN o.a.j.l.DirectJDKLog [Thread-5] The web application [ROOT] appears to have started a thread named [HikariPool-1 housekeeper] but has failed to stop it. This is very likely to create a memory leak. Stack trace of thread:
 java.base/jdk.internal.misc.Unsafe.park(Native Method)
 java.base/java.util.concurrent.locks.LockSupport.parkNanos(LockSupport.java:269)
 java.base/java.util.concurrent.locks.AbstractQueuedSynchronizer$ConditionObject.awaitNanos(AbstractQueuedSynchronizer.java:1758)
 java.base/java.util.concurrent.ScheduledThreadPoolExecutor$DelayedWorkQueue.take(ScheduledThreadPoolExecutor.java:1182)
 java.base/java.util.concurrent.ScheduledThreadPoolExecutor$DelayedWorkQueue.take(ScheduledThreadPoolExecutor.java:899)
 java.base/java.util.concurrent.ThreadPoolExecutor.getTask(ThreadPoolExecutor.java:1070)
 java.base/java.util.concurrent.ThreadPoolExecutor.runWorker(ThreadPoolExecutor.java:1130)
 java.base/java.util.concurrent.ThreadPoolExecutor$Worker.run(ThreadPoolExecutor.java:642)
 java.base/java.lang.Thread.run(Thread.java:1623)
2023-12-20 15:13:19,565 INFO o.a.j.l.DirectJDKLog [Thread-5] Stopping ProtocolHandler ["http-nio-8080"]
2023-12-20 15:13:19,574 INFO o.a.j.l.DirectJDKLog [Thread-5] Destroying ProtocolHandler ["http-nio-8080"]
2023-12-20 15:13:19,620 INFO c.c.s.SocketIOServer [Thread-5] Session store / pubsub factory used: MemoryStoreFactory (local session store only)
2023-12-20 15:13:19,965 ERROR c.c.s.SocketIOServer$1 [nioEventLoopGroup-4-1] SocketIO server start failed at port: 8085!
2023-12-20 15:13:20,044 WARN o.s.b.f.a.InitDestroyAnnotationBeanPostProcessor [Thread-5] Destroy method on bean with name 'socketIOConfiguration' threw an exception: java.net.BindException: Address already in use: bind
2023-12-20 15:13:20,058 INFO o.s.o.j.AbstractEntityManagerFactoryBean [Thread-5] Closing JPA EntityManagerFactory for persistence unit 'default'
2023-12-20 15:13:20,076 INFO c.z.h.HikariDataSource [Thread-5] HikariPool-1 - Shutdown initiated...
2023-12-20 15:13:20,237 INFO c.z.h.HikariDataSource [Thread-5] HikariPool-1 - Shutdown completed.
2023-12-20 15:13:22,489 INFO o.s.b.StartupInfoLogger [restartedMain] Starting ChallengeApplication using Java 20.0.1 with PID 316 (C:\Users\FAJAR\Downloads\Belajar Java\Challenge_7\BinarFudMain\target\classes started by FAJAR in C:\Users\FAJAR\Downloads\Belajar Java\Challenge_7)
2023-12-20 15:13:22,494 INFO o.s.b.SpringApplication [restartedMain] No active profile set, falling back to 1 default profile: "default"
2023-12-20 15:13:26,070 INFO o.s.d.r.c.RepositoryConfigurationDelegate [restartedMain] Bootstrapping Spring Data JPA repositories in DEFAULT mode.
2023-12-20 15:13:26,618 INFO o.s.d.r.c.RepositoryConfigurationDelegate [restartedMain] Finished Spring Data repository scanning in 545 ms. Found 6 JPA repository interfaces.
2023-12-20 15:13:28,799 INFO o.s.b.w.e.t.TomcatWebServer [restartedMain] Tomcat initialized with port(s): 8080 (http)
2023-12-20 15:13:28,801 INFO o.a.j.l.DirectJDKLog [restartedMain] Initializing ProtocolHandler ["http-nio-8080"]
2023-12-20 15:13:28,803 INFO o.a.j.l.DirectJDKLog [restartedMain] Starting service [Tomcat]
2023-12-20 15:13:28,803 INFO o.a.j.l.DirectJDKLog [restartedMain] Starting Servlet engine: [Apache Tomcat/10.1.15]
2023-12-20 15:13:28,947 INFO o.a.j.l.DirectJDKLog [restartedMain] Initializing Spring embedded WebApplicationContext
2023-12-20 15:13:28,948 INFO o.s.b.w.s.c.ServletWebServerApplicationContext [restartedMain] Root WebApplicationContext: initialization completed in 6410 ms
2023-12-20 15:13:29,210 INFO o.h.j.i.u.LogHelper [restartedMain] HHH000204: Processing PersistenceUnitInfo [name: default]
2023-12-20 15:13:29,278 INFO o.s.o.j.p.SpringPersistenceUnitInfo [restartedMain] No LoadTimeWeaver setup: ignoring JPA class transformer
2023-12-20 15:13:29,281 INFO c.z.h.HikariDataSource [restartedMain] HikariPool-2 - Starting...
2023-12-20 15:13:29,519 INFO c.z.h.p.HikariPool [restartedMain] HikariPool-2 - Added connection org.postgresql.jdbc.PgConnection@6d22a5e9
2023-12-20 15:13:29,521 INFO c.z.h.HikariDataSource [restartedMain] HikariPool-2 - Start completed.
2023-12-20 15:13:29,545 WARN o.h.e.j.d.i.DialectFactoryImpl [restartedMain] HHH90000025: PostgreSQLDialect does not need to be specified explicitly using 'hibernate.dialect' (remove the property setting and it will be selected by default)
2023-12-20 15:13:29,596 INFO o.h.v.i.u.Version [background-preinit] HV000001: Hibernate Validator 8.0.1.Final
2023-12-20 15:13:29,950 INFO o.s.b.StartupInfoLogger [main] Starting EmailServiceApplication using Java 20.0.1 with PID 2636 (C:\Users\FAJAR\Downloads\Belajar Java\Challenge_7\EmailService\target\classes started by FAJAR in C:\Users\FAJAR\Downloads\Belajar Java\Challenge_7)
2023-12-20 15:13:29,953 INFO o.s.b.SpringApplication [main] No active profile set, falling back to 1 default profile: "default"
2023-12-20 15:13:32,008 INFO o.h.e.t.j.p.i.JtaPlatformInitiator [restartedMain] HHH000489: No JTA platform available (set 'hibernate.transaction.jta.platform' to enable JTA platform integration)
2023-12-20 15:13:33,470 INFO o.s.o.j.AbstractEntityManagerFactoryBean [restartedMain] Initialized JPA EntityManagerFactory for persistence unit 'default'
2023-12-20 15:13:36,308 INFO c.c.s.SocketIOServer [restartedMain] Session store / pubsub factory used: MemoryStoreFactory (local session store only)
2023-12-20 15:13:36,726 ERROR c.c.s.SocketIOServer$1 [nioEventLoopGroup-6-1] SocketIO server start failed at port: 8085!
2023-12-20 15:13:36,736 WARN o.s.c.s.AbstractApplicationContext [restartedMain] Exception encountered during context initialization - cancelling refresh attempt: org.springframework.beans.factory.UnsatisfiedDependencyException: Error creating bean with name 'socketIOController' defined in file [C:\Users\FAJAR\Downloads\Belajar Java\Challenge_7\BinarFudMain\target\classes\id\achfajar\challenge7\controller\SocketIOController.class]: Unsatisfied dependency expressed through constructor parameter 0: Error creating bean with name 'startSocketIOServer' defined in class path resource [id/achfajar/challenge7/config/SocketIOConfiguration.class]: Failed to instantiate [com.corundumstudio.socketio.SocketIOServer]: Factory method 'startSocketIOServer' threw exception with message: Address already in use: bind
2023-12-20 15:13:36,740 INFO c.c.s.SocketIOServer [restartedMain] Session store / pubsub factory used: MemoryStoreFactory (local session store only)
2023-12-20 15:13:36,993 ERROR c.c.s.SocketIOServer$1 [nioEventLoopGroup-8-1] SocketIO server start failed at port: 8085!
2023-12-20 15:13:36,994 WARN o.s.b.f.a.InitDestroyAnnotationBeanPostProcessor [restartedMain] Destroy method on bean with name 'socketIOConfiguration' threw an exception: java.net.BindException: Address already in use: bind
2023-12-20 15:13:37,003 INFO o.s.o.j.AbstractEntityManagerFactoryBean [restartedMain] Closing JPA EntityManagerFactory for persistence unit 'default'
2023-12-20 15:13:37,008 INFO c.z.h.HikariDataSource [restartedMain] HikariPool-2 - Shutdown initiated...
2023-12-20 15:13:37,070 INFO c.z.h.HikariDataSource [restartedMain] HikariPool-2 - Shutdown completed.
2023-12-20 15:13:37,074 INFO o.a.j.l.DirectJDKLog [restartedMain] Stopping service [Tomcat]
2023-12-20 15:13:37,334 INFO o.s.b.a.l.ConditionEvaluationReportLogger [restartedMain] 

Error starting ApplicationContext. To display the condition evaluation report re-run your application with 'debug' enabled.
2023-12-20 15:13:37,534 ERROR o.s.b.SpringApplication [restartedMain] Application run failed
org.springframework.beans.factory.UnsatisfiedDependencyException: Error creating bean with name 'socketIOController' defined in file [C:\Users\FAJAR\Downloads\Belajar Java\Challenge_7\BinarFudMain\target\classes\id\achfajar\challenge7\controller\SocketIOController.class]: Unsatisfied dependency expressed through constructor parameter 0: Error creating bean with name 'startSocketIOServer' defined in class path resource [id/achfajar/challenge7/config/SocketIOConfiguration.class]: Failed to instantiate [com.corundumstudio.socketio.SocketIOServer]: Factory method 'startSocketIOServer' threw exception with message: Address already in use: bind
	at org.springframework.beans.factory.support.ConstructorResolver.createArgumentArray(ConstructorResolver.java:801)
	at org.springframework.beans.factory.support.ConstructorResolver.autowireConstructor(ConstructorResolver.java:240)
	at org.springframework.beans.factory.support.AbstractAutowireCapableBeanFactory.autowireConstructor(AbstractAutowireCapableBeanFactory.java:1352)
	at org.springframework.beans.factory.support.AbstractAutowireCapableBeanFactory.createBeanInstance(AbstractAutowireCapableBeanFactory.java:1189)
	at org.springframework.beans.factory.support.AbstractAutowireCapableBeanFactory.doCreateBean(AbstractAutowireCapableBeanFactory.java:560)
	at org.springframework.beans.factory.support.AbstractAutowireCapableBeanFactory.createBean(AbstractAutowireCapableBeanFactory.java:520)
	at org.springframework.beans.factory.support.AbstractBeanFactory.lambda$doGetBean$0(AbstractBeanFactory.java:325)
	at org.springframework.beans.factory.support.DefaultSingletonBeanRegistry.getSingleton(DefaultSingletonBeanRegistry.java:234)
	at org.springframework.beans.factory.support.AbstractBeanFactory.doGetBean(AbstractBeanFactory.java:323)
	at org.springframework.beans.factory.support.AbstractBeanFactory.getBean(AbstractBeanFactory.java:199)
	at org.springframework.beans.factory.support.DefaultListableBeanFactory.preInstantiateSingletons(DefaultListableBeanFactory.java:973)
	at org.springframework.context.support.AbstractApplicationContext.finishBeanFactoryInitialization(AbstractApplicationContext.java:950)
	at org.springframework.context.support.AbstractApplicationContext.refresh(AbstractApplicationContext.java:616)
	at org.springframework.boot.web.servlet.context.ServletWebServerApplicationContext.refresh(ServletWebServerApplicationContext.java:146)
	at org.springframework.boot.SpringApplication.refresh(SpringApplication.java:738)
	at org.springframework.boot.SpringApplication.refreshContext(SpringApplication.java:440)
	at org.springframework.boot.SpringApplication.run(SpringApplication.java:316)
	at org.springframework.boot.SpringApplication.run(SpringApplication.java:1306)
	at org.springframework.boot.SpringApplication.run(SpringApplication.java:1295)
	at id.achfajar.challenge8.ChallengeApplication.main(ChallengeApplication.java:10)
	at java.base/jdk.internal.reflect.DirectMethodHandleAccessor.invoke(DirectMethodHandleAccessor.java:104)
	at java.base/java.lang.reflect.Method.invoke(Method.java:578)
	at org.springframework.boot.devtools.restart.RestartLauncher.run(RestartLauncher.java:50)
Caused by: org.springframework.beans.factory.BeanCreationException: Error creating bean with name 'startSocketIOServer' defined in class path resource [id/achfajar/challenge7/config/SocketIOConfiguration.class]: Failed to instantiate [com.corundumstudio.socketio.SocketIOServer]: Factory method 'startSocketIOServer' threw exception with message: Address already in use: bind
	at org.springframework.beans.factory.support.ConstructorResolver.instantiate(ConstructorResolver.java:654)
	at org.springframework.beans.factory.support.ConstructorResolver.instantiateUsingFactoryMethod(ConstructorResolver.java:488)
	at org.springframework.beans.factory.support.AbstractAutowireCapableBeanFactory.instantiateUsingFactoryMethod(AbstractAutowireCapableBeanFactory.java:1332)
	at org.springframework.beans.factory.support.AbstractAutowireCapableBeanFactory.createBeanInstance(AbstractAutowireCapableBeanFactory.java:1162)
	at org.springframework.beans.factory.support.AbstractAutowireCapableBeanFactory.doCreateBean(AbstractAutowireCapableBeanFactory.java:560)
	at org.springframework.beans.factory.support.AbstractAutowireCapableBeanFactory.createBean(AbstractAutowireCapableBeanFactory.java:520)
	at org.springframework.beans.factory.support.AbstractBeanFactory.lambda$doGetBean$0(AbstractBeanFactory.java:325)
	at org.springframework.beans.factory.support.DefaultSingletonBeanRegistry.getSingleton(DefaultSingletonBeanRegistry.java:234)
	at org.springframework.beans.factory.support.AbstractBeanFactory.doGetBean(AbstractBeanFactory.java:323)
	at org.springframework.beans.factory.support.AbstractBeanFactory.getBean(AbstractBeanFactory.java:199)
	at org.springframework.beans.factory.config.DependencyDescriptor.resolveCandidate(DependencyDescriptor.java:254)
	at org.springframework.beans.factory.support.DefaultListableBeanFactory.doResolveDependency(DefaultListableBeanFactory.java:1417)
	at org.springframework.beans.factory.support.DefaultListableBeanFactory.resolveDependency(DefaultListableBeanFactory.java:1337)
	at org.springframework.beans.factory.support.ConstructorResolver.resolveAutowiredArgument(ConstructorResolver.java:910)
	at org.springframework.beans.factory.support.ConstructorResolver.createArgumentArray(ConstructorResolver.java:788)
	... 22 common frames omitted
Caused by: org.springframework.beans.BeanInstantiationException: Failed to instantiate [com.corundumstudio.socketio.SocketIOServer]: Factory method 'startSocketIOServer' threw exception with message: Address already in use: bind
	at org.springframework.beans.factory.support.SimpleInstantiationStrategy.instantiate(SimpleInstantiationStrategy.java:171)
	at org.springframework.beans.factory.support.ConstructorResolver.instantiate(ConstructorResolver.java:650)
	... 36 common frames omitted
Caused by: java.net.BindException: Address already in use: bind
	at java.base/sun.nio.ch.Net.bind0(Native Method)
	at java.base/sun.nio.ch.Net.bind(Net.java:556)
	at java.base/sun.nio.ch.ServerSocketChannelImpl.netBind(ServerSocketChannelImpl.java:344)
	at java.base/sun.nio.ch.ServerSocketChannelImpl.bind(ServerSocketChannelImpl.java:301)
	at io.netty.channel.socket.nio.NioServerSocketChannel.doBind(NioServerSocketChannel.java:141)
	at io.netty.channel.AbstractChannel$AbstractUnsafe.bind(AbstractChannel.java:562)
	at io.netty.channel.DefaultChannelPipeline$HeadContext.bind(DefaultChannelPipeline.java:1334)
	at io.netty.channel.AbstractChannelHandlerContext.invokeBind(AbstractChannelHandlerContext.java:600)
	at io.netty.channel.AbstractChannelHandlerContext.bind(AbstractChannelHandlerContext.java:579)
	at io.netty.channel.DefaultChannelPipeline.bind(DefaultChannelPipeline.java:973)
	at io.netty.channel.AbstractChannel.bind(AbstractChannel.java:260)
	at io.netty.bootstrap.AbstractBootstrap$2.run(AbstractBootstrap.java:356)
	at io.netty.util.concurrent.AbstractEventExecutor.runTask(AbstractEventExecutor.java:173)
	at io.netty.util.concurrent.AbstractEventExecutor.safeExecute(AbstractEventExecutor.java:166)
	at io.netty.util.concurrent.SingleThreadEventExecutor.runAllTasks(SingleThreadEventExecutor.java:470)
	at io.netty.channel.nio.NioEventLoop.run(NioEventLoop.java:569)
	at io.netty.util.concurrent.SingleThreadEventExecutor$4.run(SingleThreadEventExecutor.java:997)
	at io.netty.util.internal.ThreadExecutorMap$2.run(ThreadExecutorMap.java:74)
	at io.netty.util.concurrent.FastThreadLocalRunnable.run(FastThreadLocalRunnable.java:30)
	at java.base/java.lang.Thread.run(Thread.java:1623)
2023-12-20 15:13:39,825 INFO o.s.d.r.c.RepositoryConfigurationDelegate [main] Bootstrapping Spring Data JPA repositories in DEFAULT mode.
2023-12-20 15:13:39,892 INFO o.s.d.r.c.RepositoryConfigurationDelegate [main] Finished Spring Data repository scanning in 41 ms. Found 0 JPA repository interfaces.
2023-12-20 15:13:44,976 INFO o.s.b.w.e.t.TomcatWebServer [main] Tomcat initialized with port 8081 (http)
2023-12-20 15:13:45,000 INFO o.a.j.l.DirectJDKLog [main] Initializing ProtocolHandler ["http-nio-8081"]
2023-12-20 15:13:45,006 INFO o.a.j.l.DirectJDKLog [main] Starting service [Tomcat]
2023-12-20 15:13:45,007 INFO o.a.j.l.DirectJDKLog [main] Starting Servlet engine: [Apache Tomcat/10.1.16]
2023-12-20 15:13:45,282 INFO o.a.j.l.DirectJDKLog [main] Initializing Spring embedded WebApplicationContext
2023-12-20 15:13:45,286 INFO o.s.b.w.s.c.ServletWebServerApplicationContext [main] Root WebApplicationContext: initialization completed in 14837 ms
2023-12-20 15:13:48,295 INFO o.h.j.i.u.LogHelper [main] HHH000204: Processing PersistenceUnitInfo [name: default]
2023-12-20 15:13:48,670 INFO o.h.Version [main] HHH000412: Hibernate ORM core version 6.3.1.Final
2023-12-20 15:13:48,833 INFO o.h.c.i.RegionFactoryInitiator [main] HHH000026: Second-level cache disabled
2023-12-20 15:13:49,595 INFO o.s.o.j.p.SpringPersistenceUnitInfo [main] No LoadTimeWeaver setup: ignoring JPA class transformer
2023-12-20 15:13:49,686 INFO c.z.h.HikariDataSource [main] HikariPool-1 - Starting...
2023-12-20 15:13:50,313 INFO c.z.h.p.HikariPool [main] HikariPool-1 - Added connection org.postgresql.jdbc.PgConnection@52a75c12
2023-12-20 15:13:50,320 INFO c.z.h.HikariDataSource [main] HikariPool-1 - Start completed.
2023-12-20 15:13:50,437 WARN o.h.e.j.d.i.DialectFactoryImpl [main] HHH90000025: PostgreSQLDialect does not need to be specified explicitly using 'hibernate.dialect' (remove the property setting and it will be selected by default)
2023-12-20 15:13:53,534 INFO o.h.e.t.j.p.i.JtaPlatformInitiator [main] HHH000489: No JTA platform available (set 'hibernate.transaction.jta.platform' to enable JTA platform integration)
2023-12-20 15:13:53,602 INFO o.s.o.j.AbstractEntityManagerFactoryBean [main] Initialized JPA EntityManagerFactory for persistence unit 'default'
2023-12-20 15:13:54,979 WARN o.s.b.a.o.j.JpaBaseConfiguration$JpaWebConfiguration [main] spring.jpa.open-in-view is enabled by default. Therefore, database queries may be performed during view rendering. Explicitly configure spring.jpa.open-in-view to disable this warning
2023-12-20 15:14:01,102 INFO o.s.b.a.e.w.EndpointLinksResolver [main] Exposing 1 endpoint(s) beneath base path '/actuator'
2023-12-20 15:14:01,286 INFO o.s.s.w.DefaultSecurityFilterChain [main] Will secure any request with [org.springframework.security.web.session.DisableEncodeUrlFilter@2086f336, org.springframework.security.web.context.request.async.WebAsyncManagerIntegrationFilter@19a799cb, org.springframework.security.web.context.SecurityContextHolderFilter@6eaf6ced, org.springframework.security.web.header.HeaderWriterFilter@7a0df38e, org.springframework.web.filter.CorsFilter@4d50f682, org.springframework.security.web.csrf.CsrfFilter@174d5cf7, org.springframework.security.web.authentication.logout.LogoutFilter@65192f16, org.springframework.security.web.authentication.UsernamePasswordAuthenticationFilter@1488d1c, org.springframework.security.web.authentication.ui.DefaultLoginPageGeneratingFilter@30b075b9, org.springframework.security.web.authentication.ui.DefaultLogoutPageGeneratingFilter@3445341, org.springframework.security.web.authentication.www.BasicAuthenticationFilter@3ad80206, org.springframework.security.web.savedrequest.RequestCacheAwareFilter@6109366a, org.springframework.security.web.servletapi.SecurityContextHolderAwareRequestFilter@67201002, org.springframework.security.web.authentication.AnonymousAuthenticationFilter@14cc1f5c, org.springframework.security.web.access.ExceptionTranslationFilter@5b8ba1d2, org.springframework.security.web.access.intercept.AuthorizationFilter@62682ece]
2023-12-20 15:14:04,250 INFO o.a.j.l.DirectJDKLog [main] Starting ProtocolHandler ["http-nio-8081"]
2023-12-20 15:14:04,528 INFO o.s.b.w.e.t.TomcatWebServer [main] Tomcat started on port 8081 (http) with context path '/email-service'
2023-12-20 15:14:04,704 INFO o.a.k.c.c.AbstractConfig [main] ConsumerConfig values: 
	allow.auto.create.topics = true
	auto.commit.interval.ms = 5000
	auto.include.jmx.reporter = true
	auto.offset.reset = earliest
	bootstrap.servers = [localhost:9092]
	check.crcs = true
	client.dns.lookup = use_all_dns_ips
	client.id = consumer-email-1
	client.rack = 
	connections.max.idle.ms = 540000
	default.api.timeout.ms = 60000
	enable.auto.commit = false
	exclude.internal.topics = true
	fetch.max.bytes = 52428800
	fetch.max.wait.ms = 500
	fetch.min.bytes = 1
	group.id = email
	group.instance.id = null
	heartbeat.interval.ms = 3000
	interceptor.classes = []
	internal.leave.group.on.close = true
	internal.throw.on.fetch.stable.offset.unsupported = false
	isolation.level = read_uncommitted
	key.deserializer = class org.apache.kafka.common.serialization.StringDeserializer
	max.partition.fetch.bytes = 1048576
	max.poll.interval.ms = 300000
	max.poll.records = 500
	metadata.max.age.ms = 300000
	metric.reporters = []
	metrics.num.samples = 2
	metrics.recording.level = INFO
	metrics.sample.window.ms = 30000
	partition.assignment.strategy = [class org.apache.kafka.clients.consumer.RangeAssignor, class org.apache.kafka.clients.consumer.CooperativeStickyAssignor]
	receive.buffer.bytes = 65536
	reconnect.backoff.max.ms = 1000
	reconnect.backoff.ms = 50
	request.timeout.ms = 30000
	retry.backoff.ms = 100
	sasl.client.callback.handler.class = null
	sasl.jaas.config = null
	sasl.kerberos.kinit.cmd = /usr/bin/kinit
	sasl.kerberos.min.time.before.relogin = 60000
	sasl.kerberos.service.name = null
	sasl.kerberos.ticket.renew.jitter = 0.05
	sasl.kerberos.ticket.renew.window.factor = 0.8
	sasl.login.callback.handler.class = null
	sasl.login.class = null
	sasl.login.connect.timeout.ms = null
	sasl.login.read.timeout.ms = null
	sasl.login.refresh.buffer.seconds = 300
	sasl.login.refresh.min.period.seconds = 60
	sasl.login.refresh.window.factor = 0.8
	sasl.login.refresh.window.jitter = 0.05
	sasl.login.retry.backoff.max.ms = 10000
	sasl.login.retry.backoff.ms = 100
	sasl.mechanism = GSSAPI
	sasl.oauthbearer.clock.skew.seconds = 30
	sasl.oauthbearer.expected.audience = null
	sasl.oauthbearer.expected.issuer = null
	sasl.oauthbearer.jwks.endpoint.refresh.ms = 3600000
	sasl.oauthbearer.jwks.endpoint.retry.backoff.max.ms = 10000
	sasl.oauthbearer.jwks.endpoint.retry.backoff.ms = 100
	sasl.oauthbearer.jwks.endpoint.url = null
	sasl.oauthbearer.scope.claim.name = scope
	sasl.oauthbearer.sub.claim.name = sub
	sasl.oauthbearer.token.endpoint.url = null
	security.protocol = PLAINTEXT
	security.providers = null
	send.buffer.bytes = 131072
	session.timeout.ms = 45000
	socket.connection.setup.timeout.max.ms = 30000
	socket.connection.setup.timeout.ms = 10000
	ssl.cipher.suites = null
	ssl.enabled.protocols = [TLSv1.2, TLSv1.3]
	ssl.endpoint.identification.algorithm = https
	ssl.engine.factory.class = null
	ssl.key.password = null
	ssl.keymanager.algorithm = SunX509
	ssl.keystore.certificate.chain = null
	ssl.keystore.key = null
	ssl.keystore.location = null
	ssl.keystore.password = null
	ssl.keystore.type = JKS
	ssl.protocol = TLSv1.3
	ssl.provider = null
	ssl.secure.random.implementation = null
	ssl.trustmanager.algorithm = PKIX
	ssl.truststore.certificates = null
	ssl.truststore.location = null
	ssl.truststore.password = null
	ssl.truststore.type = JKS
	value.deserializer = class org.springframework.kafka.support.serializer.JsonDeserializer

2023-12-20 15:14:05,375 INFO o.a.k.c.u.AppInfoParser$AppInfo [main] Kafka version: 3.6.0
2023-12-20 15:14:05,376 INFO o.a.k.c.u.AppInfoParser$AppInfo [main] Kafka commitId: 60e845626d8a465a
2023-12-20 15:14:05,376 INFO o.a.k.c.u.AppInfoParser$AppInfo [main] Kafka startTimeMs: 1703060045370
2023-12-20 15:14:05,419 INFO o.a.k.c.c.KafkaConsumer [main] [Consumer clientId=consumer-email-1, groupId=email] Subscribed to topic(s): email-service
2023-12-20 15:14:05,515 INFO o.s.b.StartupInfoLogger [main] Started EmailServiceApplication in 40.979 seconds (process running for 46.439)
2023-12-20 15:14:07,705 INFO o.a.k.c.Metadata [org.springframework.kafka.KafkaListenerEndpointContainer#0-0-C-1] [Consumer clientId=consumer-email-1, groupId=email] Cluster ID: lBd5YgVyTIK89B5_IAZZrA
2023-12-20 15:14:07,715 INFO o.a.k.c.c.i.AbstractCoordinator$FindCoordinatorResponseHandler [org.springframework.kafka.KafkaListenerEndpointContainer#0-0-C-1] [Consumer clientId=consumer-email-1, groupId=email] Discovered group coordinator DESKTOP-UQ7M8HP:9092 (id: 2147483647 rack: null)
2023-12-20 15:14:07,736 INFO o.a.k.c.c.i.AbstractCoordinator [org.springframework.kafka.KafkaListenerEndpointContainer#0-0-C-1] [Consumer clientId=consumer-email-1, groupId=email] (Re-)joining group
2023-12-20 15:14:07,974 INFO o.a.k.c.c.i.AbstractCoordinator [org.springframework.kafka.KafkaListenerEndpointContainer#0-0-C-1] [Consumer clientId=consumer-email-1, groupId=email] Request joining group due to: need to re-join with the given member-id: consumer-email-1-6b6d0774-f5cf-46b4-9713-e438b0286bcd
2023-12-20 15:14:07,979 INFO o.a.k.c.c.i.AbstractCoordinator [org.springframework.kafka.KafkaListenerEndpointContainer#0-0-C-1] [Consumer clientId=consumer-email-1, groupId=email] Request joining group due to: rebalance failed due to 'The group member needs to have a valid member id before actually entering a consumer group.' (MemberIdRequiredException)
2023-12-20 15:14:07,981 INFO o.a.k.c.c.i.AbstractCoordinator [org.springframework.kafka.KafkaListenerEndpointContainer#0-0-C-1] [Consumer clientId=consumer-email-1, groupId=email] (Re-)joining group
2023-12-20 15:14:08,092 INFO o.a.k.c.c.i.AbstractCoordinator$JoinGroupResponseHandler [org.springframework.kafka.KafkaListenerEndpointContainer#0-0-C-1] [Consumer clientId=consumer-email-1, groupId=email] Successfully joined group with generation Generation{generationId=20, memberId='consumer-email-1-6b6d0774-f5cf-46b4-9713-e438b0286bcd', protocol='range'}
2023-12-20 15:14:08,143 INFO o.a.k.c.c.i.ConsumerCoordinator [org.springframework.kafka.KafkaListenerEndpointContainer#0-0-C-1] [Consumer clientId=consumer-email-1, groupId=email] Finished assignment for group at generation 20: {consumer-email-1-6b6d0774-f5cf-46b4-9713-e438b0286bcd=Assignment(partitions=[email-service-0])}
2023-12-20 15:14:08,685 INFO o.a.k.c.c.i.AbstractCoordinator$SyncGroupResponseHandler [org.springframework.kafka.KafkaListenerEndpointContainer#0-0-C-1] [Consumer clientId=consumer-email-1, groupId=email] Successfully synced group in generation Generation{generationId=20, memberId='consumer-email-1-6b6d0774-f5cf-46b4-9713-e438b0286bcd', protocol='range'}
2023-12-20 15:14:08,690 INFO o.a.k.c.c.i.ConsumerCoordinator [org.springframework.kafka.KafkaListenerEndpointContainer#0-0-C-1] [Consumer clientId=consumer-email-1, groupId=email] Notifying assignor about the new Assignment(partitions=[email-service-0])
2023-12-20 15:14:08,706 INFO o.a.k.c.c.i.ConsumerCoordinator [org.springframework.kafka.KafkaListenerEndpointContainer#0-0-C-1] [Consumer clientId=consumer-email-1, groupId=email] Adding newly assigned partitions: email-service-0
2023-12-20 15:14:08,899 INFO o.a.k.c.c.i.ConsumerCoordinator [org.springframework.kafka.KafkaListenerEndpointContainer#0-0-C-1] [Consumer clientId=consumer-email-1, groupId=email] Setting offset for partition email-service-0 to the committed offset FetchPosition{offset=7, offsetEpoch=Optional.empty, currentLeader=LeaderAndEpoch{leader=Optional[DESKTOP-UQ7M8HP:9092 (id: 0 rack: null)], epoch=0}}
2023-12-20 15:14:08,913 INFO o.s.c.l.LogAccessor [org.springframework.kafka.KafkaListenerEndpointContainer#0-0-C-1] email: partitions assigned: [email-service-0]
2023-12-20 15:14:09,319 INFO c.a.k.EmailService [org.springframework.kafka.KafkaListenerEndpointContainer#0-0-C-1] Email event received in email service => id.achfajar.challenge8.dto.producer.EmailProducerDTO@2395dce9
2023-12-20 15:19:35,841 INFO o.a.k.c.c.i.ConsumerCoordinator [org.springframework.kafka.KafkaListenerEndpointContainer#0-0-C-1] [Consumer clientId=consumer-email-1, groupId=email] Revoke previously assigned partitions email-service-0
2023-12-20 15:19:36,038 INFO o.s.c.l.LogAccessor [org.springframework.kafka.KafkaListenerEndpointContainer#0-0-C-1] email: partitions revoked: [email-service-0]
2023-12-20 15:19:36,047 INFO o.a.k.c.c.i.AbstractCoordinator [org.springframework.kafka.KafkaListenerEndpointContainer#0-0-C-1] [Consumer clientId=consumer-email-1, groupId=email] Member consumer-email-1-6b6d0774-f5cf-46b4-9713-e438b0286bcd sending LeaveGroup request to coordinator DESKTOP-UQ7M8HP:9092 (id: 2147483647 rack: null) due to the consumer unsubscribed from all topics
2023-12-20 15:19:36,059 INFO o.a.k.c.c.i.AbstractCoordinator [org.springframework.kafka.KafkaListenerEndpointContainer#0-0-C-1] [Consumer clientId=consumer-email-1, groupId=email] Resetting generation and member id due to: consumer pro-actively leaving the group
2023-12-20 15:19:36,061 INFO o.a.k.c.c.i.AbstractCoordinator [org.springframework.kafka.KafkaListenerEndpointContainer#0-0-C-1] [Consumer clientId=consumer-email-1, groupId=email] Request joining group due to: consumer pro-actively leaving the group
2023-12-20 15:19:36,062 INFO o.a.k.c.c.KafkaConsumer [org.springframework.kafka.KafkaListenerEndpointContainer#0-0-C-1] [Consumer clientId=consumer-email-1, groupId=email] Unsubscribed all topics or patterns and assigned partitions
2023-12-20 15:19:36,074 INFO o.a.k.c.c.i.AbstractCoordinator [org.springframework.kafka.KafkaListenerEndpointContainer#0-0-C-1] [Consumer clientId=consumer-email-1, groupId=email] Resetting generation and member id due to: consumer pro-actively leaving the group
2023-12-20 15:19:36,077 INFO o.a.k.c.c.i.AbstractCoordinator [org.springframework.kafka.KafkaListenerEndpointContainer#0-0-C-1] [Consumer clientId=consumer-email-1, groupId=email] Request joining group due to: consumer pro-actively leaving the group
2023-12-20 15:19:36,274 INFO o.a.k.c.m.Metrics [org.springframework.kafka.KafkaListenerEndpointContainer#0-0-C-1] Metrics scheduler closed
2023-12-20 15:19:36,275 INFO o.a.k.c.m.Metrics [org.springframework.kafka.KafkaListenerEndpointContainer#0-0-C-1] Closing reporter org.apache.kafka.common.metrics.JmxReporter
2023-12-20 15:19:36,278 INFO o.a.k.c.m.Metrics [org.springframework.kafka.KafkaListenerEndpointContainer#0-0-C-1] Metrics reporters closed
2023-12-20 15:19:36,354 INFO o.a.k.c.u.AppInfoParser [org.springframework.kafka.KafkaListenerEndpointContainer#0-0-C-1] App info kafka.consumer for consumer-email-1 unregistered
2023-12-20 15:19:36,361 INFO o.s.c.l.LogAccessor [org.springframework.kafka.KafkaListenerEndpointContainer#0-0-C-1] email: Consumer stopped
2023-12-20 15:19:36,532 INFO o.s.o.j.AbstractEntityManagerFactoryBean [SpringApplicationShutdownHook] Closing JPA EntityManagerFactory for persistence unit 'default'
2023-12-20 15:19:36,559 INFO c.z.h.HikariDataSource [SpringApplicationShutdownHook] HikariPool-1 - Shutdown initiated...
2023-12-20 15:19:36,702 INFO c.z.h.HikariDataSource [SpringApplicationShutdownHook] HikariPool-1 - Shutdown completed.
2023-12-20 15:19:46,393 INFO o.s.b.StartupInfoLogger [restartedMain] Starting ChallengeApplication using Java 20.0.1 with PID 316 (C:\Users\FAJAR\Downloads\Belajar Java\Challenge_7\BinarFudMain\target\classes started by FAJAR in C:\Users\FAJAR\Downloads\Belajar Java\Challenge_7)
2023-12-20 15:19:46,397 INFO o.s.b.SpringApplication [restartedMain] No active profile set, falling back to 1 default profile: "default"
2023-12-20 15:19:49,082 INFO o.s.d.r.c.RepositoryConfigurationDelegate [restartedMain] Bootstrapping Spring Data JPA repositories in DEFAULT mode.
2023-12-20 15:19:49,272 INFO o.s.d.r.c.RepositoryConfigurationDelegate [restartedMain] Finished Spring Data repository scanning in 188 ms. Found 6 JPA repository interfaces.
2023-12-20 15:19:50,306 INFO o.s.b.w.e.t.TomcatWebServer [restartedMain] Tomcat initialized with port(s): 8080 (http)
2023-12-20 15:19:50,309 INFO o.a.j.l.DirectJDKLog [restartedMain] Initializing ProtocolHandler ["http-nio-8080"]
2023-12-20 15:19:50,311 INFO o.a.j.l.DirectJDKLog [restartedMain] Starting service [Tomcat]
2023-12-20 15:19:50,312 INFO o.a.j.l.DirectJDKLog [restartedMain] Starting Servlet engine: [Apache Tomcat/10.1.15]
2023-12-20 15:19:52,722 INFO o.a.j.l.DirectJDKLog [restartedMain] Initializing Spring embedded WebApplicationContext
2023-12-20 15:19:52,724 INFO o.s.b.w.s.c.ServletWebServerApplicationContext [restartedMain] Root WebApplicationContext: initialization completed in 6295 ms
2023-12-20 15:19:52,995 INFO o.h.j.i.u.LogHelper [restartedMain] HHH000204: Processing PersistenceUnitInfo [name: default]
2023-12-20 15:19:53,051 INFO o.s.o.j.p.SpringPersistenceUnitInfo [restartedMain] No LoadTimeWeaver setup: ignoring JPA class transformer
2023-12-20 15:19:53,054 INFO c.z.h.HikariDataSource [restartedMain] HikariPool-3 - Starting...
2023-12-20 15:19:53,206 INFO c.z.h.p.HikariPool [restartedMain] HikariPool-3 - Added connection org.postgresql.jdbc.PgConnection@2a71d38d
2023-12-20 15:19:53,208 INFO c.z.h.HikariDataSource [restartedMain] HikariPool-3 - Start completed.
2023-12-20 15:19:53,232 WARN o.h.e.j.d.i.DialectFactoryImpl [restartedMain] HHH90000025: PostgreSQLDialect does not need to be specified explicitly using 'hibernate.dialect' (remove the property setting and it will be selected by default)
2023-12-20 15:19:54,180 INFO o.h.e.t.j.p.i.JtaPlatformInitiator [restartedMain] HHH000489: No JTA platform available (set 'hibernate.transaction.jta.platform' to enable JTA platform integration)
2023-12-20 15:19:54,695 INFO o.s.o.j.AbstractEntityManagerFactoryBean [restartedMain] Initialized JPA EntityManagerFactory for persistence unit 'default'
2023-12-20 15:19:55,275 INFO o.h.v.i.u.Version [background-preinit] HV000001: Hibernate Validator 8.0.1.Final
2023-12-20 15:19:55,421 INFO o.s.b.StartupInfoLogger [main] Starting EmailServiceApplication using Java 20.0.1 with PID 5152 (C:\Users\FAJAR\Downloads\Belajar Java\Challenge_7\EmailService\target\classes started by FAJAR in C:\Users\FAJAR\Downloads\Belajar Java\Challenge_7)
2023-12-20 15:19:55,426 INFO o.s.b.SpringApplication [main] No active profile set, falling back to 1 default profile: "default"
2023-12-20 15:19:58,581 ERROR i.n.u.ResourceLeakDetector [restartedMain] LEAK: HashedWheelTimer.release() was not called before it's garbage-collected. See https://netty.io/wiki/reference-counted-objects.html for more information.
Recent access records: 
Created at:
	io.netty.util.HashedWheelTimer.<init>(HashedWheelTimer.java:312)
	io.netty.util.HashedWheelTimer.<init>(HashedWheelTimer.java:251)
	io.netty.util.HashedWheelTimer.<init>(HashedWheelTimer.java:224)
	io.netty.util.HashedWheelTimer.<init>(HashedWheelTimer.java:203)
	io.netty.util.HashedWheelTimer.<init>(HashedWheelTimer.java:185)
	io.netty.util.HashedWheelTimer.<init>(HashedWheelTimer.java:169)
	io.netty.util.HashedWheelTimer.<init>(HashedWheelTimer.java:128)
	com.corundumstudio.socketio.scheduler.HashedWheelTimeoutScheduler.<init>(HashedWheelTimeoutScheduler.java:45)
	com.corundumstudio.socketio.SocketIOChannelInitializer.<init>(SocketIOChannelInitializer.java:90)
	com.corundumstudio.socketio.SocketIOServer.<init>(SocketIOServer.java:54)
	id.achfajar.challenge8.config.SocketIOConfiguration.startSocketIOServer(SocketIOConfiguration.java:36)
	java.base/jdk.internal.reflect.DirectMethodHandleAccessor.invoke(DirectMethodHandleAccessor.java:104)
	java.base/java.lang.reflect.Method.invoke(Method.java:578)
	org.springframework.beans.factory.support.SimpleInstantiationStrategy.instantiate(SimpleInstantiationStrategy.java:139)
	org.springframework.beans.factory.support.ConstructorResolver.instantiate(ConstructorResolver.java:650)
	org.springframework.beans.factory.support.ConstructorResolver.instantiateUsingFactoryMethod(ConstructorResolver.java:488)
	org.springframework.beans.factory.support.AbstractAutowireCapableBeanFactory.instantiateUsingFactoryMethod(AbstractAutowireCapableBeanFactory.java:1332)
	org.springframework.beans.factory.support.AbstractAutowireCapableBeanFactory.createBeanInstance(AbstractAutowireCapableBeanFactory.java:1162)
	org.springframework.beans.factory.support.AbstractAutowireCapableBeanFactory.doCreateBean(AbstractAutowireCapableBeanFactory.java:560)
	org.springframework.beans.factory.support.AbstractAutowireCapableBeanFactory.createBean(AbstractAutowireCapableBeanFactory.java:520)
	org.springframework.beans.factory.support.AbstractBeanFactory.lambda$doGetBean$0(AbstractBeanFactory.java:325)
	org.springframework.beans.factory.support.DefaultSingletonBeanRegistry.getSingleton(DefaultSingletonBeanRegistry.java:234)
	org.springframework.beans.factory.support.AbstractBeanFactory.doGetBean(AbstractBeanFactory.java:323)
	org.springframework.beans.factory.support.AbstractBeanFactory.getBean(AbstractBeanFactory.java:199)
	org.springframework.beans.factory.config.DependencyDescriptor.resolveCandidate(DependencyDescriptor.java:254)
	org.springframework.beans.factory.support.DefaultListableBeanFactory.doResolveDependency(DefaultListableBeanFactory.java:1417)
	org.springframework.beans.factory.support.DefaultListableBeanFactory.resolveDependency(DefaultListableBeanFactory.java:1337)
	org.springframework.beans.factory.support.ConstructorResolver.resolveAutowiredArgument(ConstructorResolver.java:910)
	org.springframework.beans.factory.support.ConstructorResolver.createArgumentArray(ConstructorResolver.java:788)
	org.springframework.beans.factory.support.ConstructorResolver.autowireConstructor(ConstructorResolver.java:240)
	org.springframework.beans.factory.support.AbstractAutowireCapableBeanFactory.autowireConstructor(AbstractAutowireCapableBeanFactory.java:1352)
	org.springframework.beans.factory.support.AbstractAutowireCapableBeanFactory.createBeanInstance(AbstractAutowireCapableBeanFactory.java:1189)
	org.springframework.beans.factory.support.AbstractAutowireCapableBeanFactory.doCreateBean(AbstractAutowireCapableBeanFactory.java:560)
	org.springframework.beans.factory.support.AbstractAutowireCapableBeanFactory.createBean(AbstractAutowireCapableBeanFactory.java:520)
	org.springframework.beans.factory.support.AbstractBeanFactory.lambda$doGetBean$0(AbstractBeanFactory.java:325)
	org.springframework.beans.factory.support.DefaultSingletonBeanRegistry.getSingleton(DefaultSingletonBeanRegistry.java:234)
	org.springframework.beans.factory.support.AbstractBeanFactory.doGetBean(AbstractBeanFactory.java:323)
	org.springframework.beans.factory.support.AbstractBeanFactory.getBean(AbstractBeanFactory.java:199)
	org.springframework.beans.factory.support.DefaultListableBeanFactory.preInstantiateSingletons(DefaultListableBeanFactory.java:973)
	org.springframework.context.support.AbstractApplicationContext.finishBeanFactoryInitialization(AbstractApplicationContext.java:950)
	org.springframework.context.support.AbstractApplicationContext.refresh(AbstractApplicationContext.java:616)
	org.springframework.boot.web.servlet.context.ServletWebServerApplicationContext.refresh(ServletWebServerApplicationContext.java:146)
	org.springframework.boot.SpringApplication.refresh(SpringApplication.java:738)
	org.springframework.boot.SpringApplication.refreshContext(SpringApplication.java:440)
	org.springframework.boot.SpringApplication.run(SpringApplication.java:316)
	org.springframework.boot.SpringApplication.run(SpringApplication.java:1306)
	org.springframework.boot.SpringApplication.run(SpringApplication.java:1295)
	id.achfajar.challenge8.ChallengeApplication.main(ChallengeApplication.java:10)
	java.base/jdk.internal.reflect.DirectMethodHandleAccessor.invoke(DirectMethodHandleAccessor.java:104)
	java.base/java.lang.reflect.Method.invoke(Method.java:578)
	org.springframework.boot.devtools.restart.RestartLauncher.run(RestartLauncher.java:50)
2023-12-20 15:19:58,621 INFO c.c.s.SocketIOServer [restartedMain] Session store / pubsub factory used: MemoryStoreFactory (local session store only)
2023-12-20 15:19:59,498 INFO c.c.s.SocketIOServer$1 [nioEventLoopGroup-10-1] SocketIO server started at port: 8088
2023-12-20 15:19:59,777 WARN o.s.b.a.o.j.JpaBaseConfiguration$JpaWebConfiguration [restartedMain] spring.jpa.open-in-view is enabled by default. Therefore, database queries may be performed during view rendering. Explicitly configure spring.jpa.open-in-view to disable this warning
2023-12-20 15:20:00,398 INFO o.s.s.w.DefaultSecurityFilterChain [restartedMain] Will secure any request with [org.springframework.security.web.session.DisableEncodeUrlFilter@1aa2fb2f, org.springframework.security.web.context.request.async.WebAsyncManagerIntegrationFilter@21a1e1f8, org.springframework.security.web.context.SecurityContextHolderFilter@8de07aa, org.springframework.security.web.header.HeaderWriterFilter@2ddef5b5, org.springframework.security.web.authentication.logout.LogoutFilter@2a891b49, org.springframework.security.oauth2.client.web.OAuth2AuthorizationRequestRedirectFilter@5080277e, org.springframework.security.oauth2.client.web.OAuth2LoginAuthenticationFilter@6405b0e8, id.achfajar.challenge8.security.jwt.AuthTokenFilter@1d2071e7, org.springframework.security.web.authentication.UsernamePasswordAuthenticationFilter@32b12132, org.springframework.security.web.authentication.ui.DefaultLoginPageGeneratingFilter@7c497829, org.springframework.security.web.authentication.ui.DefaultLogoutPageGeneratingFilter@704b8965, org.springframework.security.web.savedrequest.RequestCacheAwareFilter@4bdcb523, org.springframework.security.web.servletapi.SecurityContextHolderAwareRequestFilter@117582b0, org.springframework.security.web.authentication.AnonymousAuthenticationFilter@3980f574, org.springframework.security.web.session.SessionManagementFilter@2799591e, org.springframework.security.web.access.ExceptionTranslationFilter@50526270, org.springframework.security.web.access.intercept.AuthorizationFilter@20ebd659]
2023-12-20 15:20:01,790 INFO o.s.b.d.a.OptionalLiveReloadServer [restartedMain] LiveReload server is running on port 35729
2023-12-20 15:20:01,869 INFO o.a.k.c.c.AbstractConfig [restartedMain] AdminClientConfig values: 
	auto.include.jmx.reporter = true
	bootstrap.servers = [localhost:9092]
	client.dns.lookup = use_all_dns_ips
	client.id = 
	connections.max.idle.ms = 300000
	default.api.timeout.ms = 60000
	metadata.max.age.ms = 300000
	metric.reporters = []
	metrics.num.samples = 2
	metrics.recording.level = INFO
	metrics.sample.window.ms = 30000
	receive.buffer.bytes = 65536
	reconnect.backoff.max.ms = 1000
	reconnect.backoff.ms = 50
	request.timeout.ms = 30000
	retries = 2147483647
	retry.backoff.ms = 100
	sasl.client.callback.handler.class = null
	sasl.jaas.config = null
	sasl.kerberos.kinit.cmd = /usr/bin/kinit
	sasl.kerberos.min.time.before.relogin = 60000
	sasl.kerberos.service.name = null
	sasl.kerberos.ticket.renew.jitter = 0.05
	sasl.kerberos.ticket.renew.window.factor = 0.8
	sasl.login.callback.handler.class = null
	sasl.login.class = null
	sasl.login.connect.timeout.ms = null
	sasl.login.read.timeout.ms = null
	sasl.login.refresh.buffer.seconds = 300
	sasl.login.refresh.min.period.seconds = 60
	sasl.login.refresh.window.factor = 0.8
	sasl.login.refresh.window.jitter = 0.05
	sasl.login.retry.backoff.max.ms = 10000
	sasl.login.retry.backoff.ms = 100
	sasl.mechanism = GSSAPI
	sasl.oauthbearer.clock.skew.seconds = 30
	sasl.oauthbearer.expected.audience = null
	sasl.oauthbearer.expected.issuer = null
	sasl.oauthbearer.jwks.endpoint.refresh.ms = 3600000
	sasl.oauthbearer.jwks.endpoint.retry.backoff.max.ms = 10000
	sasl.oauthbearer.jwks.endpoint.retry.backoff.ms = 100
	sasl.oauthbearer.jwks.endpoint.url = null
	sasl.oauthbearer.scope.claim.name = scope
	sasl.oauthbearer.sub.claim.name = sub
	sasl.oauthbearer.token.endpoint.url = null
	security.protocol = PLAINTEXT
	security.providers = null
	send.buffer.bytes = 131072
	socket.connection.setup.timeout.max.ms = 30000
	socket.connection.setup.timeout.ms = 10000
	ssl.cipher.suites = null
	ssl.enabled.protocols = [TLSv1.2, TLSv1.3]
	ssl.endpoint.identification.algorithm = https
	ssl.engine.factory.class = null
	ssl.key.password = null
	ssl.keymanager.algorithm = SunX509
	ssl.keystore.certificate.chain = null
	ssl.keystore.key = null
	ssl.keystore.location = null
	ssl.keystore.password = null
	ssl.keystore.type = JKS
	ssl.protocol = TLSv1.3
	ssl.provider = null
	ssl.secure.random.implementation = null
	ssl.trustmanager.algorithm = PKIX
	ssl.truststore.certificates = null
	ssl.truststore.location = null
	ssl.truststore.password = null
	ssl.truststore.type = JKS

2023-12-20 15:20:01,950 INFO o.a.k.c.u.AppInfoParser$AppInfo [restartedMain] Kafka version: 3.4.1
2023-12-20 15:20:01,951 INFO o.a.k.c.u.AppInfoParser$AppInfo [restartedMain] Kafka commitId: 8a516edc2755df89
2023-12-20 15:20:01,954 INFO o.a.k.c.u.AppInfoParser$AppInfo [restartedMain] Kafka startTimeMs: 1703060401950
2023-12-20 15:20:02,059 INFO o.a.k.c.u.AppInfoParser [kafka-admin-client-thread | adminclient-2] App info kafka.admin.client for adminclient-2 unregistered
2023-12-20 15:20:02,181 INFO o.a.k.c.m.Metrics [kafka-admin-client-thread | adminclient-2] Metrics scheduler closed
2023-12-20 15:20:02,183 INFO o.a.k.c.m.Metrics [kafka-admin-client-thread | adminclient-2] Closing reporter org.apache.kafka.common.metrics.JmxReporter
2023-12-20 15:20:02,184 INFO o.a.k.c.m.Metrics [kafka-admin-client-thread | adminclient-2] Metrics reporters closed
2023-12-20 15:20:02,195 INFO o.a.j.l.DirectJDKLog [restartedMain] Starting ProtocolHandler ["http-nio-8080"]
2023-12-20 15:20:02,233 INFO o.s.b.w.e.t.TomcatWebServer [restartedMain] Tomcat started on port(s): 8080 (http) with context path ''
2023-12-20 15:20:02,309 INFO o.s.b.StartupInfoLogger [restartedMain] Started ChallengeApplication in 16.246 seconds (process running for 933.799)
2023-12-20 15:20:02,325 INFO o.s.b.d.a.ConditionEvaluationDeltaLoggingListener [restartedMain] Condition evaluation unchanged
2023-12-20 15:20:04,223 INFO o.s.d.r.c.RepositoryConfigurationDelegate [main] Bootstrapping Spring Data JPA repositories in DEFAULT mode.
2023-12-20 15:20:04,307 INFO o.s.d.r.c.RepositoryConfigurationDelegate [main] Finished Spring Data repository scanning in 41 ms. Found 0 JPA repository interfaces.
2023-12-20 15:20:09,994 INFO o.s.b.w.e.t.TomcatWebServer [main] Tomcat initialized with port 8081 (http)
2023-12-20 15:20:10,020 INFO o.a.j.l.DirectJDKLog [main] Initializing ProtocolHandler ["http-nio-8081"]
2023-12-20 15:20:10,028 INFO o.a.j.l.DirectJDKLog [main] Starting service [Tomcat]
2023-12-20 15:20:10,029 INFO o.a.j.l.DirectJDKLog [main] Starting Servlet engine: [Apache Tomcat/10.1.16]
2023-12-20 15:20:10,641 INFO o.a.j.l.DirectJDKLog [main] Initializing Spring embedded WebApplicationContext
2023-12-20 15:20:10,654 INFO o.s.b.w.s.c.ServletWebServerApplicationContext [main] Root WebApplicationContext: initialization completed in 14630 ms
2023-12-20 15:20:13,861 INFO o.h.j.i.u.LogHelper [main] HHH000204: Processing PersistenceUnitInfo [name: default]
2023-12-20 15:20:14,129 INFO o.h.Version [main] HHH000412: Hibernate ORM core version 6.3.1.Final
2023-12-20 15:20:14,302 INFO o.h.c.i.RegionFactoryInitiator [main] HHH000026: Second-level cache disabled
2023-12-20 15:20:15,324 INFO o.s.o.j.p.SpringPersistenceUnitInfo [main] No LoadTimeWeaver setup: ignoring JPA class transformer
2023-12-20 15:20:15,432 INFO c.z.h.HikariDataSource [main] HikariPool-1 - Starting...
2023-12-20 15:20:16,881 INFO c.z.h.p.HikariPool [main] HikariPool-1 - Added connection org.postgresql.jdbc.PgConnection@6cb662e8
2023-12-20 15:20:16,893 INFO c.z.h.HikariDataSource [main] HikariPool-1 - Start completed.
2023-12-20 15:20:17,304 WARN o.h.e.j.d.i.DialectFactoryImpl [main] HHH90000025: PostgreSQLDialect does not need to be specified explicitly using 'hibernate.dialect' (remove the property setting and it will be selected by default)
2023-12-20 15:20:20,220 INFO o.h.e.t.j.p.i.JtaPlatformInitiator [main] HHH000489: No JTA platform available (set 'hibernate.transaction.jta.platform' to enable JTA platform integration)
2023-12-20 15:20:20,243 INFO o.s.o.j.AbstractEntityManagerFactoryBean [main] Initialized JPA EntityManagerFactory for persistence unit 'default'
2023-12-20 15:20:22,893 WARN o.s.b.a.o.j.JpaBaseConfiguration$JpaWebConfiguration [main] spring.jpa.open-in-view is enabled by default. Therefore, database queries may be performed during view rendering. Explicitly configure spring.jpa.open-in-view to disable this warning
2023-12-20 15:20:29,995 INFO o.s.b.a.e.w.EndpointLinksResolver [main] Exposing 1 endpoint(s) beneath base path '/actuator'
2023-12-20 15:20:30,150 INFO o.s.s.w.DefaultSecurityFilterChain [main] Will secure any request with [org.springframework.security.web.session.DisableEncodeUrlFilter@22decfa2, org.springframework.security.web.context.request.async.WebAsyncManagerIntegrationFilter@3aae9e8f, org.springframework.security.web.context.SecurityContextHolderFilter@7a0df38e, org.springframework.security.web.header.HeaderWriterFilter@5b8ba1d2, org.springframework.web.filter.CorsFilter@2086f336, org.springframework.security.web.csrf.CsrfFilter@159314ca, org.springframework.security.web.authentication.logout.LogoutFilter@15c8b75c, org.springframework.security.web.authentication.UsernamePasswordAuthenticationFilter@51158fb1, org.springframework.security.web.authentication.ui.DefaultLoginPageGeneratingFilter@1f39b3ba, org.springframework.security.web.authentication.ui.DefaultLogoutPageGeneratingFilter@19a799cb, org.springframework.security.web.authentication.www.BasicAuthenticationFilter@5dabe7c8, org.springframework.security.web.savedrequest.RequestCacheAwareFilter@5ac35b17, org.springframework.security.web.servletapi.SecurityContextHolderAwareRequestFilter@3f7d73e3, org.springframework.security.web.authentication.AnonymousAuthenticationFilter@4d50f682, org.springframework.security.web.access.ExceptionTranslationFilter@27ada0e8, org.springframework.security.web.access.intercept.AuthorizationFilter@c0b10ae]
2023-12-20 15:20:32,743 INFO o.a.j.l.DirectJDKLog [main] Starting ProtocolHandler ["http-nio-8081"]
2023-12-20 15:20:33,454 INFO o.s.b.w.e.t.TomcatWebServer [main] Tomcat started on port 8081 (http) with context path '/email-service'
2023-12-20 15:20:33,727 INFO o.a.k.c.c.AbstractConfig [main] ConsumerConfig values: 
	allow.auto.create.topics = true
	auto.commit.interval.ms = 5000
	auto.include.jmx.reporter = true
	auto.offset.reset = earliest
	bootstrap.servers = [localhost:9092]
	check.crcs = true
	client.dns.lookup = use_all_dns_ips
	client.id = consumer-email-1
	client.rack = 
	connections.max.idle.ms = 540000
	default.api.timeout.ms = 60000
	enable.auto.commit = false
	exclude.internal.topics = true
	fetch.max.bytes = 52428800
	fetch.max.wait.ms = 500
	fetch.min.bytes = 1
	group.id = email
	group.instance.id = null
	heartbeat.interval.ms = 3000
	interceptor.classes = []
	internal.leave.group.on.close = true
	internal.throw.on.fetch.stable.offset.unsupported = false
	isolation.level = read_uncommitted
	key.deserializer = class org.apache.kafka.common.serialization.StringDeserializer
	max.partition.fetch.bytes = 1048576
	max.poll.interval.ms = 300000
	max.poll.records = 500
	metadata.max.age.ms = 300000
	metric.reporters = []
	metrics.num.samples = 2
	metrics.recording.level = INFO
	metrics.sample.window.ms = 30000
	partition.assignment.strategy = [class org.apache.kafka.clients.consumer.RangeAssignor, class org.apache.kafka.clients.consumer.CooperativeStickyAssignor]
	receive.buffer.bytes = 65536
	reconnect.backoff.max.ms = 1000
	reconnect.backoff.ms = 50
	request.timeout.ms = 30000
	retry.backoff.ms = 100
	sasl.client.callback.handler.class = null
	sasl.jaas.config = null
	sasl.kerberos.kinit.cmd = /usr/bin/kinit
	sasl.kerberos.min.time.before.relogin = 60000
	sasl.kerberos.service.name = null
	sasl.kerberos.ticket.renew.jitter = 0.05
	sasl.kerberos.ticket.renew.window.factor = 0.8
	sasl.login.callback.handler.class = null
	sasl.login.class = null
	sasl.login.connect.timeout.ms = null
	sasl.login.read.timeout.ms = null
	sasl.login.refresh.buffer.seconds = 300
	sasl.login.refresh.min.period.seconds = 60
	sasl.login.refresh.window.factor = 0.8
	sasl.login.refresh.window.jitter = 0.05
	sasl.login.retry.backoff.max.ms = 10000
	sasl.login.retry.backoff.ms = 100
	sasl.mechanism = GSSAPI
	sasl.oauthbearer.clock.skew.seconds = 30
	sasl.oauthbearer.expected.audience = null
	sasl.oauthbearer.expected.issuer = null
	sasl.oauthbearer.jwks.endpoint.refresh.ms = 3600000
	sasl.oauthbearer.jwks.endpoint.retry.backoff.max.ms = 10000
	sasl.oauthbearer.jwks.endpoint.retry.backoff.ms = 100
	sasl.oauthbearer.jwks.endpoint.url = null
	sasl.oauthbearer.scope.claim.name = scope
	sasl.oauthbearer.sub.claim.name = sub
	sasl.oauthbearer.token.endpoint.url = null
	security.protocol = PLAINTEXT
	security.providers = null
	send.buffer.bytes = 131072
	session.timeout.ms = 45000
	socket.connection.setup.timeout.max.ms = 30000
	socket.connection.setup.timeout.ms = 10000
	ssl.cipher.suites = null
	ssl.enabled.protocols = [TLSv1.2, TLSv1.3]
	ssl.endpoint.identification.algorithm = https
	ssl.engine.factory.class = null
	ssl.key.password = null
	ssl.keymanager.algorithm = SunX509
	ssl.keystore.certificate.chain = null
	ssl.keystore.key = null
	ssl.keystore.location = null
	ssl.keystore.password = null
	ssl.keystore.type = JKS
	ssl.protocol = TLSv1.3
	ssl.provider = null
	ssl.secure.random.implementation = null
	ssl.trustmanager.algorithm = PKIX
	ssl.truststore.certificates = null
	ssl.truststore.location = null
	ssl.truststore.password = null
	ssl.truststore.type = JKS
	value.deserializer = class org.springframework.kafka.support.serializer.JsonDeserializer

2023-12-20 15:20:34,460 INFO o.a.k.c.u.AppInfoParser$AppInfo [main] Kafka version: 3.6.0
2023-12-20 15:20:34,461 INFO o.a.k.c.u.AppInfoParser$AppInfo [main] Kafka commitId: 60e845626d8a465a
2023-12-20 15:20:34,462 INFO o.a.k.c.u.AppInfoParser$AppInfo [main] Kafka startTimeMs: 1703060434455
2023-12-20 15:20:34,507 INFO o.a.k.c.c.KafkaConsumer [main] [Consumer clientId=consumer-email-1, groupId=email] Subscribed to topic(s): email-service
2023-12-20 15:20:34,621 INFO o.s.b.StartupInfoLogger [main] Started EmailServiceApplication in 43.855 seconds (process running for 46.503)
2023-12-20 15:20:35,174 INFO o.a.j.l.DirectJDKLog [http-nio-8080-exec-1] Initializing Spring DispatcherServlet 'dispatcherServlet'
2023-12-20 15:20:35,208 INFO o.s.w.s.FrameworkServlet [http-nio-8080-exec-1] Initializing Servlet 'dispatcherServlet'
2023-12-20 15:20:35,267 INFO o.s.w.s.FrameworkServlet [http-nio-8080-exec-1] Completed initialization in 2 ms
2023-12-20 15:20:35,385 ERROR i.a.c.s.j.AuthTokenFilter [http-nio-8080-exec-1] Invalid or missing Authorization header
2023-12-20 15:20:35,634 WARN o.s.w.s.m.m.a.ResponseEntityExceptionHandler [http-nio-8080-exec-1] Request method 'GET' is not supported
2023-12-20 15:20:37,475 ERROR i.a.c.s.j.AuthTokenFilter [http-nio-8080-exec-2] Invalid or missing Authorization header
2023-12-20 15:20:37,576 WARN o.s.w.s.m.m.a.ResponseEntityExceptionHandler [http-nio-8080-exec-2] Request method 'GET' is not supported
2023-12-20 15:20:38,441 INFO o.a.k.c.Metadata [org.springframework.kafka.KafkaListenerEndpointContainer#0-0-C-1] [Consumer clientId=consumer-email-1, groupId=email] Cluster ID: lBd5YgVyTIK89B5_IAZZrA
2023-12-20 15:20:38,451 INFO o.a.k.c.c.i.AbstractCoordinator$FindCoordinatorResponseHandler [org.springframework.kafka.KafkaListenerEndpointContainer#0-0-C-1] [Consumer clientId=consumer-email-1, groupId=email] Discovered group coordinator DESKTOP-UQ7M8HP:9092 (id: 2147483647 rack: null)
2023-12-20 15:20:38,470 INFO o.a.k.c.c.i.AbstractCoordinator [org.springframework.kafka.KafkaListenerEndpointContainer#0-0-C-1] [Consumer clientId=consumer-email-1, groupId=email] (Re-)joining group
2023-12-20 15:20:38,572 INFO o.a.k.c.c.i.AbstractCoordinator [org.springframework.kafka.KafkaListenerEndpointContainer#0-0-C-1] [Consumer clientId=consumer-email-1, groupId=email] Request joining group due to: need to re-join with the given member-id: consumer-email-1-1580047b-6226-4dfd-9b31-b6f4bd6b617c
2023-12-20 15:20:38,575 INFO o.a.k.c.c.i.AbstractCoordinator [org.springframework.kafka.KafkaListenerEndpointContainer#0-0-C-1] [Consumer clientId=consumer-email-1, groupId=email] Request joining group due to: rebalance failed due to 'The group member needs to have a valid member id before actually entering a consumer group.' (MemberIdRequiredException)
2023-12-20 15:20:38,576 INFO o.a.k.c.c.i.AbstractCoordinator [org.springframework.kafka.KafkaListenerEndpointContainer#0-0-C-1] [Consumer clientId=consumer-email-1, groupId=email] (Re-)joining group
2023-12-20 15:20:38,591 INFO o.a.k.c.c.i.AbstractCoordinator$JoinGroupResponseHandler [org.springframework.kafka.KafkaListenerEndpointContainer#0-0-C-1] [Consumer clientId=consumer-email-1, groupId=email] Successfully joined group with generation Generation{generationId=22, memberId='consumer-email-1-1580047b-6226-4dfd-9b31-b6f4bd6b617c', protocol='range'}
2023-12-20 15:20:38,638 INFO o.a.k.c.c.i.ConsumerCoordinator [org.springframework.kafka.KafkaListenerEndpointContainer#0-0-C-1] [Consumer clientId=consumer-email-1, groupId=email] Finished assignment for group at generation 22: {consumer-email-1-1580047b-6226-4dfd-9b31-b6f4bd6b617c=Assignment(partitions=[email-service-0])}
2023-12-20 15:20:38,678 INFO o.a.k.c.c.i.AbstractCoordinator$SyncGroupResponseHandler [org.springframework.kafka.KafkaListenerEndpointContainer#0-0-C-1] [Consumer clientId=consumer-email-1, groupId=email] Successfully synced group in generation Generation{generationId=22, memberId='consumer-email-1-1580047b-6226-4dfd-9b31-b6f4bd6b617c', protocol='range'}
2023-12-20 15:20:38,685 INFO o.a.k.c.c.i.ConsumerCoordinator [org.springframework.kafka.KafkaListenerEndpointContainer#0-0-C-1] [Consumer clientId=consumer-email-1, groupId=email] Notifying assignor about the new Assignment(partitions=[email-service-0])
2023-12-20 15:20:38,703 INFO o.a.k.c.c.i.ConsumerCoordinator [org.springframework.kafka.KafkaListenerEndpointContainer#0-0-C-1] [Consumer clientId=consumer-email-1, groupId=email] Adding newly assigned partitions: email-service-0
2023-12-20 15:20:38,779 INFO o.a.k.c.c.i.ConsumerCoordinator [org.springframework.kafka.KafkaListenerEndpointContainer#0-0-C-1] [Consumer clientId=consumer-email-1, groupId=email] Setting offset for partition email-service-0 to the committed offset FetchPosition{offset=8, offsetEpoch=Optional.empty, currentLeader=LeaderAndEpoch{leader=Optional[DESKTOP-UQ7M8HP:9092 (id: 0 rack: null)], epoch=0}}
2023-12-20 15:20:38,894 INFO o.s.c.l.LogAccessor [org.springframework.kafka.KafkaListenerEndpointContainer#0-0-C-1] email: partitions assigned: [email-service-0]
2023-12-20 15:20:42,681 ERROR i.a.c.s.j.AuthTokenFilter [http-nio-8080-exec-4] Invalid or missing Authorization header
2023-12-20 15:20:42,702 WARN o.s.w.s.m.m.a.ResponseEntityExceptionHandler [http-nio-8080-exec-4] Request method 'GET' is not supported
2023-12-20 15:20:44,949 INFO c.c.s.SocketIOServer [SpringApplicationShutdownHook] Session store / pubsub factory used: MemoryStoreFactory (local session store only)
2023-12-20 15:20:45,044 WARN o.s.b.f.a.InitDestroyAnnotationBeanPostProcessor [SpringApplicationShutdownHook] Destroy method on bean with name 'socketIOConfiguration' threw an exception: java.net.BindException: Address already in use: bind
2023-12-20 15:20:45,044 ERROR c.c.s.SocketIOServer$1 [nioEventLoopGroup-12-1] SocketIO server start failed at port: 8088!
2023-12-20 15:20:45,047 INFO o.s.o.j.AbstractEntityManagerFactoryBean [SpringApplicationShutdownHook] Closing JPA EntityManagerFactory for persistence unit 'default'
2023-12-20 15:20:45,050 INFO c.z.h.HikariDataSource [SpringApplicationShutdownHook] HikariPool-3 - Shutdown initiated...
2023-12-20 15:20:45,062 INFO c.z.h.HikariDataSource [SpringApplicationShutdownHook] HikariPool-3 - Shutdown completed.
2023-12-20 15:20:54,574 INFO o.h.v.i.u.Version [background-preinit] HV000001: Hibernate Validator 8.0.1.Final
2023-12-20 15:20:55,188 INFO o.s.b.StartupInfoLogger [restartedMain] Starting ChallengeApplication using Java 20.0.1 with PID 10436 (C:\Users\FAJAR\Downloads\Belajar Java\Challenge_7\BinarFudMain\target\classes started by FAJAR in C:\Users\FAJAR\Downloads\Belajar Java\Challenge_7)
2023-12-20 15:20:55,208 INFO o.s.b.SpringApplication [restartedMain] No active profile set, falling back to 1 default profile: "default"
2023-12-20 15:20:55,640 INFO o.s.b.l.DeferredLog [restartedMain] Devtools property defaults active! Set 'spring.devtools.add-properties' to 'false' to disable
2023-12-20 15:20:55,641 INFO o.s.b.l.DeferredLog [restartedMain] For additional web related logging consider setting the 'logging.level.web' property to 'DEBUG'
2023-12-20 15:21:01,362 INFO o.s.d.r.c.RepositoryConfigurationDelegate [restartedMain] Bootstrapping Spring Data JPA repositories in DEFAULT mode.
2023-12-20 15:21:01,789 INFO o.s.d.r.c.RepositoryConfigurationDelegate [restartedMain] Finished Spring Data repository scanning in 385 ms. Found 6 JPA repository interfaces.
2023-12-20 15:21:08,278 INFO o.s.b.w.e.t.TomcatWebServer [restartedMain] Tomcat initialized with port(s): 8080 (http)
2023-12-20 15:21:08,346 INFO o.a.j.l.DirectJDKLog [restartedMain] Initializing ProtocolHandler ["http-nio-8080"]
2023-12-20 15:21:08,356 INFO o.a.j.l.DirectJDKLog [restartedMain] Starting service [Tomcat]
2023-12-20 15:21:08,357 INFO o.a.j.l.DirectJDKLog [restartedMain] Starting Servlet engine: [Apache Tomcat/10.1.15]
2023-12-20 15:21:09,023 INFO o.a.j.l.DirectJDKLog [restartedMain] Initializing Spring embedded WebApplicationContext
2023-12-20 15:21:09,029 INFO o.s.b.w.s.c.ServletWebServerApplicationContext [restartedMain] Root WebApplicationContext: initialization completed in 13383 ms
2023-12-20 15:21:09,851 INFO o.h.j.i.u.LogHelper [restartedMain] HHH000204: Processing PersistenceUnitInfo [name: default]
2023-12-20 15:21:10,488 INFO o.h.Version [restartedMain] HHH000412: Hibernate ORM core version 6.2.13.Final
2023-12-20 15:21:10,510 INFO o.h.c.Environment [restartedMain] HHH000406: Using bytecode reflection optimizer
2023-12-20 15:21:12,441 INFO o.s.o.j.p.SpringPersistenceUnitInfo [restartedMain] No LoadTimeWeaver setup: ignoring JPA class transformer
2023-12-20 15:21:12,525 INFO c.z.h.HikariDataSource [restartedMain] HikariPool-1 - Starting...
2023-12-20 15:21:13,341 INFO c.z.h.p.HikariPool [restartedMain] HikariPool-1 - Added connection org.postgresql.jdbc.PgConnection@1e2fb73a
2023-12-20 15:21:13,369 INFO c.z.h.HikariDataSource [restartedMain] HikariPool-1 - Start completed.
2023-12-20 15:21:13,493 WARN o.h.e.j.d.i.DialectFactoryImpl [restartedMain] HHH90000025: PostgreSQLDialect does not need to be specified explicitly using 'hibernate.dialect' (remove the property setting and it will be selected by default)
2023-12-20 15:21:20,028 INFO o.h.e.t.j.p.i.JtaPlatformInitiator [restartedMain] HHH000489: No JTA platform available (set 'hibernate.transaction.jta.platform' to enable JTA platform integration)
2023-12-20 15:21:20,358 INFO o.s.o.j.AbstractEntityManagerFactoryBean [restartedMain] Initialized JPA EntityManagerFactory for persistence unit 'default'
2023-12-20 15:21:24,355 INFO o.s.d.j.r.q.QueryEnhancerFactory [restartedMain] Hibernate is in classpath; If applicable, HQL parser will be used.
2023-12-20 15:21:28,737 INFO c.c.s.SocketIOServer [restartedMain] Session store / pubsub factory used: MemoryStoreFactory (local session store only)
2023-12-20 15:21:29,310 INFO c.c.s.SocketIOServer$1 [nioEventLoopGroup-2-1] SocketIO server started at port: 8088
2023-12-20 15:21:29,635 WARN o.s.b.a.o.j.JpaBaseConfiguration$JpaWebConfiguration [restartedMain] spring.jpa.open-in-view is enabled by default. Therefore, database queries may be performed during view rendering. Explicitly configure spring.jpa.open-in-view to disable this warning
2023-12-20 15:21:30,964 INFO o.s.s.w.DefaultSecurityFilterChain [restartedMain] Will secure any request with [org.springframework.security.web.session.DisableEncodeUrlFilter@2fe3d9ec, org.springframework.security.web.context.request.async.WebAsyncManagerIntegrationFilter@257ba881, org.springframework.security.web.context.SecurityContextHolderFilter@1fa7c3ae, org.springframework.security.web.header.HeaderWriterFilter@2c0e4c19, org.springframework.security.web.authentication.logout.LogoutFilter@76ee9a29, org.springframework.security.oauth2.client.web.OAuth2AuthorizationRequestRedirectFilter@2c6a0cb6, org.springframework.security.oauth2.client.web.OAuth2LoginAuthenticationFilter@24e5def7, id.achfajar.challenge8.security.jwt.AuthTokenFilter@680e3bae, org.springframework.security.web.authentication.UsernamePasswordAuthenticationFilter@73e8a334, org.springframework.security.web.authentication.ui.DefaultLoginPageGeneratingFilter@4412b932, org.springframework.security.web.authentication.ui.DefaultLogoutPageGeneratingFilter@6dea0b71, org.springframework.security.web.savedrequest.RequestCacheAwareFilter@78207da8, org.springframework.security.web.servletapi.SecurityContextHolderAwareRequestFilter@5a22acde, org.springframework.security.web.authentication.AnonymousAuthenticationFilter@3dae4298, org.springframework.security.web.session.SessionManagementFilter@717461c, org.springframework.security.web.access.ExceptionTranslationFilter@387bad56, org.springframework.security.web.access.intercept.AuthorizationFilter@4b455aa3]
2023-12-20 15:21:32,999 INFO o.s.b.d.a.OptionalLiveReloadServer [restartedMain] LiveReload server is running on port 35729
2023-12-20 15:21:33,189 INFO o.a.k.c.c.AbstractConfig [restartedMain] AdminClientConfig values: 
	auto.include.jmx.reporter = true
	bootstrap.servers = [localhost:9092]
	client.dns.lookup = use_all_dns_ips
	client.id = 
	connections.max.idle.ms = 300000
	default.api.timeout.ms = 60000
	metadata.max.age.ms = 300000
	metric.reporters = []
	metrics.num.samples = 2
	metrics.recording.level = INFO
	metrics.sample.window.ms = 30000
	receive.buffer.bytes = 65536
	reconnect.backoff.max.ms = 1000
	reconnect.backoff.ms = 50
	request.timeout.ms = 30000
	retries = 2147483647
	retry.backoff.ms = 100
	sasl.client.callback.handler.class = null
	sasl.jaas.config = null
	sasl.kerberos.kinit.cmd = /usr/bin/kinit
	sasl.kerberos.min.time.before.relogin = 60000
	sasl.kerberos.service.name = null
	sasl.kerberos.ticket.renew.jitter = 0.05
	sasl.kerberos.ticket.renew.window.factor = 0.8
	sasl.login.callback.handler.class = null
	sasl.login.class = null
	sasl.login.connect.timeout.ms = null
	sasl.login.read.timeout.ms = null
	sasl.login.refresh.buffer.seconds = 300
	sasl.login.refresh.min.period.seconds = 60
	sasl.login.refresh.window.factor = 0.8
	sasl.login.refresh.window.jitter = 0.05
	sasl.login.retry.backoff.max.ms = 10000
	sasl.login.retry.backoff.ms = 100
	sasl.mechanism = GSSAPI
	sasl.oauthbearer.clock.skew.seconds = 30
	sasl.oauthbearer.expected.audience = null
	sasl.oauthbearer.expected.issuer = null
	sasl.oauthbearer.jwks.endpoint.refresh.ms = 3600000
	sasl.oauthbearer.jwks.endpoint.retry.backoff.max.ms = 10000
	sasl.oauthbearer.jwks.endpoint.retry.backoff.ms = 100
	sasl.oauthbearer.jwks.endpoint.url = null
	sasl.oauthbearer.scope.claim.name = scope
	sasl.oauthbearer.sub.claim.name = sub
	sasl.oauthbearer.token.endpoint.url = null
	security.protocol = PLAINTEXT
	security.providers = null
	send.buffer.bytes = 131072
	socket.connection.setup.timeout.max.ms = 30000
	socket.connection.setup.timeout.ms = 10000
	ssl.cipher.suites = null
	ssl.enabled.protocols = [TLSv1.2, TLSv1.3]
	ssl.endpoint.identification.algorithm = https
	ssl.engine.factory.class = null
	ssl.key.password = null
	ssl.keymanager.algorithm = SunX509
	ssl.keystore.certificate.chain = null
	ssl.keystore.key = null
	ssl.keystore.location = null
	ssl.keystore.password = null
	ssl.keystore.type = JKS
	ssl.protocol = TLSv1.3
	ssl.provider = null
	ssl.secure.random.implementation = null
	ssl.trustmanager.algorithm = PKIX
	ssl.truststore.certificates = null
	ssl.truststore.location = null
	ssl.truststore.password = null
	ssl.truststore.type = JKS

2023-12-20 15:21:34,249 INFO o.a.k.c.u.AppInfoParser$AppInfo [restartedMain] Kafka version: 3.4.1
2023-12-20 15:21:34,251 INFO o.a.k.c.u.AppInfoParser$AppInfo [restartedMain] Kafka commitId: 8a516edc2755df89
2023-12-20 15:21:34,253 INFO o.a.k.c.u.AppInfoParser$AppInfo [restartedMain] Kafka startTimeMs: 1703060494243
2023-12-20 15:21:35,643 INFO o.a.k.c.u.AppInfoParser [kafka-admin-client-thread | adminclient-1] App info kafka.admin.client for adminclient-1 unregistered
2023-12-20 15:21:35,653 INFO o.a.k.c.m.Metrics [kafka-admin-client-thread | adminclient-1] Metrics scheduler closed
2023-12-20 15:21:35,654 INFO o.a.k.c.m.Metrics [kafka-admin-client-thread | adminclient-1] Closing reporter org.apache.kafka.common.metrics.JmxReporter
2023-12-20 15:21:35,654 INFO o.a.k.c.m.Metrics [kafka-admin-client-thread | adminclient-1] Metrics reporters closed
2023-12-20 15:21:35,662 INFO o.a.j.l.DirectJDKLog [restartedMain] Starting ProtocolHandler ["http-nio-8080"]
2023-12-20 15:21:35,684 INFO o.s.b.w.e.t.TomcatWebServer [restartedMain] Tomcat started on port(s): 8080 (http) with context path ''
2023-12-20 15:21:35,715 INFO o.s.b.StartupInfoLogger [restartedMain] Started ChallengeApplication in 44.083 seconds (process running for 47.879)
2023-12-20 15:21:56,884 INFO o.a.j.l.DirectJDKLog [http-nio-8080-exec-1] Initializing Spring DispatcherServlet 'dispatcherServlet'
2023-12-20 15:21:56,885 INFO o.s.w.s.FrameworkServlet [http-nio-8080-exec-1] Initializing Servlet 'dispatcherServlet'
2023-12-20 15:21:56,890 INFO o.s.w.s.FrameworkServlet [http-nio-8080-exec-1] Completed initialization in 2 ms
2023-12-20 15:21:56,926 ERROR i.a.c.s.j.AuthTokenFilter [http-nio-8080-exec-1] Invalid or missing Authorization header
2023-12-20 15:21:57,048 WARN o.s.w.s.m.m.a.ResponseEntityExceptionHandler [http-nio-8080-exec-1] Request method 'GET' is not supported
2023-12-20 15:21:58,332 ERROR i.a.c.s.j.AuthTokenFilter [http-nio-8080-exec-2] Invalid or missing Authorization header
2023-12-20 15:21:58,352 WARN o.s.w.s.m.m.a.ResponseEntityExceptionHandler [http-nio-8080-exec-2] Request method 'GET' is not supported
2023-12-20 15:22:03,425 ERROR i.a.c.s.j.AuthTokenFilter [http-nio-8080-exec-5] Invalid or missing Authorization header
2023-12-20 15:22:03,456 WARN o.s.w.s.m.m.a.ResponseEntityExceptionHandler [http-nio-8080-exec-5] Request method 'GET' is not supported
2023-12-20 15:22:33,555 ERROR i.a.c.s.j.AuthTokenFilter [http-nio-8080-exec-8] Invalid or missing Authorization header
2023-12-20 15:22:33,572 WARN o.s.w.s.m.m.a.ResponseEntityExceptionHandler [http-nio-8080-exec-8] Request method 'GET' is not supported
2023-12-20 15:23:33,650 ERROR i.a.c.s.j.AuthTokenFilter [http-nio-8080-exec-1] Invalid or missing Authorization header
2023-12-20 15:23:33,677 WARN o.s.w.s.m.m.a.ResponseEntityExceptionHandler [http-nio-8080-exec-1] Request method 'GET' is not supported
2023-12-20 15:27:57,746 ERROR i.a.c.s.j.AuthTokenFilter [http-nio-8080-exec-4] Invalid or missing Authorization header
2023-12-20 15:27:57,770 WARN o.s.w.s.m.m.a.ResponseEntityExceptionHandler [http-nio-8080-exec-4] Request method 'GET' is not supported
2023-12-20 15:27:58,855 ERROR i.a.c.s.j.AuthTokenFilter [http-nio-8080-exec-5] Invalid or missing Authorization header
2023-12-20 15:27:58,872 WARN o.s.w.s.m.m.a.ResponseEntityExceptionHandler [http-nio-8080-exec-5] Request method 'GET' is not supported
2023-12-20 15:27:59,960 ERROR i.a.c.s.j.AuthTokenFilter [http-nio-8080-exec-6] Invalid or missing Authorization header
2023-12-20 15:27:59,970 WARN o.s.w.s.m.m.a.ResponseEntityExceptionHandler [http-nio-8080-exec-6] Request method 'GET' is not supported
2023-12-20 15:28:32,185 INFO c.c.s.SocketIOServer [SpringApplicationShutdownHook] Session store / pubsub factory used: MemoryStoreFactory (local session store only)
2023-12-20 15:28:32,297 ERROR c.c.s.SocketIOServer$1 [nioEventLoopGroup-4-1] SocketIO server start failed at port: 8088!
2023-12-20 15:28:32,298 WARN o.s.b.f.a.InitDestroyAnnotationBeanPostProcessor [SpringApplicationShutdownHook] Destroy method on bean with name 'socketIOConfiguration' threw an exception: java.net.BindException: Address already in use: bind
2023-12-20 15:28:32,302 INFO o.s.o.j.AbstractEntityManagerFactoryBean [SpringApplicationShutdownHook] Closing JPA EntityManagerFactory for persistence unit 'default'
2023-12-20 15:28:32,311 INFO c.z.h.HikariDataSource [SpringApplicationShutdownHook] HikariPool-1 - Shutdown initiated...
2023-12-20 15:28:32,347 INFO c.z.h.HikariDataSource [SpringApplicationShutdownHook] HikariPool-1 - Shutdown completed.
