2023-12-21 23:43:06,221 INFO i.a.c.c.InitializatorConfig [restartedMain] Firebase application has been initialized
2023-12-21 23:43:09,939 INFO o.s.d.j.r.q.QueryEnhancerFactory [restartedMain] Hibernate is in classpath; If applicable, HQL parser will be used.
2023-12-21 23:43:22,116 INFO c.c.s.SocketIOServer [restartedMain] Session store / pubsub factory used: MemoryStoreFactory (local session store only)
2023-12-21 23:43:23,634 INFO c.c.s.SocketIOServer$1 [nioEventLoopGroup-2-1] SocketIO server started at port: 8088
2023-12-21 23:43:24,799 WARN o.s.b.a.o.j.JpaBaseConfiguration$JpaWebConfiguration [restartedMain] spring.jpa.open-in-view is enabled by default. Therefore, database queries may be performed during view rendering. Explicitly configure spring.jpa.open-in-view to disable this warning
2023-12-21 23:43:29,112 INFO o.s.s.w.DefaultSecurityFilterChain [restartedMain] Will secure any request with [org.springframework.security.web.session.DisableEncodeUrlFilter@67e0af32, org.springframework.security.web.context.request.async.WebAsyncManagerIntegrationFilter@408e198, org.springframework.security.web.context.SecurityContextHolderFilter@4fe9141f, org.springframework.security.web.header.HeaderWriterFilter@5d24e1db, org.springframework.security.web.authentication.logout.LogoutFilter@8338e65, org.springframework.security.oauth2.client.web.OAuth2AuthorizationRequestRedirectFilter@48d74d7d, org.springframework.security.oauth2.client.web.OAuth2LoginAuthenticationFilter@5e87a18f, id.achfajar.challenge8.security.jwt.AuthTokenFilter@238e1921, org.springframework.security.web.authentication.UsernamePasswordAuthenticationFilter@1cd3aadd, org.springframework.security.web.authentication.ui.DefaultLoginPageGeneratingFilter@2004fcec, org.springframework.security.web.authentication.ui.DefaultLogoutPageGeneratingFilter@194926e1, org.springframework.security.web.savedrequest.RequestCacheAwareFilter@362732f8, org.springframework.security.web.servletapi.SecurityContextHolderAwareRequestFilter@90ad30d, org.springframework.security.web.authentication.AnonymousAuthenticationFilter@792575db, org.springframework.security.web.session.SessionManagementFilter@5e0cb22c, org.springframework.security.web.access.ExceptionTranslationFilter@42f0b92c, org.springframework.security.web.access.intercept.AuthorizationFilter@4bd5249a]
2023-12-21 23:43:38,875 INFO o.s.b.d.a.OptionalLiveReloadServer [restartedMain] LiveReload server is running on port 35729
2023-12-21 23:43:39,092 INFO o.a.k.c.c.AbstractConfig [restartedMain] AdminClientConfig values: 
	auto.include.jmx.reporter = true
	bootstrap.servers = [localhost:9092]
	client.dns.lookup = use_all_dns_ips
	client.id = 
	connections.max.idle.ms = 300000
	default.api.timeout.ms = 60000
	metadata.max.age.ms = 300000
	metric.reporters = []
	metrics.num.samples = 2
	metrics.recording.level = INFO
	metrics.sample.window.ms = 30000
	receive.buffer.bytes = 65536
	reconnect.backoff.max.ms = 1000
	reconnect.backoff.ms = 50
	request.timeout.ms = 30000
	retries = 2147483647
	retry.backoff.ms = 100
	sasl.client.callback.handler.class = null
	sasl.jaas.config = null
	sasl.kerberos.kinit.cmd = /usr/bin/kinit
	sasl.kerberos.min.time.before.relogin = 60000
	sasl.kerberos.service.name = null
	sasl.kerberos.ticket.renew.jitter = 0.05
	sasl.kerberos.ticket.renew.window.factor = 0.8
	sasl.login.callback.handler.class = null
	sasl.login.class = null
	sasl.login.connect.timeout.ms = null
	sasl.login.read.timeout.ms = null
	sasl.login.refresh.buffer.seconds = 300
	sasl.login.refresh.min.period.seconds = 60
	sasl.login.refresh.window.factor = 0.8
	sasl.login.refresh.window.jitter = 0.05
	sasl.login.retry.backoff.max.ms = 10000
	sasl.login.retry.backoff.ms = 100
	sasl.mechanism = GSSAPI
	sasl.oauthbearer.clock.skew.seconds = 30
	sasl.oauthbearer.expected.audience = null
	sasl.oauthbearer.expected.issuer = null
	sasl.oauthbearer.jwks.endpoint.refresh.ms = 3600000
	sasl.oauthbearer.jwks.endpoint.retry.backoff.max.ms = 10000
	sasl.oauthbearer.jwks.endpoint.retry.backoff.ms = 100
	sasl.oauthbearer.jwks.endpoint.url = null
	sasl.oauthbearer.scope.claim.name = scope
	sasl.oauthbearer.sub.claim.name = sub
	sasl.oauthbearer.token.endpoint.url = null
	security.protocol = PLAINTEXT
	security.providers = null
	send.buffer.bytes = 131072
	socket.connection.setup.timeout.max.ms = 30000
	socket.connection.setup.timeout.ms = 10000
	ssl.cipher.suites = null
	ssl.enabled.protocols = [TLSv1.2, TLSv1.3]
	ssl.endpoint.identification.algorithm = https
	ssl.engine.factory.class = null
	ssl.key.password = null
	ssl.keymanager.algorithm = SunX509
	ssl.keystore.certificate.chain = null
	ssl.keystore.key = null
	ssl.keystore.location = null
	ssl.keystore.password = null
	ssl.keystore.type = JKS
	ssl.protocol = TLSv1.3
	ssl.provider = null
	ssl.secure.random.implementation = null
	ssl.trustmanager.algorithm = PKIX
	ssl.truststore.certificates = null
	ssl.truststore.location = null
	ssl.truststore.password = null
	ssl.truststore.type = JKS

2023-12-21 23:43:40,659 INFO o.a.k.c.u.AppInfoParser$AppInfo [restartedMain] Kafka version: 3.4.1
2023-12-21 23:43:40,660 INFO o.a.k.c.u.AppInfoParser$AppInfo [restartedMain] Kafka commitId: 8a516edc2755df89
2023-12-21 23:43:40,662 INFO o.a.k.c.u.AppInfoParser$AppInfo [restartedMain] Kafka startTimeMs: 1703177020654
2023-12-21 23:43:40,735 INFO o.a.k.c.NetworkClient [kafka-admin-client-thread | adminclient-1] [AdminClient clientId=adminclient-1] Node -1 disconnected.
2023-12-21 23:43:40,747 WARN o.a.k.c.NetworkClient [kafka-admin-client-thread | adminclient-1] [AdminClient clientId=adminclient-1] Connection to node -1 (localhost/127.0.0.1:9092) could not be established. Broker may not be available.
2023-12-21 23:43:40,887 INFO o.a.k.c.NetworkClient [kafka-admin-client-thread | adminclient-1] [AdminClient clientId=adminclient-1] Node -1 disconnected.
2023-12-21 23:43:40,890 WARN o.a.k.c.NetworkClient [kafka-admin-client-thread | adminclient-1] [AdminClient clientId=adminclient-1] Connection to node -1 (localhost/127.0.0.1:9092) could not be established. Broker may not be available.
2023-12-21 23:43:41,007 INFO o.a.k.c.NetworkClient [kafka-admin-client-thread | adminclient-1] [AdminClient clientId=adminclient-1] Node -1 disconnected.
2023-12-21 23:43:41,008 WARN o.a.k.c.NetworkClient [kafka-admin-client-thread | adminclient-1] [AdminClient clientId=adminclient-1] Connection to node -1 (localhost/127.0.0.1:9092) could not be established. Broker may not be available.
2023-12-21 23:43:41,227 INFO o.a.k.c.NetworkClient [kafka-admin-client-thread | adminclient-1] [AdminClient clientId=adminclient-1] Node -1 disconnected.
2023-12-21 23:43:41,229 WARN o.a.k.c.NetworkClient [kafka-admin-client-thread | adminclient-1] [AdminClient clientId=adminclient-1] Connection to node -1 (localhost/127.0.0.1:9092) could not be established. Broker may not be available.
2023-12-21 23:43:41,777 INFO o.a.k.c.NetworkClient [kafka-admin-client-thread | adminclient-1] [AdminClient clientId=adminclient-1] Node -1 disconnected.
2023-12-21 23:43:41,780 WARN o.a.k.c.NetworkClient [kafka-admin-client-thread | adminclient-1] [AdminClient clientId=adminclient-1] Connection to node -1 (localhost/127.0.0.1:9092) could not be established. Broker may not be available.
2023-12-21 23:43:42,447 INFO o.a.k.c.NetworkClient [kafka-admin-client-thread | adminclient-1] [AdminClient clientId=adminclient-1] Node -1 disconnected.
2023-12-21 23:43:42,449 WARN o.a.k.c.NetworkClient [kafka-admin-client-thread | adminclient-1] [AdminClient clientId=adminclient-1] Connection to node -1 (localhost/127.0.0.1:9092) could not be established. Broker may not be available.
2023-12-21 23:43:43,702 INFO o.a.k.c.NetworkClient [kafka-admin-client-thread | adminclient-1] [AdminClient clientId=adminclient-1] Node -1 disconnected.
2023-12-21 23:43:43,704 WARN o.a.k.c.NetworkClient [kafka-admin-client-thread | adminclient-1] [AdminClient clientId=adminclient-1] Connection to node -1 (localhost/127.0.0.1:9092) could not be established. Broker may not be available.
2023-12-21 23:43:44,823 INFO o.a.k.c.NetworkClient [kafka-admin-client-thread | adminclient-1] [AdminClient clientId=adminclient-1] Node -1 disconnected.
2023-12-21 23:43:44,834 WARN o.a.k.c.NetworkClient [kafka-admin-client-thread | adminclient-1] [AdminClient clientId=adminclient-1] Connection to node -1 (localhost/127.0.0.1:9092) could not be established. Broker may not be available.
2023-12-21 23:43:45,858 INFO o.a.k.c.NetworkClient [kafka-admin-client-thread | adminclient-1] [AdminClient clientId=adminclient-1] Node -1 disconnected.
2023-12-21 23:43:45,859 WARN o.a.k.c.NetworkClient [kafka-admin-client-thread | adminclient-1] [AdminClient clientId=adminclient-1] Connection to node -1 (localhost/127.0.0.1:9092) could not be established. Broker may not be available.
2023-12-21 23:43:47,044 INFO o.a.k.c.NetworkClient [kafka-admin-client-thread | adminclient-1] [AdminClient clientId=adminclient-1] Node -1 disconnected.
2023-12-21 23:43:47,046 WARN o.a.k.c.NetworkClient [kafka-admin-client-thread | adminclient-1] [AdminClient clientId=adminclient-1] Connection to node -1 (localhost/127.0.0.1:9092) could not be established. Broker may not be available.
2023-12-21 23:43:48,081 INFO o.a.k.c.NetworkClient [kafka-admin-client-thread | adminclient-1] [AdminClient clientId=adminclient-1] Node -1 disconnected.
2023-12-21 23:43:48,084 WARN o.a.k.c.NetworkClient [kafka-admin-client-thread | adminclient-1] [AdminClient clientId=adminclient-1] Connection to node -1 (localhost/127.0.0.1:9092) could not be established. Broker may not be available.
2023-12-21 23:43:49,283 INFO o.a.k.c.NetworkClient [kafka-admin-client-thread | adminclient-1] [AdminClient clientId=adminclient-1] Node -1 disconnected.
2023-12-21 23:43:49,287 WARN o.a.k.c.NetworkClient [kafka-admin-client-thread | adminclient-1] [AdminClient clientId=adminclient-1] Connection to node -1 (localhost/127.0.0.1:9092) could not be established. Broker may not be available.
2023-12-21 23:43:50,404 INFO o.a.k.c.NetworkClient [kafka-admin-client-thread | adminclient-1] [AdminClient clientId=adminclient-1] Node -1 disconnected.
2023-12-21 23:43:50,405 WARN o.a.k.c.NetworkClient [kafka-admin-client-thread | adminclient-1] [AdminClient clientId=adminclient-1] Connection to node -1 (localhost/127.0.0.1:9092) could not be established. Broker may not be available.
2023-12-21 23:43:51,310 INFO o.a.k.c.NetworkClient [kafka-admin-client-thread | adminclient-1] [AdminClient clientId=adminclient-1] Node -1 disconnected.
2023-12-21 23:43:51,311 WARN o.a.k.c.NetworkClient [kafka-admin-client-thread | adminclient-1] [AdminClient clientId=adminclient-1] Connection to node -1 (localhost/127.0.0.1:9092) could not be established. Broker may not be available.
2023-12-21 23:43:52,417 INFO o.a.k.c.NetworkClient [kafka-admin-client-thread | adminclient-1] [AdminClient clientId=adminclient-1] Node -1 disconnected.
2023-12-21 23:43:52,420 WARN o.a.k.c.NetworkClient [kafka-admin-client-thread | adminclient-1] [AdminClient clientId=adminclient-1] Connection to node -1 (localhost/127.0.0.1:9092) could not be established. Broker may not be available.
2023-12-21 23:43:53,534 INFO o.a.k.c.NetworkClient [kafka-admin-client-thread | adminclient-1] [AdminClient clientId=adminclient-1] Node -1 disconnected.
2023-12-21 23:43:53,537 WARN o.a.k.c.NetworkClient [kafka-admin-client-thread | adminclient-1] [AdminClient clientId=adminclient-1] Connection to node -1 (localhost/127.0.0.1:9092) could not be established. Broker may not be available.
2023-12-21 23:43:54,643 INFO o.a.k.c.NetworkClient [kafka-admin-client-thread | adminclient-1] [AdminClient clientId=adminclient-1] Node -1 disconnected.
2023-12-21 23:43:54,645 WARN o.a.k.c.NetworkClient [kafka-admin-client-thread | adminclient-1] [AdminClient clientId=adminclient-1] Connection to node -1 (localhost/127.0.0.1:9092) could not be established. Broker may not be available.
2023-12-21 23:43:55,633 INFO o.a.k.c.NetworkClient [kafka-admin-client-thread | adminclient-1] [AdminClient clientId=adminclient-1] Node -1 disconnected.
2023-12-21 23:43:55,634 WARN o.a.k.c.NetworkClient [kafka-admin-client-thread | adminclient-1] [AdminClient clientId=adminclient-1] Connection to node -1 (localhost/127.0.0.1:9092) could not be established. Broker may not be available.
2023-12-21 23:43:56,738 INFO o.a.k.c.NetworkClient [kafka-admin-client-thread | adminclient-1] [AdminClient clientId=adminclient-1] Node -1 disconnected.
2023-12-21 23:43:56,739 WARN o.a.k.c.NetworkClient [kafka-admin-client-thread | adminclient-1] [AdminClient clientId=adminclient-1] Connection to node -1 (localhost/127.0.0.1:9092) could not be established. Broker may not be available.
2023-12-21 23:43:57,837 INFO o.a.k.c.NetworkClient [kafka-admin-client-thread | adminclient-1] [AdminClient clientId=adminclient-1] Node -1 disconnected.
2023-12-21 23:43:57,839 WARN o.a.k.c.NetworkClient [kafka-admin-client-thread | adminclient-1] [AdminClient clientId=adminclient-1] Connection to node -1 (localhost/127.0.0.1:9092) could not be established. Broker may not be available.
2023-12-21 23:43:58,832 INFO o.a.k.c.NetworkClient [kafka-admin-client-thread | adminclient-1] [AdminClient clientId=adminclient-1] Node -1 disconnected.
2023-12-21 23:43:58,834 WARN o.a.k.c.NetworkClient [kafka-admin-client-thread | adminclient-1] [AdminClient clientId=adminclient-1] Connection to node -1 (localhost/127.0.0.1:9092) could not be established. Broker may not be available.
2023-12-21 23:43:59,963 INFO o.a.k.c.NetworkClient [kafka-admin-client-thread | adminclient-1] [AdminClient clientId=adminclient-1] Node -1 disconnected.
2023-12-21 23:43:59,964 WARN o.a.k.c.NetworkClient [kafka-admin-client-thread | adminclient-1] [AdminClient clientId=adminclient-1] Connection to node -1 (localhost/127.0.0.1:9092) could not be established. Broker may not be available.
