2023-11-04 08:43:00,247 INFO o.s.d.r.c.RepositoryConfigurationDelegate [restartedMain] Bootstrapping Spring Data JPA repositories in DEFAULT mode.
2023-11-04 08:43:00,500 INFO o.s.d.r.c.RepositoryConfigurationDelegate [restartedMain] Finished Spring Data repository scanning in 222 ms. Found 3 JPA repository interfaces.
2023-11-04 08:43:04,001 INFO o.s.b.w.e.t.TomcatWebServer [restartedMain] Tomcat initialized with port(s): 8080 (http)
2023-11-04 08:43:04,024 INFO o.a.j.l.DirectJDKLog [restartedMain] Initializing ProtocolHandler ["http-nio-8080"]
2023-11-04 08:43:04,033 INFO o.a.j.l.DirectJDKLog [restartedMain] Starting service [Tomcat]
2023-11-04 08:43:04,035 INFO o.a.j.l.DirectJDKLog [restartedMain] Starting Servlet engine: [Apache Tomcat/10.1.15]
2023-11-04 08:43:04,191 INFO o.a.j.l.DirectJDKLog [restartedMain] Initializing Spring embedded WebApplicationContext
2023-11-04 08:43:04,195 INFO o.s.b.w.s.c.ServletWebServerApplicationContext [restartedMain] Root WebApplicationContext: initialization completed in 5864 ms
2023-11-04 08:43:04,672 INFO o.h.j.i.u.LogHelper [restartedMain] HHH000204: Processing PersistenceUnitInfo [name: default]
2023-11-04 08:43:04,848 INFO o.h.Version [restartedMain] HHH000412: Hibernate ORM core version 6.2.13.Final
2023-11-04 08:43:04,855 INFO o.h.c.Environment [restartedMain] HHH000406: Using bytecode reflection optimizer
2023-11-04 08:43:05,653 INFO o.s.o.j.p.SpringPersistenceUnitInfo [restartedMain] No LoadTimeWeaver setup: ignoring JPA class transformer
2023-11-04 08:43:05,722 INFO c.z.h.HikariDataSource [restartedMain] HikariPool-1 - Starting...
2023-11-04 08:43:06,999 INFO c.z.h.p.HikariPool [restartedMain] HikariPool-1 - Added connection org.postgresql.jdbc.PgConnection@2f8c28fa
2023-11-04 08:43:07,008 INFO c.z.h.HikariDataSource [restartedMain] HikariPool-1 - Start completed.
2023-11-04 08:43:07,198 WARN o.h.e.j.d.i.DialectFactoryImpl [restartedMain] HHH90000025: PostgreSQLDialect does not need to be specified explicitly using 'hibernate.dialect' (remove the property setting and it will be selected by default)
2023-11-04 08:43:10,518 INFO o.h.e.t.j.p.i.JtaPlatformInitiator [restartedMain] HHH000489: No JTA platform available (set 'hibernate.transaction.jta.platform' to enable JTA platform integration)
2023-11-04 08:43:10,775 INFO o.s.o.j.AbstractEntityManagerFactoryBean [restartedMain] Initialized JPA EntityManagerFactory for persistence unit 'default'
2023-11-04 08:43:12,543 INFO o.s.d.j.r.q.QueryEnhancerFactory [restartedMain] Hibernate is in classpath; If applicable, HQL parser will be used.
2023-11-04 08:43:14,489 WARN o.s.b.a.o.j.JpaBaseConfiguration$JpaWebConfiguration [restartedMain] spring.jpa.open-in-view is enabled by default. Therefore, database queries may be performed during view rendering. Explicitly configure spring.jpa.open-in-view to disable this warning
2023-11-04 08:43:15,283 INFO o.s.b.d.a.OptionalLiveReloadServer [restartedMain] LiveReload server is running on port 35729
2023-11-04 08:43:15,308 INFO o.a.j.l.DirectJDKLog [restartedMain] Starting ProtocolHandler ["http-nio-8080"]
2023-11-04 08:43:15,345 INFO o.s.b.w.e.t.TomcatWebServer [restartedMain] Tomcat started on port(s): 8080 (http) with context path ''
2023-11-04 08:43:15,375 INFO o.s.b.StartupInfoLogger [restartedMain] Started ChallengeApplication in 18.898 seconds (process running for 20.56)
