2023-12-20 12:22:31,045 INFO o.h.v.i.u.Version [background-preinit] HV000001: Hibernate Validator 8.0.1.Final
2023-12-20 12:22:31,375 INFO o.s.b.StartupInfoLogger [main] Starting EmailServiceApplication using Java 20.0.1 with PID 10672 (C:\Users\FAJAR\Downloads\Belajar Java\Challenge_7\EmailService\target\classes started by FAJAR in C:\Users\FAJAR\Downloads\Belajar Java\Challenge_7)
2023-12-20 12:22:31,379 INFO o.s.b.SpringApplication [main] No active profile set, falling back to 1 default profile: "default"
2023-12-20 12:22:31,599 INFO o.s.b.l.DeferredLog [main] Fetching config from server at : http://localhost:8888
2023-12-20 12:22:31,607 INFO o.s.b.l.DeferredLog [main] Located environment: name=email, profiles=[default], label=null, version=null, state=null
2023-12-20 12:22:38,911 INFO o.s.d.r.c.RepositoryConfigurationDelegate [main] Bootstrapping Spring Data JPA repositories in DEFAULT mode.
2023-12-20 12:22:39,301 INFO o.s.d.r.c.RepositoryConfigurationDelegate [main] Finished Spring Data repository scanning in 231 ms. Found 0 JPA repository interfaces.
2023-12-20 12:22:41,345 INFO o.s.c.c.s.GenericScope [main] BeanFactory id=38bddc05-9579-3f16-a4f5-c6c9401d46d8
2023-12-20 12:22:50,914 INFO o.s.b.w.e.t.TomcatWebServer [main] Tomcat initialized with port 8081 (http)
2023-12-20 12:22:51,203 INFO o.a.j.l.DirectJDKLog [main] Initializing ProtocolHandler ["http-nio-8081"]
2023-12-20 12:22:51,297 INFO o.a.j.l.DirectJDKLog [main] Starting service [Tomcat]
2023-12-20 12:22:51,314 INFO o.a.j.l.DirectJDKLog [main] Starting Servlet engine: [Apache Tomcat/10.1.16]
2023-12-20 12:22:53,383 INFO o.a.j.l.DirectJDKLog [main] Initializing Spring embedded WebApplicationContext
2023-12-20 12:22:53,388 INFO o.s.b.w.s.c.ServletWebServerApplicationContext [main] Root WebApplicationContext: initialization completed in 21766 ms
2023-12-20 12:22:55,216 INFO c.z.h.HikariDataSource [main] HikariPool-1 - Starting...
2023-12-20 12:22:58,232 INFO c.z.h.p.HikariPool [main] HikariPool-1 - Added connection org.postgresql.jdbc.PgConnection@390a7532
2023-12-20 12:22:58,240 INFO c.z.h.HikariDataSource [main] HikariPool-1 - Start completed.
2023-12-20 12:22:58,716 INFO o.f.c.i.l.s.Slf4jLog [main] Flyway Community Edition 9.22.3 by Redgate
2023-12-20 12:22:58,717 INFO o.f.c.i.l.s.Slf4jLog [main] See release notes here: https://rd.gt/416ObMi
2023-12-20 12:22:58,720 INFO o.f.c.i.l.s.Slf4jLog [main] 
2023-12-20 12:22:58,821 INFO o.f.c.i.l.s.Slf4jLog [main] Database: jdbc:postgresql://localhost:5432/challenge8 (PostgreSQL 16.0)
2023-12-20 12:22:58,848 WARN o.f.c.i.l.s.Slf4jLog [main] Flyway upgrade recommended: PostgreSQL 16.0 is newer than this version of Flyway and support has not been tested. The latest supported version of PostgreSQL is 15.
2023-12-20 12:22:59,004 INFO o.f.c.i.l.s.Slf4jLog [main] Schema history table "public"."flyway_schema_history" does not exist yet
2023-12-20 12:22:59,014 INFO o.f.c.i.l.s.Slf4jLog [main] Successfully validated 0 migrations (execution time 00:00.062s)
2023-12-20 12:22:59,015 WARN o.f.c.i.l.s.Slf4jLog [main] No migrations found. Are your locations set up correctly?
2023-12-20 12:22:59,097 WARN o.s.c.s.AbstractApplicationContext [main] Exception encountered during context initialization - cancelling refresh attempt: org.springframework.beans.factory.BeanCreationException: Error creating bean with name 'flywayInitializer' defined in class path resource [org/springframework/boot/autoconfigure/flyway/FlywayAutoConfiguration$FlywayConfiguration.class]: Found non-empty schema(s) "public" but no schema history table. Use baseline() or set baselineOnMigrate to true to initialize the schema history table.
2023-12-20 12:22:59,098 INFO c.z.h.HikariDataSource [main] HikariPool-1 - Shutdown initiated...
2023-12-20 12:22:59,260 INFO c.z.h.HikariDataSource [main] HikariPool-1 - Shutdown completed.
2023-12-20 12:22:59,273 INFO o.a.j.l.DirectJDKLog [main] Stopping service [Tomcat]
2023-12-20 12:22:59,403 INFO o.s.b.a.l.ConditionEvaluationReportLogger [main] 

Error starting ApplicationContext. To display the condition evaluation report re-run your application with 'debug' enabled.
2023-12-20 12:22:59,502 ERROR o.s.b.SpringApplication [main] Application run failed
org.springframework.beans.factory.BeanCreationException: Error creating bean with name 'flywayInitializer' defined in class path resource [org/springframework/boot/autoconfigure/flyway/FlywayAutoConfiguration$FlywayConfiguration.class]: Found non-empty schema(s) "public" but no schema history table. Use baseline() or set baselineOnMigrate to true to initialize the schema history table.
	at org.springframework.beans.factory.support.AbstractAutowireCapableBeanFactory.initializeBean(AbstractAutowireCapableBeanFactory.java:1775)
	at org.springframework.beans.factory.support.AbstractAutowireCapableBeanFactory.doCreateBean(AbstractAutowireCapableBeanFactory.java:601)
	at org.springframework.beans.factory.support.AbstractAutowireCapableBeanFactory.createBean(AbstractAutowireCapableBeanFactory.java:523)
	at org.springframework.beans.factory.support.AbstractBeanFactory.lambda$doGetBean$0(AbstractBeanFactory.java:325)
	at org.springframework.beans.factory.support.DefaultSingletonBeanRegistry.getSingleton(DefaultSingletonBeanRegistry.java:234)
	at org.springframework.beans.factory.support.AbstractBeanFactory.doGetBean(AbstractBeanFactory.java:323)
	at org.springframework.beans.factory.support.AbstractBeanFactory.getBean(AbstractBeanFactory.java:199)
	at org.springframework.beans.factory.support.AbstractBeanFactory.doGetBean(AbstractBeanFactory.java:312)
	at org.springframework.beans.factory.support.AbstractBeanFactory.getBean(AbstractBeanFactory.java:199)
	at org.springframework.context.support.AbstractApplicationContext.getBean(AbstractApplicationContext.java:1173)
	at org.springframework.context.support.AbstractApplicationContext.finishBeanFactoryInitialization(AbstractApplicationContext.java:936)
	at org.springframework.context.support.AbstractApplicationContext.refresh(AbstractApplicationContext.java:616)
	at org.springframework.boot.web.servlet.context.ServletWebServerApplicationContext.refresh(ServletWebServerApplicationContext.java:146)
	at org.springframework.boot.SpringApplication.refresh(SpringApplication.java:753)
	at org.springframework.boot.SpringApplication.refreshContext(SpringApplication.java:455)
	at org.springframework.boot.SpringApplication.run(SpringApplication.java:323)
	at org.springframework.boot.SpringApplication.run(SpringApplication.java:1342)
	at org.springframework.boot.SpringApplication.run(SpringApplication.java:1331)
	at com.achfajar.EmailServiceApplication.main(EmailServiceApplication.java:12)
Caused by: org.flywaydb.core.api.FlywayException: Found non-empty schema(s) "public" but no schema history table. Use baseline() or set baselineOnMigrate to true to initialize the schema history table.
	at org.flywaydb.core.Flyway.lambda$migrate$0(Flyway.java:178)
	at org.flywaydb.core.FlywayExecutor.execute(FlywayExecutor.java:213)
	at org.flywaydb.core.Flyway.migrate(Flyway.java:140)
	at org.springframework.boot.autoconfigure.flyway.FlywayMigrationInitializer.afterPropertiesSet(FlywayMigrationInitializer.java:66)
	at org.springframework.beans.factory.support.AbstractAutowireCapableBeanFactory.invokeInitMethods(AbstractAutowireCapableBeanFactory.java:1822)
	at org.springframework.beans.factory.support.AbstractAutowireCapableBeanFactory.initializeBean(AbstractAutowireCapableBeanFactory.java:1771)
	... 18 common frames omitted
