2023-11-10 15:57:12,976 INFO o.s.b.StartupInfoLogger [restartedMain] Starting ChallengeApplication using Java 20.0.1 with PID 13960 (C:\Users\FAJAR\Downloads\Belajar Java\challenge\challenge\target\classes started by FAJAR in C:\Users\FAJAR\Downloads\Belajar Java\challenge\challenge)
2023-11-10 15:57:12,990 INFO o.s.b.SpringApplication [restartedMain] No active profile set, falling back to 1 default profile: "default"
2023-11-10 15:57:13,217 INFO o.s.b.l.DeferredLog [restartedMain] Devtools property defaults active! Set 'spring.devtools.add-properties' to 'false' to disable
2023-11-10 15:57:13,221 INFO o.s.b.l.DeferredLog [restartedMain] For additional web related logging consider setting the 'logging.level.web' property to 'DEBUG'
2023-11-10 15:57:17,137 INFO o.s.d.r.c.RepositoryConfigurationDelegate [restartedMain] Bootstrapping Spring Data JPA repositories in DEFAULT mode.
2023-11-10 15:57:17,407 INFO o.s.d.r.c.RepositoryConfigurationDelegate [restartedMain] Finished Spring Data repository scanning in 245 ms. Found 5 JPA repository interfaces.
2023-11-10 15:57:20,426 INFO o.s.b.w.e.t.TomcatWebServer [restartedMain] Tomcat initialized with port(s): 8080 (http)
2023-11-10 15:57:20,485 INFO o.a.j.l.DirectJDKLog [restartedMain] Initializing ProtocolHandler ["http-nio-8080"]
2023-11-10 15:57:20,505 INFO o.a.j.l.DirectJDKLog [restartedMain] Starting service [Tomcat]
2023-11-10 15:57:20,507 INFO o.a.j.l.DirectJDKLog [restartedMain] Starting Servlet engine: [Apache Tomcat/10.1.15]
2023-11-10 15:57:21,072 INFO o.a.j.l.DirectJDKLog [restartedMain] Initializing Spring embedded WebApplicationContext
2023-11-10 15:57:21,081 INFO o.s.b.w.s.c.ServletWebServerApplicationContext [restartedMain] Root WebApplicationContext: initialization completed in 7850 ms
2023-11-10 15:57:21,955 INFO o.h.j.i.u.LogHelper [restartedMain] HHH000204: Processing PersistenceUnitInfo [name: default]
2023-11-10 15:57:22,151 INFO o.h.Version [restartedMain] HHH000412: Hibernate ORM core version 6.2.13.Final
2023-11-10 15:57:22,158 INFO o.h.c.Environment [restartedMain] HHH000406: Using bytecode reflection optimizer
2023-11-10 15:57:23,011 INFO o.s.o.j.p.SpringPersistenceUnitInfo [restartedMain] No LoadTimeWeaver setup: ignoring JPA class transformer
2023-11-10 15:57:23,077 INFO c.z.h.HikariDataSource [restartedMain] HikariPool-1 - Starting...
2023-11-10 15:57:24,341 INFO c.z.h.p.HikariPool [restartedMain] HikariPool-1 - Added connection org.postgresql.jdbc.PgConnection@4abdb121
2023-11-10 15:57:24,353 INFO c.z.h.HikariDataSource [restartedMain] HikariPool-1 - Start completed.
2023-11-10 15:57:24,760 WARN o.h.e.j.d.i.DialectFactoryImpl [restartedMain] HHH90000025: PostgreSQLDialect does not need to be specified explicitly using 'hibernate.dialect' (remove the property setting and it will be selected by default)
2023-11-10 15:57:28,521 INFO o.h.e.t.j.p.i.JtaPlatformInitiator [restartedMain] HHH000489: No JTA platform available (set 'hibernate.transaction.jta.platform' to enable JTA platform integration)
2023-11-10 15:57:28,989 INFO o.s.o.j.AbstractEntityManagerFactoryBean [restartedMain] Initialized JPA EntityManagerFactory for persistence unit 'default'
2023-11-10 15:57:30,952 INFO o.s.d.j.r.q.QueryEnhancerFactory [restartedMain] Hibernate is in classpath; If applicable, HQL parser will be used.
2023-11-10 15:57:33,177 WARN o.s.b.a.o.j.JpaBaseConfiguration$JpaWebConfiguration [restartedMain] spring.jpa.open-in-view is enabled by default. Therefore, database queries may be performed during view rendering. Explicitly configure spring.jpa.open-in-view to disable this warning
2023-11-10 15:57:34,240 INFO o.s.b.d.a.OptionalLiveReloadServer [restartedMain] LiveReload server is running on port 35729
2023-11-10 15:57:34,269 INFO o.a.j.l.DirectJDKLog [restartedMain] Starting ProtocolHandler ["http-nio-8080"]
2023-11-10 15:57:34,324 INFO o.s.b.w.e.t.TomcatWebServer [restartedMain] Tomcat started on port(s): 8080 (http) with context path ''
2023-11-10 15:57:34,391 INFO o.s.b.StartupInfoLogger [restartedMain] Started ChallengeApplication in 23.742 seconds (process running for 26.981)
