2023-12-22 18:17:12,450 INFO o.h.v.i.u.Version [background-preinit] HV000001: Hibernate Validator 8.0.1.Final
2023-12-22 18:17:13,160 INFO o.s.b.StartupInfoLogger [restartedMain] Starting ChallengeApplication using Java 20.0.1 with PID 4576 (C:\Users\FAJAR\Downloads\Belajar Java\Challenge_7\BinarFudMain\target\classes started by FAJAR in C:\Users\FAJAR\Downloads\Belajar Java\Challenge_7)
2023-12-22 18:17:13,180 INFO o.s.b.SpringApplication [restartedMain] No active profile set, falling back to 1 default profile: "default"
2023-12-22 18:17:13,569 INFO o.s.b.l.DeferredLog [restartedMain] Devtools property defaults active! Set 'spring.devtools.add-properties' to 'false' to disable
2023-12-22 18:17:13,572 INFO o.s.b.l.DeferredLog [restartedMain] For additional web related logging consider setting the 'logging.level.web' property to 'DEBUG'
2023-12-22 18:17:20,589 INFO o.s.d.r.c.RepositoryConfigurationDelegate [restartedMain] Bootstrapping Spring Data JPA repositories in DEFAULT mode.
2023-12-22 18:17:21,157 INFO o.s.d.r.c.RepositoryConfigurationDelegate [restartedMain] Finished Spring Data repository scanning in 526 ms. Found 6 JPA repository interfaces.
2023-12-22 18:17:29,823 INFO o.s.b.w.e.t.TomcatWebServer [restartedMain] Tomcat initialized with port(s): 8080 (http)
2023-12-22 18:17:29,902 INFO o.a.j.l.DirectJDKLog [restartedMain] Initializing ProtocolHandler ["http-nio-8080"]
2023-12-22 18:17:29,934 INFO o.a.j.l.DirectJDKLog [restartedMain] Starting service [Tomcat]
2023-12-22 18:17:29,937 INFO o.a.j.l.DirectJDKLog [restartedMain] Starting Servlet engine: [Apache Tomcat/10.1.15]
2023-12-22 18:17:31,233 INFO o.a.j.l.DirectJDKLog [restartedMain] Initializing Spring embedded WebApplicationContext
2023-12-22 18:17:31,251 INFO o.s.b.w.s.c.ServletWebServerApplicationContext [restartedMain] Root WebApplicationContext: initialization completed in 17663 ms
2023-12-22 18:17:32,805 INFO o.h.j.i.u.LogHelper [restartedMain] HHH000204: Processing PersistenceUnitInfo [name: default]
2023-12-22 18:17:33,183 INFO o.h.Version [restartedMain] HHH000412: Hibernate ORM core version 6.2.13.Final
2023-12-22 18:17:33,208 INFO o.h.c.Environment [restartedMain] HHH000406: Using bytecode reflection optimizer
2023-12-22 18:17:34,459 INFO o.s.o.j.p.SpringPersistenceUnitInfo [restartedMain] No LoadTimeWeaver setup: ignoring JPA class transformer
2023-12-22 18:17:34,603 INFO c.z.h.HikariDataSource [restartedMain] HikariPool-1 - Starting...
2023-12-22 18:17:36,609 INFO c.z.h.p.HikariPool [restartedMain] HikariPool-1 - Added connection org.postgresql.jdbc.PgConnection@1eb40cc1
2023-12-22 18:17:36,625 INFO c.z.h.HikariDataSource [restartedMain] HikariPool-1 - Start completed.
2023-12-22 18:17:37,186 WARN o.h.e.j.d.i.DialectFactoryImpl [restartedMain] HHH90000025: PostgreSQLDialect does not need to be specified explicitly using 'hibernate.dialect' (remove the property setting and it will be selected by default)
2023-12-22 18:17:45,575 INFO o.h.e.t.j.p.i.JtaPlatformInitiator [restartedMain] HHH000489: No JTA platform available (set 'hibernate.transaction.jta.platform' to enable JTA platform integration)
2023-12-22 18:17:46,409 INFO o.s.o.j.AbstractEntityManagerFactoryBean [restartedMain] Initialized JPA EntityManagerFactory for persistence unit 'default'
2023-12-22 18:17:51,829 INFO i.a.c.c.InitializatorConfig [restartedMain] Firebase application has been initialized
2023-12-22 18:17:53,304 INFO o.s.d.j.r.q.QueryEnhancerFactory [restartedMain] Hibernate is in classpath; If applicable, HQL parser will be used.
2023-12-22 18:17:59,162 INFO c.c.s.SocketIOServer [restartedMain] Session store / pubsub factory used: MemoryStoreFactory (local session store only)
2023-12-22 18:17:59,901 INFO c.c.s.SocketIOServer$1 [nioEventLoopGroup-2-1] SocketIO server started at port: 8088
