2023-12-21 10:45:01,939 INFO o.h.j.i.u.LogHelper [main] HHH000204: Processing PersistenceUnitInfo [name: default]
2023-12-21 10:45:02,486 INFO o.h.Version [main] HHH000412: Hibernate ORM core version 6.3.1.Final
2023-12-21 10:45:02,620 INFO o.h.c.i.RegionFactoryInitiator [main] HHH000026: Second-level cache disabled
2023-12-21 10:45:03,611 INFO o.s.o.j.p.SpringPersistenceUnitInfo [main] No LoadTimeWeaver setup: ignoring JPA class transformer
2023-12-21 10:45:03,725 INFO c.z.h.HikariDataSource [main] HikariPool-1 - Starting...
2023-12-21 10:45:05,182 INFO c.z.h.p.HikariPool [main] HikariPool-1 - Added connection org.postgresql.jdbc.PgConnection@681b42d3
2023-12-21 10:45:05,205 INFO c.z.h.HikariDataSource [main] HikariPool-1 - Start completed.
2023-12-21 10:45:05,612 WARN o.h.e.j.d.i.DialectFactoryImpl [main] HHH90000025: PostgreSQLDialect does not need to be specified explicitly using 'hibernate.dialect' (remove the property setting and it will be selected by default)
2023-12-21 10:45:08,175 INFO o.h.e.t.j.p.i.JtaPlatformInitiator [main] HHH000489: No JTA platform available (set 'hibernate.transaction.jta.platform' to enable JTA platform integration)
2023-12-21 10:45:08,198 INFO o.s.o.j.AbstractEntityManagerFactoryBean [main] Initialized JPA EntityManagerFactory for persistence unit 'default'
2023-12-21 10:45:09,576 WARN o.s.b.a.o.j.JpaBaseConfiguration$JpaWebConfiguration [main] spring.jpa.open-in-view is enabled by default. Therefore, database queries may be performed during view rendering. Explicitly configure spring.jpa.open-in-view to disable this warning
2023-12-21 10:45:18,026 INFO o.s.b.a.e.w.EndpointLinksResolver [main] Exposing 1 endpoint(s) beneath base path '/actuator'
2023-12-21 10:45:18,185 INFO o.s.s.w.DefaultSecurityFilterChain [main] Will secure any request with [org.springframework.security.web.session.DisableEncodeUrlFilter@4a5eb613, org.springframework.security.web.context.request.async.WebAsyncManagerIntegrationFilter@1eaf4e77, org.springframework.security.web.context.SecurityContextHolderFilter@e14559e, org.springframework.security.web.header.HeaderWriterFilter@5edce7da, org.springframework.web.filter.CorsFilter@23cfc9eb, org.springframework.security.web.csrf.CsrfFilter@7e9d171c, org.springframework.security.web.authentication.logout.LogoutFilter@4d50f682, org.springframework.security.web.authentication.UsernamePasswordAuthenticationFilter@7057d9f4, org.springframework.security.web.authentication.ui.DefaultLoginPageGeneratingFilter@b21cbbf, org.springframework.security.web.authentication.ui.DefaultLogoutPageGeneratingFilter@14af9f51, org.springframework.security.web.authentication.www.BasicAuthenticationFilter@16eca98a, org.springframework.security.web.savedrequest.RequestCacheAwareFilter@698394bf, org.springframework.security.web.servletapi.SecurityContextHolderAwareRequestFilter@7c045627, org.springframework.security.web.authentication.AnonymousAuthenticationFilter@2bfe4df9, org.springframework.security.web.access.ExceptionTranslationFilter@5cdafb4d, org.springframework.security.web.access.intercept.AuthorizationFilter@24347d8b]
2023-12-21 10:45:19,916 INFO o.a.j.l.DirectJDKLog [main] Starting ProtocolHandler ["http-nio-8081"]
2023-12-21 10:45:19,983 INFO o.s.b.w.e.t.TomcatWebServer [main] Tomcat started on port 8081 (http) with context path '/email-service'
2023-12-21 10:45:20,193 INFO o.a.k.c.c.AbstractConfig [main] ConsumerConfig values: 
	allow.auto.create.topics = true
	auto.commit.interval.ms = 5000
	auto.include.jmx.reporter = true
	auto.offset.reset = earliest
	bootstrap.servers = [localhost:9092]
	check.crcs = true
	client.dns.lookup = use_all_dns_ips
	client.id = consumer-email-1
	client.rack = 
	connections.max.idle.ms = 540000
	default.api.timeout.ms = 60000
	enable.auto.commit = false
	exclude.internal.topics = true
	fetch.max.bytes = 52428800
	fetch.max.wait.ms = 500
	fetch.min.bytes = 1
	group.id = email
	group.instance.id = null
	heartbeat.interval.ms = 3000
	interceptor.classes = []
	internal.leave.group.on.close = true
	internal.throw.on.fetch.stable.offset.unsupported = false
	isolation.level = read_uncommitted
	key.deserializer = class org.apache.kafka.common.serialization.StringDeserializer
	max.partition.fetch.bytes = 1048576
	max.poll.interval.ms = 300000
	max.poll.records = 500
	metadata.max.age.ms = 300000
	metric.reporters = []
	metrics.num.samples = 2
	metrics.recording.level = INFO
	metrics.sample.window.ms = 30000
	partition.assignment.strategy = [class org.apache.kafka.clients.consumer.RangeAssignor, class org.apache.kafka.clients.consumer.CooperativeStickyAssignor]
	receive.buffer.bytes = 65536
	reconnect.backoff.max.ms = 1000
	reconnect.backoff.ms = 50
	request.timeout.ms = 30000
	retry.backoff.ms = 100
	sasl.client.callback.handler.class = null
	sasl.jaas.config = null
	sasl.kerberos.kinit.cmd = /usr/bin/kinit
	sasl.kerberos.min.time.before.relogin = 60000
	sasl.kerberos.service.name = null
	sasl.kerberos.ticket.renew.jitter = 0.05
	sasl.kerberos.ticket.renew.window.factor = 0.8
	sasl.login.callback.handler.class = null
	sasl.login.class = null
	sasl.login.connect.timeout.ms = null
	sasl.login.read.timeout.ms = null
	sasl.login.refresh.buffer.seconds = 300
	sasl.login.refresh.min.period.seconds = 60
	sasl.login.refresh.window.factor = 0.8
	sasl.login.refresh.window.jitter = 0.05
	sasl.login.retry.backoff.max.ms = 10000
	sasl.login.retry.backoff.ms = 100
	sasl.mechanism = GSSAPI
	sasl.oauthbearer.clock.skew.seconds = 30
	sasl.oauthbearer.expected.audience = null
	sasl.oauthbearer.expected.issuer = null
	sasl.oauthbearer.jwks.endpoint.refresh.ms = 3600000
	sasl.oauthbearer.jwks.endpoint.retry.backoff.max.ms = 10000
	sasl.oauthbearer.jwks.endpoint.retry.backoff.ms = 100
	sasl.oauthbearer.jwks.endpoint.url = null
	sasl.oauthbearer.scope.claim.name = scope
	sasl.oauthbearer.sub.claim.name = sub
	sasl.oauthbearer.token.endpoint.url = null
	security.protocol = PLAINTEXT
	security.providers = null
	send.buffer.bytes = 131072
	session.timeout.ms = 45000
	socket.connection.setup.timeout.max.ms = 30000
	socket.connection.setup.timeout.ms = 10000
	ssl.cipher.suites = null
	ssl.enabled.protocols = [TLSv1.2, TLSv1.3]
	ssl.endpoint.identification.algorithm = https
	ssl.engine.factory.class = null
	ssl.key.password = null
	ssl.keymanager.algorithm = SunX509
	ssl.keystore.certificate.chain = null
	ssl.keystore.key = null
	ssl.keystore.location = null
	ssl.keystore.password = null
	ssl.keystore.type = JKS
	ssl.protocol = TLSv1.3
	ssl.provider = null
	ssl.secure.random.implementation = null
	ssl.trustmanager.algorithm = PKIX
	ssl.truststore.certificates = null
	ssl.truststore.location = null
	ssl.truststore.password = null
	ssl.truststore.type = JKS
	value.deserializer = class org.springframework.kafka.support.serializer.JsonDeserializer

2023-12-21 10:45:21,692 INFO o.a.k.c.u.AppInfoParser$AppInfo [main] Kafka version: 3.6.0
2023-12-21 10:45:21,694 INFO o.a.k.c.u.AppInfoParser$AppInfo [main] Kafka commitId: 60e845626d8a465a
2023-12-21 10:45:21,696 INFO o.a.k.c.u.AppInfoParser$AppInfo [main] Kafka startTimeMs: 1703130321684
2023-12-21 10:45:21,796 INFO o.a.k.c.c.KafkaConsumer [main] [Consumer clientId=consumer-email-1, groupId=email] Subscribed to topic(s): email-service
2023-12-21 10:45:22,166 INFO o.s.b.StartupInfoLogger [main] Started EmailServiceApplication in 53.42 seconds (process running for 55.431)
2023-12-21 10:45:24,609 WARN o.a.k.c.NetworkClient$DefaultMetadataUpdater [org.springframework.kafka.KafkaListenerEndpointContainer#0-0-C-1] [Consumer clientId=consumer-email-1, groupId=email] Error while fetching metadata with correlation id 2 : {email-service=LEADER_NOT_AVAILABLE}
2023-12-21 10:45:24,615 INFO o.a.k.c.Metadata [org.springframework.kafka.KafkaListenerEndpointContainer#0-0-C-1] [Consumer clientId=consumer-email-1, groupId=email] Cluster ID: IvVB58MlRiGfcShC4QrfUQ
2023-12-21 10:45:24,744 WARN o.a.k.c.NetworkClient$DefaultMetadataUpdater [org.springframework.kafka.KafkaListenerEndpointContainer#0-0-C-1] [Consumer clientId=consumer-email-1, groupId=email] Error while fetching metadata with correlation id 4 : {email-service=LEADER_NOT_AVAILABLE}
2023-12-21 10:45:24,875 WARN o.a.k.c.NetworkClient$DefaultMetadataUpdater [org.springframework.kafka.KafkaListenerEndpointContainer#0-0-C-1] [Consumer clientId=consumer-email-1, groupId=email] Error while fetching metadata with correlation id 6 : {email-service=LEADER_NOT_AVAILABLE}
2023-12-21 10:45:25,062 WARN o.a.k.c.NetworkClient$DefaultMetadataUpdater [org.springframework.kafka.KafkaListenerEndpointContainer#0-0-C-1] [Consumer clientId=consumer-email-1, groupId=email] Error while fetching metadata with correlation id 8 : {email-service=LEADER_NOT_AVAILABLE}
2023-12-21 10:45:25,347 WARN o.a.k.c.NetworkClient$DefaultMetadataUpdater [org.springframework.kafka.KafkaListenerEndpointContainer#0-0-C-1] [Consumer clientId=consumer-email-1, groupId=email] Error while fetching metadata with correlation id 10 : {email-service=LEADER_NOT_AVAILABLE}
2023-12-21 10:45:25,495 WARN o.a.k.c.NetworkClient$DefaultMetadataUpdater [org.springframework.kafka.KafkaListenerEndpointContainer#0-0-C-1] [Consumer clientId=consumer-email-1, groupId=email] Error while fetching metadata with correlation id 12 : {email-service=LEADER_NOT_AVAILABLE}
2023-12-21 10:45:25,638 WARN o.a.k.c.NetworkClient$DefaultMetadataUpdater [org.springframework.kafka.KafkaListenerEndpointContainer#0-0-C-1] [Consumer clientId=consumer-email-1, groupId=email] Error while fetching metadata with correlation id 14 : {email-service=LEADER_NOT_AVAILABLE}
2023-12-21 10:45:25,763 WARN o.a.k.c.NetworkClient$DefaultMetadataUpdater [org.springframework.kafka.KafkaListenerEndpointContainer#0-0-C-1] [Consumer clientId=consumer-email-1, groupId=email] Error while fetching metadata with correlation id 16 : {email-service=LEADER_NOT_AVAILABLE}
2023-12-21 10:45:25,893 WARN o.a.k.c.NetworkClient$DefaultMetadataUpdater [org.springframework.kafka.KafkaListenerEndpointContainer#0-0-C-1] [Consumer clientId=consumer-email-1, groupId=email] Error while fetching metadata with correlation id 18 : {email-service=LEADER_NOT_AVAILABLE}
2023-12-21 10:45:26,016 WARN o.a.k.c.NetworkClient$DefaultMetadataUpdater [org.springframework.kafka.KafkaListenerEndpointContainer#0-0-C-1] [Consumer clientId=consumer-email-1, groupId=email] Error while fetching metadata with correlation id 20 : {email-service=LEADER_NOT_AVAILABLE}
2023-12-21 10:45:29,201 INFO o.a.k.c.c.i.AbstractCoordinator$FindCoordinatorResponseHandler [org.springframework.kafka.KafkaListenerEndpointContainer#0-0-C-1] [Consumer clientId=consumer-email-1, groupId=email] Discovered group coordinator DESKTOP-UQ7M8HP:9092 (id: 2147483647 rack: null)
2023-12-21 10:45:29,208 INFO o.a.k.c.c.i.AbstractCoordinator [org.springframework.kafka.KafkaListenerEndpointContainer#0-0-C-1] [Consumer clientId=consumer-email-1, groupId=email] (Re-)joining group
2023-12-21 10:45:29,286 INFO o.a.k.c.c.i.AbstractCoordinator [org.springframework.kafka.KafkaListenerEndpointContainer#0-0-C-1] [Consumer clientId=consumer-email-1, groupId=email] Request joining group due to: need to re-join with the given member-id: consumer-email-1-7f953b01-4978-4b94-8dd2-f5ebebb4526f
2023-12-21 10:45:29,287 INFO o.a.k.c.c.i.AbstractCoordinator [org.springframework.kafka.KafkaListenerEndpointContainer#0-0-C-1] [Consumer clientId=consumer-email-1, groupId=email] Request joining group due to: rebalance failed due to 'The group member needs to have a valid member id before actually entering a consumer group.' (MemberIdRequiredException)
2023-12-21 10:45:29,288 INFO o.a.k.c.c.i.AbstractCoordinator [org.springframework.kafka.KafkaListenerEndpointContainer#0-0-C-1] [Consumer clientId=consumer-email-1, groupId=email] (Re-)joining group
2023-12-21 10:45:29,344 INFO o.a.k.c.c.i.AbstractCoordinator$JoinGroupResponseHandler [org.springframework.kafka.KafkaListenerEndpointContainer#0-0-C-1] [Consumer clientId=consumer-email-1, groupId=email] Successfully joined group with generation Generation{generationId=1, memberId='consumer-email-1-7f953b01-4978-4b94-8dd2-f5ebebb4526f', protocol='range'}
2023-12-21 10:45:29,367 INFO o.a.k.c.c.i.ConsumerCoordinator [org.springframework.kafka.KafkaListenerEndpointContainer#0-0-C-1] [Consumer clientId=consumer-email-1, groupId=email] Finished assignment for group at generation 1: {consumer-email-1-7f953b01-4978-4b94-8dd2-f5ebebb4526f=Assignment(partitions=[email-service-0])}
2023-12-21 10:45:29,574 INFO o.a.k.c.c.i.AbstractCoordinator$SyncGroupResponseHandler [org.springframework.kafka.KafkaListenerEndpointContainer#0-0-C-1] [Consumer clientId=consumer-email-1, groupId=email] Successfully synced group in generation Generation{generationId=1, memberId='consumer-email-1-7f953b01-4978-4b94-8dd2-f5ebebb4526f', protocol='range'}
2023-12-21 10:45:29,576 INFO o.a.k.c.c.i.ConsumerCoordinator [org.springframework.kafka.KafkaListenerEndpointContainer#0-0-C-1] [Consumer clientId=consumer-email-1, groupId=email] Notifying assignor about the new Assignment(partitions=[email-service-0])
2023-12-21 10:45:29,582 INFO o.a.k.c.c.i.ConsumerCoordinator [org.springframework.kafka.KafkaListenerEndpointContainer#0-0-C-1] [Consumer clientId=consumer-email-1, groupId=email] Adding newly assigned partitions: email-service-0
2023-12-21 10:45:29,633 INFO o.a.k.c.c.i.ConsumerCoordinator$OffsetFetchResponseHandler [org.springframework.kafka.KafkaListenerEndpointContainer#0-0-C-1] [Consumer clientId=consumer-email-1, groupId=email] Found no committed offset for partition email-service-0
2023-12-21 10:45:29,689 INFO o.a.k.c.c.i.SubscriptionState [org.springframework.kafka.KafkaListenerEndpointContainer#0-0-C-1] [Consumer clientId=consumer-email-1, groupId=email] Resetting offset for partition email-service-0 to position FetchPosition{offset=0, offsetEpoch=Optional.empty, currentLeader=LeaderAndEpoch{leader=Optional[DESKTOP-UQ7M8HP:9092 (id: 0 rack: null)], epoch=0}}.
2023-12-21 10:45:29,693 INFO o.s.c.l.LogAccessor [org.springframework.kafka.KafkaListenerEndpointContainer#0-0-C-1] email: partitions assigned: [email-service-0]
2023-12-21 10:53:38,520 INFO o.h.v.i.u.Version [background-preinit] HV000001: Hibernate Validator 8.0.1.Final
2023-12-21 10:53:38,822 INFO o.s.b.StartupInfoLogger [restartedMain] Starting ChallengeApplication using Java 20.0.1 with PID 11552 (C:\Users\FAJAR\Downloads\Belajar Java\Challenge_7\BinarFudMain\target\classes started by FAJAR in C:\Users\FAJAR\Downloads\Belajar Java\Challenge_7)
2023-12-21 10:53:38,826 INFO o.s.b.SpringApplication [restartedMain] No active profile set, falling back to 1 default profile: "default"
2023-12-21 10:53:39,005 INFO o.s.b.l.DeferredLog [restartedMain] Devtools property defaults active! Set 'spring.devtools.add-properties' to 'false' to disable
2023-12-21 10:53:39,006 INFO o.s.b.l.DeferredLog [restartedMain] For additional web related logging consider setting the 'logging.level.web' property to 'DEBUG'
2023-12-21 10:53:44,362 INFO o.s.d.r.c.RepositoryConfigurationDelegate [restartedMain] Bootstrapping Spring Data JPA repositories in DEFAULT mode.
2023-12-21 10:53:44,669 INFO o.s.d.r.c.RepositoryConfigurationDelegate [restartedMain] Finished Spring Data repository scanning in 277 ms. Found 6 JPA repository interfaces.
2023-12-21 10:53:49,533 INFO o.s.b.w.e.t.TomcatWebServer [restartedMain] Tomcat initialized with port(s): 8080 (http)
2023-12-21 10:53:49,564 INFO o.a.j.l.DirectJDKLog [restartedMain] Initializing ProtocolHandler ["http-nio-8080"]
2023-12-21 10:53:49,575 INFO o.a.j.l.DirectJDKLog [restartedMain] Starting service [Tomcat]
2023-12-21 10:53:49,576 INFO o.a.j.l.DirectJDKLog [restartedMain] Starting Servlet engine: [Apache Tomcat/10.1.15]
2023-12-21 10:53:49,905 INFO o.a.j.l.DirectJDKLog [restartedMain] Initializing Spring embedded WebApplicationContext
2023-12-21 10:53:49,913 INFO o.s.b.w.s.c.ServletWebServerApplicationContext [restartedMain] Root WebApplicationContext: initialization completed in 10900 ms
2023-12-21 10:53:50,425 INFO o.h.j.i.u.LogHelper [restartedMain] HHH000204: Processing PersistenceUnitInfo [name: default]
2023-12-21 10:53:50,789 INFO o.h.Version [restartedMain] HHH000412: Hibernate ORM core version 6.2.13.Final
2023-12-21 10:53:50,805 INFO o.h.c.Environment [restartedMain] HHH000406: Using bytecode reflection optimizer
2023-12-21 10:53:52,695 INFO o.s.o.j.p.SpringPersistenceUnitInfo [restartedMain] No LoadTimeWeaver setup: ignoring JPA class transformer
2023-12-21 10:53:52,922 INFO c.z.h.HikariDataSource [restartedMain] HikariPool-1 - Starting...
2023-12-21 10:53:53,515 INFO c.z.h.p.HikariPool [restartedMain] HikariPool-1 - Added connection org.postgresql.jdbc.PgConnection@709a0077
2023-12-21 10:53:53,519 INFO c.z.h.HikariDataSource [restartedMain] HikariPool-1 - Start completed.
2023-12-21 10:53:53,655 WARN o.h.e.j.d.i.DialectFactoryImpl [restartedMain] HHH90000025: PostgreSQLDialect does not need to be specified explicitly using 'hibernate.dialect' (remove the property setting and it will be selected by default)
2023-12-21 10:53:59,287 INFO o.h.e.t.j.p.i.JtaPlatformInitiator [restartedMain] HHH000489: No JTA platform available (set 'hibernate.transaction.jta.platform' to enable JTA platform integration)
2023-12-21 10:53:59,746 INFO o.s.o.j.AbstractEntityManagerFactoryBean [restartedMain] Initialized JPA EntityManagerFactory for persistence unit 'default'
2023-12-21 10:54:02,699 INFO o.s.d.j.r.q.QueryEnhancerFactory [restartedMain] Hibernate is in classpath; If applicable, HQL parser will be used.
2023-12-21 10:54:06,211 INFO c.c.s.SocketIOServer [restartedMain] Session store / pubsub factory used: MemoryStoreFactory (local session store only)
2023-12-21 10:54:06,677 INFO c.c.s.SocketIOServer$1 [nioEventLoopGroup-2-1] SocketIO server started at port: 8088
2023-12-21 10:54:07,068 WARN o.s.b.a.o.j.JpaBaseConfiguration$JpaWebConfiguration [restartedMain] spring.jpa.open-in-view is enabled by default. Therefore, database queries may be performed during view rendering. Explicitly configure spring.jpa.open-in-view to disable this warning
2023-12-21 10:54:10,448 INFO o.s.s.w.DefaultSecurityFilterChain [restartedMain] Will secure any request with [org.springframework.security.web.session.DisableEncodeUrlFilter@75a9e64a, org.springframework.security.web.context.request.async.WebAsyncManagerIntegrationFilter@274cbc39, org.springframework.security.web.context.SecurityContextHolderFilter@2258d761, org.springframework.security.web.header.HeaderWriterFilter@4ea07646, org.springframework.security.web.authentication.logout.LogoutFilter@19b171e7, org.springframework.security.oauth2.client.web.OAuth2AuthorizationRequestRedirectFilter@60524ac, org.springframework.security.oauth2.client.web.OAuth2LoginAuthenticationFilter@24eecb25, id.achfajar.challenge8.security.jwt.AuthTokenFilter@10b07202, org.springframework.security.web.authentication.UsernamePasswordAuthenticationFilter@2c005af2, org.springframework.security.web.authentication.ui.DefaultLoginPageGeneratingFilter@3fb302c4, org.springframework.security.web.authentication.ui.DefaultLogoutPageGeneratingFilter@74f461aa, org.springframework.security.web.savedrequest.RequestCacheAwareFilter@6ca40981, org.springframework.security.web.servletapi.SecurityContextHolderAwareRequestFilter@14cee64d, org.springframework.security.web.authentication.AnonymousAuthenticationFilter@1a73bffb, org.springframework.security.web.session.SessionManagementFilter@7c133490, org.springframework.security.web.access.ExceptionTranslationFilter@6585b292, org.springframework.security.web.access.intercept.AuthorizationFilter@5443e3f]
2023-12-21 10:54:11,990 INFO o.s.b.d.a.OptionalLiveReloadServer [restartedMain] LiveReload server is running on port 35729
2023-12-21 10:54:12,121 INFO o.a.k.c.c.AbstractConfig [restartedMain] AdminClientConfig values: 
	auto.include.jmx.reporter = true
	bootstrap.servers = [localhost:9092]
	client.dns.lookup = use_all_dns_ips
	client.id = 
	connections.max.idle.ms = 300000
	default.api.timeout.ms = 60000
	metadata.max.age.ms = 300000
	metric.reporters = []
	metrics.num.samples = 2
	metrics.recording.level = INFO
	metrics.sample.window.ms = 30000
	receive.buffer.bytes = 65536
	reconnect.backoff.max.ms = 1000
	reconnect.backoff.ms = 50
	request.timeout.ms = 30000
	retries = 2147483647
	retry.backoff.ms = 100
	sasl.client.callback.handler.class = null
	sasl.jaas.config = null
	sasl.kerberos.kinit.cmd = /usr/bin/kinit
	sasl.kerberos.min.time.before.relogin = 60000
	sasl.kerberos.service.name = null
	sasl.kerberos.ticket.renew.jitter = 0.05
	sasl.kerberos.ticket.renew.window.factor = 0.8
	sasl.login.callback.handler.class = null
	sasl.login.class = null
	sasl.login.connect.timeout.ms = null
	sasl.login.read.timeout.ms = null
	sasl.login.refresh.buffer.seconds = 300
	sasl.login.refresh.min.period.seconds = 60
	sasl.login.refresh.window.factor = 0.8
	sasl.login.refresh.window.jitter = 0.05
	sasl.login.retry.backoff.max.ms = 10000
	sasl.login.retry.backoff.ms = 100
	sasl.mechanism = GSSAPI
	sasl.oauthbearer.clock.skew.seconds = 30
	sasl.oauthbearer.expected.audience = null
	sasl.oauthbearer.expected.issuer = null
	sasl.oauthbearer.jwks.endpoint.refresh.ms = 3600000
	sasl.oauthbearer.jwks.endpoint.retry.backoff.max.ms = 10000
	sasl.oauthbearer.jwks.endpoint.retry.backoff.ms = 100
	sasl.oauthbearer.jwks.endpoint.url = null
	sasl.oauthbearer.scope.claim.name = scope
	sasl.oauthbearer.sub.claim.name = sub
	sasl.oauthbearer.token.endpoint.url = null
	security.protocol = PLAINTEXT
	security.providers = null
	send.buffer.bytes = 131072
	socket.connection.setup.timeout.max.ms = 30000
	socket.connection.setup.timeout.ms = 10000
	ssl.cipher.suites = null
	ssl.enabled.protocols = [TLSv1.2, TLSv1.3]
	ssl.endpoint.identification.algorithm = https
	ssl.engine.factory.class = null
	ssl.key.password = null
	ssl.keymanager.algorithm = SunX509
	ssl.keystore.certificate.chain = null
	ssl.keystore.key = null
	ssl.keystore.location = null
	ssl.keystore.password = null
	ssl.keystore.type = JKS
	ssl.protocol = TLSv1.3
	ssl.provider = null
	ssl.secure.random.implementation = null
	ssl.trustmanager.algorithm = PKIX
	ssl.truststore.certificates = null
	ssl.truststore.location = null
	ssl.truststore.password = null
	ssl.truststore.type = JKS

2023-12-21 10:54:13,086 INFO o.a.k.c.u.AppInfoParser$AppInfo [restartedMain] Kafka version: 3.4.1
2023-12-21 10:54:13,087 INFO o.a.k.c.u.AppInfoParser$AppInfo [restartedMain] Kafka commitId: 8a516edc2755df89
2023-12-21 10:54:13,089 INFO o.a.k.c.u.AppInfoParser$AppInfo [restartedMain] Kafka startTimeMs: 1703130853078
2023-12-21 10:54:14,938 INFO o.a.k.c.u.AppInfoParser [kafka-admin-client-thread | adminclient-1] App info kafka.admin.client for adminclient-1 unregistered
2023-12-21 10:54:14,955 INFO o.a.k.c.m.Metrics [kafka-admin-client-thread | adminclient-1] Metrics scheduler closed
2023-12-21 10:54:14,956 INFO o.a.k.c.m.Metrics [kafka-admin-client-thread | adminclient-1] Closing reporter org.apache.kafka.common.metrics.JmxReporter
2023-12-21 10:54:14,957 INFO o.a.k.c.m.Metrics [kafka-admin-client-thread | adminclient-1] Metrics reporters closed
2023-12-21 10:54:14,969 INFO o.a.j.l.DirectJDKLog [restartedMain] Starting ProtocolHandler ["http-nio-8080"]
2023-12-21 10:54:15,000 INFO o.s.b.w.e.t.TomcatWebServer [restartedMain] Tomcat started on port(s): 8080 (http) with context path ''
2023-12-21 10:54:15,066 INFO o.s.b.StartupInfoLogger [restartedMain] Started ChallengeApplication in 40.119 seconds (process running for 43.056)
2023-12-21 10:54:25,104 INFO o.a.k.c.NetworkClient [org.springframework.kafka.KafkaListenerEndpointContainer#0-0-C-1] [Consumer clientId=consumer-email-1, groupId=email] Node -1 disconnected.
2023-12-21 10:55:26,341 INFO o.a.j.l.DirectJDKLog [http-nio-8080-exec-1] Initializing Spring DispatcherServlet 'dispatcherServlet'
2023-12-21 10:55:26,347 INFO o.s.w.s.FrameworkServlet [http-nio-8080-exec-1] Initializing Servlet 'dispatcherServlet'
2023-12-21 10:55:26,351 INFO o.s.w.s.FrameworkServlet [http-nio-8080-exec-1] Completed initialization in 3 ms
2023-12-21 10:55:26,392 ERROR i.a.c.s.j.AuthTokenFilter [http-nio-8080-exec-1] Invalid or missing Authorization header
2023-12-21 10:55:26,545 INFO i.a.c.k.EmailProducer [http-nio-8080-exec-1] Email event => id.achfajar.challenge8.dto.producer.EmailProducerDTO@7b4c68ab
2023-12-21 10:55:26,598 INFO o.a.k.c.c.AbstractConfig [http-nio-8080-exec-1] ProducerConfig values: 
	acks = -1
	auto.include.jmx.reporter = true
	batch.size = 16384
	bootstrap.servers = [localhost:9092]
	buffer.memory = 33554432
	client.dns.lookup = use_all_dns_ips
	client.id = producer-1
	compression.type = none
	connections.max.idle.ms = 540000
	delivery.timeout.ms = 120000
	enable.idempotence = true
	interceptor.classes = []
	key.serializer = class org.apache.kafka.common.serialization.StringSerializer
	linger.ms = 0
	max.block.ms = 60000
	max.in.flight.requests.per.connection = 5
	max.request.size = 1048576
	metadata.max.age.ms = 300000
	metadata.max.idle.ms = 300000
	metric.reporters = []
	metrics.num.samples = 2
	metrics.recording.level = INFO
	metrics.sample.window.ms = 30000
	partitioner.adaptive.partitioning.enable = true
	partitioner.availability.timeout.ms = 0
	partitioner.class = null
	partitioner.ignore.keys = false
	receive.buffer.bytes = 32768
	reconnect.backoff.max.ms = 1000
	reconnect.backoff.ms = 50
	request.timeout.ms = 30000
	retries = 2147483647
	retry.backoff.ms = 100
	sasl.client.callback.handler.class = null
	sasl.jaas.config = null
	sasl.kerberos.kinit.cmd = /usr/bin/kinit
	sasl.kerberos.min.time.before.relogin = 60000
	sasl.kerberos.service.name = null
	sasl.kerberos.ticket.renew.jitter = 0.05
	sasl.kerberos.ticket.renew.window.factor = 0.8
	sasl.login.callback.handler.class = null
	sasl.login.class = null
	sasl.login.connect.timeout.ms = null
	sasl.login.read.timeout.ms = null
	sasl.login.refresh.buffer.seconds = 300
	sasl.login.refresh.min.period.seconds = 60
	sasl.login.refresh.window.factor = 0.8
	sasl.login.refresh.window.jitter = 0.05
	sasl.login.retry.backoff.max.ms = 10000
	sasl.login.retry.backoff.ms = 100
	sasl.mechanism = GSSAPI
	sasl.oauthbearer.clock.skew.seconds = 30
	sasl.oauthbearer.expected.audience = null
	sasl.oauthbearer.expected.issuer = null
	sasl.oauthbearer.jwks.endpoint.refresh.ms = 3600000
	sasl.oauthbearer.jwks.endpoint.retry.backoff.max.ms = 10000
	sasl.oauthbearer.jwks.endpoint.retry.backoff.ms = 100
	sasl.oauthbearer.jwks.endpoint.url = null
	sasl.oauthbearer.scope.claim.name = scope
	sasl.oauthbearer.sub.claim.name = sub
	sasl.oauthbearer.token.endpoint.url = null
	security.protocol = PLAINTEXT
	security.providers = null
	send.buffer.bytes = 131072
	socket.connection.setup.timeout.max.ms = 30000
	socket.connection.setup.timeout.ms = 10000
	ssl.cipher.suites = null
	ssl.enabled.protocols = [TLSv1.2, TLSv1.3]
	ssl.endpoint.identification.algorithm = https
	ssl.engine.factory.class = null
	ssl.key.password = null
	ssl.keymanager.algorithm = SunX509
	ssl.keystore.certificate.chain = null
	ssl.keystore.key = null
	ssl.keystore.location = null
	ssl.keystore.password = null
	ssl.keystore.type = JKS
	ssl.protocol = TLSv1.3
	ssl.provider = null
	ssl.secure.random.implementation = null
	ssl.trustmanager.algorithm = PKIX
	ssl.truststore.certificates = null
	ssl.truststore.location = null
	ssl.truststore.password = null
	ssl.truststore.type = JKS
	transaction.timeout.ms = 60000
	transactional.id = null
	value.serializer = class org.springframework.kafka.support.serializer.JsonSerializer

2023-12-21 10:55:26,651 INFO o.a.k.c.p.KafkaProducer [http-nio-8080-exec-1] [Producer clientId=producer-1] Instantiated an idempotent producer.
2023-12-21 10:55:26,712 INFO o.a.k.c.u.AppInfoParser$AppInfo [http-nio-8080-exec-1] Kafka version: 3.4.1
2023-12-21 10:55:26,713 INFO o.a.k.c.u.AppInfoParser$AppInfo [http-nio-8080-exec-1] Kafka commitId: 8a516edc2755df89
2023-12-21 10:55:26,713 INFO o.a.k.c.u.AppInfoParser$AppInfo [http-nio-8080-exec-1] Kafka startTimeMs: 1703130926712
2023-12-21 10:55:26,733 INFO o.a.k.c.Metadata [kafka-producer-network-thread | producer-1] [Producer clientId=producer-1] Resetting the last seen epoch of partition email-service-0 to 0 since the associated topicId changed from null to V8ZbylAnT2-uotbbNDyGLg
2023-12-21 10:55:26,737 INFO o.a.k.c.Metadata [kafka-producer-network-thread | producer-1] [Producer clientId=producer-1] Cluster ID: IvVB58MlRiGfcShC4QrfUQ
2023-12-21 10:55:26,861 INFO o.a.k.c.p.i.TransactionManager [kafka-producer-network-thread | producer-1] [Producer clientId=producer-1] ProducerId set to 0 with epoch 0
2023-12-21 10:55:27,380 INFO c.a.k.EmailService [org.springframework.kafka.KafkaListenerEndpointContainer#0-0-C-1] Email event received in email service => id.achfajar.challenge8.dto.producer.EmailProducerDTO@4c271d56
2023-12-21 10:57:37,660 INFO o.a.k.c.c.i.ConsumerCoordinator [org.springframework.kafka.KafkaListenerEndpointContainer#0-0-C-1] [Consumer clientId=consumer-email-1, groupId=email] Revoke previously assigned partitions email-service-0
2023-12-21 10:57:37,673 INFO o.s.c.l.LogAccessor [org.springframework.kafka.KafkaListenerEndpointContainer#0-0-C-1] email: partitions revoked: [email-service-0]
2023-12-21 10:57:37,675 INFO o.a.k.c.c.i.AbstractCoordinator [org.springframework.kafka.KafkaListenerEndpointContainer#0-0-C-1] [Consumer clientId=consumer-email-1, groupId=email] Member consumer-email-1-7f953b01-4978-4b94-8dd2-f5ebebb4526f sending LeaveGroup request to coordinator DESKTOP-UQ7M8HP:9092 (id: 2147483647 rack: null) due to the consumer unsubscribed from all topics
2023-12-21 10:57:37,677 INFO o.a.k.c.c.i.AbstractCoordinator [org.springframework.kafka.KafkaListenerEndpointContainer#0-0-C-1] [Consumer clientId=consumer-email-1, groupId=email] Resetting generation and member id due to: consumer pro-actively leaving the group
2023-12-21 10:57:37,678 INFO o.a.k.c.c.i.AbstractCoordinator [org.springframework.kafka.KafkaListenerEndpointContainer#0-0-C-1] [Consumer clientId=consumer-email-1, groupId=email] Request joining group due to: consumer pro-actively leaving the group
2023-12-21 10:57:37,678 INFO o.a.k.c.c.KafkaConsumer [org.springframework.kafka.KafkaListenerEndpointContainer#0-0-C-1] [Consumer clientId=consumer-email-1, groupId=email] Unsubscribed all topics or patterns and assigned partitions
2023-12-21 10:57:37,682 INFO o.a.k.c.c.i.AbstractCoordinator [org.springframework.kafka.KafkaListenerEndpointContainer#0-0-C-1] [Consumer clientId=consumer-email-1, groupId=email] Resetting generation and member id due to: consumer pro-actively leaving the group
2023-12-21 10:57:37,683 INFO o.a.k.c.c.i.AbstractCoordinator [org.springframework.kafka.KafkaListenerEndpointContainer#0-0-C-1] [Consumer clientId=consumer-email-1, groupId=email] Request joining group due to: consumer pro-actively leaving the group
2023-12-21 10:57:37,883 INFO o.a.k.c.m.Metrics [org.springframework.kafka.KafkaListenerEndpointContainer#0-0-C-1] Metrics scheduler closed
2023-12-21 10:57:37,884 INFO o.a.k.c.m.Metrics [org.springframework.kafka.KafkaListenerEndpointContainer#0-0-C-1] Closing reporter org.apache.kafka.common.metrics.JmxReporter
2023-12-21 10:57:37,886 INFO o.a.k.c.m.Metrics [org.springframework.kafka.KafkaListenerEndpointContainer#0-0-C-1] Metrics reporters closed
2023-12-21 10:57:37,919 INFO o.a.k.c.u.AppInfoParser [org.springframework.kafka.KafkaListenerEndpointContainer#0-0-C-1] App info kafka.consumer for consumer-email-1 unregistered
2023-12-21 10:57:37,922 INFO o.s.c.l.LogAccessor [org.springframework.kafka.KafkaListenerEndpointContainer#0-0-C-1] email: Consumer stopped
2023-12-21 10:57:38,135 INFO o.s.o.j.AbstractEntityManagerFactoryBean [SpringApplicationShutdownHook] Closing JPA EntityManagerFactory for persistence unit 'default'
2023-12-21 10:57:38,214 INFO c.z.h.HikariDataSource [SpringApplicationShutdownHook] HikariPool-1 - Shutdown initiated...
2023-12-21 10:57:39,068 INFO c.z.h.HikariDataSource [SpringApplicationShutdownHook] HikariPool-1 - Shutdown completed.
