2023-11-04 05:36:08,255 INFO o.s.o.j.AbstractEntityManagerFactoryBean [SpringApplicationShutdownHook] Closing JPA EntityManagerFactory for persistence unit 'default'
2023-11-04 05:36:08,733 INFO c.z.h.HikariDataSource [SpringApplicationShutdownHook] HikariPool-1 - Shutdown initiated...
2023-11-04 05:36:08,749 INFO c.z.h.HikariDataSource [SpringApplicationShutdownHook] HikariPool-1 - Shutdown completed.
2023-11-04 05:36:28,157 INFO o.s.b.StartupInfoLogger [restartedMain] Starting ChallengeApplication using Java 20.0.1 with PID 7968 (C:\Users\FAJAR\Downloads\Belajar Java\challenge\challenge\target\classes started by FAJAR in C:\Users\FAJAR\Downloads\Belajar Java\challenge\challenge)
2023-11-04 05:36:28,165 INFO o.s.b.SpringApplication [restartedMain] No active profile set, falling back to 1 default profile: "default"
2023-11-04 05:36:28,312 INFO o.s.b.l.DeferredLog [restartedMain] Devtools property defaults active! Set 'spring.devtools.add-properties' to 'false' to disable
2023-11-04 05:36:28,324 INFO o.s.b.l.DeferredLog [restartedMain] For additional web related logging consider setting the 'logging.level.web' property to 'DEBUG'
2023-11-04 05:36:30,995 INFO o.s.d.r.c.RepositoryConfigurationDelegate [restartedMain] Bootstrapping Spring Data JPA repositories in DEFAULT mode.
2023-11-04 05:36:31,459 INFO o.s.d.r.c.RepositoryConfigurationDelegate [restartedMain] Finished Spring Data repository scanning in 404 ms. Found 1 JPA repository interfaces.
2023-11-04 05:36:33,960 INFO o.s.b.w.e.t.TomcatWebServer [restartedMain] Tomcat initialized with port(s): 8080 (http)
2023-11-04 05:36:33,980 INFO o.a.j.l.DirectJDKLog [restartedMain] Initializing ProtocolHandler ["http-nio-8080"]
2023-11-04 05:36:33,989 INFO o.a.j.l.DirectJDKLog [restartedMain] Starting service [Tomcat]
2023-11-04 05:36:33,990 INFO o.a.j.l.DirectJDKLog [restartedMain] Starting Servlet engine: [Apache Tomcat/10.1.15]
2023-11-04 05:36:34,131 INFO o.a.j.l.DirectJDKLog [restartedMain] Initializing Spring embedded WebApplicationContext
2023-11-04 05:36:34,135 INFO o.s.b.w.s.c.ServletWebServerApplicationContext [restartedMain] Root WebApplicationContext: initialization completed in 5780 ms
2023-11-04 05:36:34,622 INFO o.h.j.i.u.LogHelper [restartedMain] HHH000204: Processing PersistenceUnitInfo [name: default]
2023-11-04 05:36:34,753 INFO o.h.Version [restartedMain] HHH000412: Hibernate ORM core version 6.2.13.Final
2023-11-04 05:36:34,759 INFO o.h.c.Environment [restartedMain] HHH000406: Using bytecode reflection optimizer
2023-11-04 05:36:35,532 INFO o.s.o.j.p.SpringPersistenceUnitInfo [restartedMain] No LoadTimeWeaver setup: ignoring JPA class transformer
2023-11-04 05:36:35,603 INFO c.z.h.HikariDataSource [restartedMain] HikariPool-1 - Starting...
2023-11-04 05:36:36,082 INFO c.z.h.p.HikariPool [restartedMain] HikariPool-1 - Added connection org.postgresql.jdbc.PgConnection@713c1baa
2023-11-04 05:36:36,086 INFO c.z.h.HikariDataSource [restartedMain] HikariPool-1 - Start completed.
2023-11-04 05:36:36,171 WARN o.h.e.j.d.i.DialectFactoryImpl [restartedMain] HHH90000025: PostgreSQLDialect does not need to be specified explicitly using 'hibernate.dialect' (remove the property setting and it will be selected by default)
2023-11-04 05:36:40,665 INFO o.h.e.t.j.p.i.JtaPlatformInitiator [restartedMain] HHH000489: No JTA platform available (set 'hibernate.transaction.jta.platform' to enable JTA platform integration)
2023-11-04 05:36:41,000 INFO o.s.o.j.AbstractEntityManagerFactoryBean [restartedMain] Initialized JPA EntityManagerFactory for persistence unit 'default'
2023-11-04 05:36:41,841 INFO o.s.d.j.r.q.QueryEnhancerFactory [restartedMain] Hibernate is in classpath; If applicable, HQL parser will be used.
2023-11-04 05:36:43,664 WARN o.s.b.a.o.j.JpaBaseConfiguration$JpaWebConfiguration [restartedMain] spring.jpa.open-in-view is enabled by default. Therefore, database queries may be performed during view rendering. Explicitly configure spring.jpa.open-in-view to disable this warning
2023-11-04 05:36:46,558 INFO o.s.b.d.a.OptionalLiveReloadServer [restartedMain] LiveReload server is running on port 35729
2023-11-04 05:36:46,593 INFO o.a.j.l.DirectJDKLog [restartedMain] Starting ProtocolHandler ["http-nio-8080"]
2023-11-04 05:36:46,639 INFO o.s.b.w.e.t.TomcatWebServer [restartedMain] Tomcat started on port(s): 8080 (http) with context path ''
2023-11-04 05:36:46,704 INFO o.s.b.StartupInfoLogger [restartedMain] Started ChallengeApplication in 20.138 seconds (process running for 21.976)
