2023-12-19 22:59:15,526 INFO o.h.v.i.u.Version [background-preinit] HV000001: Hibernate Validator 8.0.1.Final
2023-12-19 22:59:15,827 INFO o.s.b.StartupInfoLogger [restartedMain] Starting ChallengeApplication using Java 20.0.1 with PID 48488 (C:\Users\FAJAR\Downloads\Belajar Java\Challenge_7\BinarFudMain\target\classes started by FAJAR in C:\Users\FAJAR\Downloads\Belajar Java\Challenge_7)
2023-12-19 22:59:15,834 INFO o.s.b.SpringApplication [restartedMain] No active profile set, falling back to 1 default profile: "default"
2023-12-19 22:59:16,092 INFO o.s.b.l.DeferredLog [restartedMain] Devtools property defaults active! Set 'spring.devtools.add-properties' to 'false' to disable
2023-12-19 22:59:16,094 INFO o.s.b.l.DeferredLog [restartedMain] For additional web related logging consider setting the 'logging.level.web' property to 'DEBUG'
2023-12-19 22:59:21,988 INFO o.s.d.r.c.RepositoryConfigurationDelegate [restartedMain] Bootstrapping Spring Data JPA repositories in DEFAULT mode.
2023-12-19 22:59:22,429 INFO o.s.d.r.c.RepositoryConfigurationDelegate [restartedMain] Finished Spring Data repository scanning in 393 ms. Found 6 JPA repository interfaces.
2023-12-19 22:59:28,762 INFO o.s.b.w.e.t.TomcatWebServer [restartedMain] Tomcat initialized with port(s): 8080 (http)
2023-12-19 22:59:28,803 INFO o.a.j.l.DirectJDKLog [restartedMain] Initializing ProtocolHandler ["http-nio-8080"]
2023-12-19 22:59:28,812 INFO o.a.j.l.DirectJDKLog [restartedMain] Starting service [Tomcat]
2023-12-19 22:59:28,813 INFO o.a.j.l.DirectJDKLog [restartedMain] Starting Servlet engine: [Apache Tomcat/10.1.15]
2023-12-19 22:59:29,175 INFO o.a.j.l.DirectJDKLog [restartedMain] Initializing Spring embedded WebApplicationContext
2023-12-19 22:59:29,180 INFO o.s.b.w.s.c.ServletWebServerApplicationContext [restartedMain] Root WebApplicationContext: initialization completed in 13080 ms
2023-12-19 22:59:30,455 INFO o.f.c.i.l.s.Slf4jLog [restartedMain] Flyway Community Edition 9.16.3 by Redgate
2023-12-19 22:59:30,459 INFO o.f.c.i.l.s.Slf4jLog [restartedMain] See release notes here: https://rd.gt/416ObMi
2023-12-19 22:59:30,461 INFO o.f.c.i.l.s.Slf4jLog [restartedMain] 
2023-12-19 22:59:32,544 INFO o.f.c.i.l.s.Slf4jLog [restartedMain] Database: jdbc:postgresql://localhost:5432/challenge8 (PostgreSQL 16.0)
2023-12-19 22:59:32,613 WARN o.f.c.i.l.s.Slf4jLog [restartedMain] Flyway upgrade recommended: PostgreSQL 16.0 is newer than this version of Flyway and support has not been tested. The latest supported version of PostgreSQL is 15.
2023-12-19 22:59:32,863 INFO o.f.c.i.l.s.Slf4jLog [restartedMain] Successfully validated 1 migration (execution time 00:00.154s)
2023-12-19 22:59:33,434 INFO o.f.c.i.l.s.Slf4jLog [restartedMain] Current version of schema "migrations": null
2023-12-19 22:59:33,437 INFO o.f.c.i.l.s.Slf4jLog [restartedMain] Schema "migrations" is up to date. No migration necessary.
2023-12-19 22:59:33,805 INFO o.h.j.i.u.LogHelper [restartedMain] HHH000204: Processing PersistenceUnitInfo [name: default]
2023-12-19 22:59:34,039 INFO o.h.Version [restartedMain] HHH000412: Hibernate ORM core version 6.2.13.Final
2023-12-19 22:59:34,062 INFO o.h.c.Environment [restartedMain] HHH000406: Using bytecode reflection optimizer
2023-12-19 22:59:35,407 INFO o.s.o.j.p.SpringPersistenceUnitInfo [restartedMain] No LoadTimeWeaver setup: ignoring JPA class transformer
2023-12-19 22:59:35,507 INFO c.z.h.HikariDataSource [restartedMain] HikariPool-1 - Starting...
2023-12-19 22:59:35,710 INFO c.z.h.p.HikariPool [restartedMain] HikariPool-1 - Added connection org.postgresql.jdbc.PgConnection@55c75740
2023-12-19 22:59:35,716 INFO c.z.h.HikariDataSource [restartedMain] HikariPool-1 - Start completed.
2023-12-19 22:59:35,850 WARN o.h.e.j.d.i.DialectFactoryImpl [restartedMain] HHH90000025: PostgreSQLDialect does not need to be specified explicitly using 'hibernate.dialect' (remove the property setting and it will be selected by default)
2023-12-19 22:59:42,206 INFO o.h.e.t.j.p.i.JtaPlatformInitiator [restartedMain] HHH000489: No JTA platform available (set 'hibernate.transaction.jta.platform' to enable JTA platform integration)
2023-12-19 22:59:42,923 INFO o.s.o.j.AbstractEntityManagerFactoryBean [restartedMain] Initialized JPA EntityManagerFactory for persistence unit 'default'
2023-12-19 22:59:47,752 INFO o.s.d.j.r.q.QueryEnhancerFactory [restartedMain] Hibernate is in classpath; If applicable, HQL parser will be used.
2023-12-19 22:59:51,650 INFO c.c.s.SocketIOServer [restartedMain] Session store / pubsub factory used: MemoryStoreFactory (local session store only)
2023-12-19 22:59:52,029 INFO c.c.s.SocketIOServer$1 [nioEventLoopGroup-2-1] SocketIO server started at port: 8085
2023-12-19 22:59:52,397 WARN o.s.b.a.o.j.JpaBaseConfiguration$JpaWebConfiguration [restartedMain] spring.jpa.open-in-view is enabled by default. Therefore, database queries may be performed during view rendering. Explicitly configure spring.jpa.open-in-view to disable this warning
2023-12-19 22:59:56,518 INFO o.s.s.w.DefaultSecurityFilterChain [restartedMain] Will secure any request with [org.springframework.security.web.session.DisableEncodeUrlFilter@6ca56eba, org.springframework.security.web.context.request.async.WebAsyncManagerIntegrationFilter@5b24d9f, org.springframework.security.web.context.SecurityContextHolderFilter@72c35286, org.springframework.security.web.header.HeaderWriterFilter@33302211, org.springframework.security.web.authentication.logout.LogoutFilter@71fbdd5b, org.springframework.security.oauth2.client.web.OAuth2AuthorizationRequestRedirectFilter@210b8302, org.springframework.security.oauth2.client.web.OAuth2LoginAuthenticationFilter@3bd4871, id.achfajar.challenge8.security.jwt.AuthTokenFilter@f901435, org.springframework.security.web.authentication.UsernamePasswordAuthenticationFilter@3d02693c, org.springframework.security.web.authentication.ui.DefaultLoginPageGeneratingFilter@7b60bda4, org.springframework.security.web.authentication.ui.DefaultLogoutPageGeneratingFilter@39075c7b, org.springframework.security.web.savedrequest.RequestCacheAwareFilter@2254e48e, org.springframework.security.web.servletapi.SecurityContextHolderAwareRequestFilter@78b74184, org.springframework.security.web.authentication.AnonymousAuthenticationFilter@77629ca5, org.springframework.security.web.session.SessionManagementFilter@70f69b05, org.springframework.security.web.access.ExceptionTranslationFilter@30b8ed2b, org.springframework.security.web.access.intercept.AuthorizationFilter@3c43d576]
2023-12-19 22:59:57,722 INFO o.s.b.d.a.OptionalLiveReloadServer [restartedMain] LiveReload server is running on port 35729
2023-12-19 22:59:57,821 INFO o.a.k.c.c.AbstractConfig [restartedMain] AdminClientConfig values: 
	auto.include.jmx.reporter = true
	bootstrap.servers = [localhost:9092]
	client.dns.lookup = use_all_dns_ips
	client.id = 
	connections.max.idle.ms = 300000
	default.api.timeout.ms = 60000
	metadata.max.age.ms = 300000
	metric.reporters = []
	metrics.num.samples = 2
	metrics.recording.level = INFO
	metrics.sample.window.ms = 30000
	receive.buffer.bytes = 65536
	reconnect.backoff.max.ms = 1000
	reconnect.backoff.ms = 50
	request.timeout.ms = 30000
	retries = 2147483647
	retry.backoff.ms = 100
	sasl.client.callback.handler.class = null
	sasl.jaas.config = null
	sasl.kerberos.kinit.cmd = /usr/bin/kinit
	sasl.kerberos.min.time.before.relogin = 60000
	sasl.kerberos.service.name = null
	sasl.kerberos.ticket.renew.jitter = 0.05
	sasl.kerberos.ticket.renew.window.factor = 0.8
	sasl.login.callback.handler.class = null
	sasl.login.class = null
	sasl.login.connect.timeout.ms = null
	sasl.login.read.timeout.ms = null
	sasl.login.refresh.buffer.seconds = 300
	sasl.login.refresh.min.period.seconds = 60
	sasl.login.refresh.window.factor = 0.8
	sasl.login.refresh.window.jitter = 0.05
	sasl.login.retry.backoff.max.ms = 10000
	sasl.login.retry.backoff.ms = 100
	sasl.mechanism = GSSAPI
	sasl.oauthbearer.clock.skew.seconds = 30
	sasl.oauthbearer.expected.audience = null
	sasl.oauthbearer.expected.issuer = null
	sasl.oauthbearer.jwks.endpoint.refresh.ms = 3600000
	sasl.oauthbearer.jwks.endpoint.retry.backoff.max.ms = 10000
	sasl.oauthbearer.jwks.endpoint.retry.backoff.ms = 100
	sasl.oauthbearer.jwks.endpoint.url = null
	sasl.oauthbearer.scope.claim.name = scope
	sasl.oauthbearer.sub.claim.name = sub
	sasl.oauthbearer.token.endpoint.url = null
	security.protocol = PLAINTEXT
	security.providers = null
	send.buffer.bytes = 131072
	socket.connection.setup.timeout.max.ms = 30000
	socket.connection.setup.timeout.ms = 10000
	ssl.cipher.suites = null
	ssl.enabled.protocols = [TLSv1.2, TLSv1.3]
	ssl.endpoint.identification.algorithm = https
	ssl.engine.factory.class = null
	ssl.key.password = null
	ssl.keymanager.algorithm = SunX509
	ssl.keystore.certificate.chain = null
	ssl.keystore.key = null
	ssl.keystore.location = null
	ssl.keystore.password = null
	ssl.keystore.type = JKS
	ssl.protocol = TLSv1.3
	ssl.provider = null
	ssl.secure.random.implementation = null
	ssl.trustmanager.algorithm = PKIX
	ssl.truststore.certificates = null
	ssl.truststore.location = null
	ssl.truststore.password = null
	ssl.truststore.type = JKS

2023-12-19 22:59:58,312 INFO o.a.k.c.u.AppInfoParser$AppInfo [restartedMain] Kafka version: 3.4.1
2023-12-19 22:59:58,313 INFO o.a.k.c.u.AppInfoParser$AppInfo [restartedMain] Kafka commitId: 8a516edc2755df89
2023-12-19 22:59:58,314 INFO o.a.k.c.u.AppInfoParser$AppInfo [restartedMain] Kafka startTimeMs: 1703001598310
2023-12-19 22:59:58,361 INFO o.a.k.c.NetworkClient [kafka-admin-client-thread | adminclient-1] [AdminClient clientId=adminclient-1] Node -1 disconnected.
2023-12-19 22:59:58,367 WARN o.a.k.c.NetworkClient [kafka-admin-client-thread | adminclient-1] [AdminClient clientId=adminclient-1] Connection to node -1 (localhost/127.0.0.1:9092) could not be established. Broker may not be available.
2023-12-19 22:59:58,483 INFO o.a.k.c.NetworkClient [kafka-admin-client-thread | adminclient-1] [AdminClient clientId=adminclient-1] Node -1 disconnected.
2023-12-19 22:59:58,485 WARN o.a.k.c.NetworkClient [kafka-admin-client-thread | adminclient-1] [AdminClient clientId=adminclient-1] Connection to node -1 (localhost/127.0.0.1:9092) could not be established. Broker may not be available.
2023-12-19 22:59:58,593 INFO o.a.k.c.NetworkClient [kafka-admin-client-thread | adminclient-1] [AdminClient clientId=adminclient-1] Node -1 disconnected.
2023-12-19 22:59:58,594 WARN o.a.k.c.NetworkClient [kafka-admin-client-thread | adminclient-1] [AdminClient clientId=adminclient-1] Connection to node -1 (localhost/127.0.0.1:9092) could not be established. Broker may not be available.
2023-12-19 22:59:58,814 INFO o.a.k.c.NetworkClient [kafka-admin-client-thread | adminclient-1] [AdminClient clientId=adminclient-1] Node -1 disconnected.
2023-12-19 22:59:58,819 WARN o.a.k.c.NetworkClient [kafka-admin-client-thread | adminclient-1] [AdminClient clientId=adminclient-1] Connection to node -1 (localhost/127.0.0.1:9092) could not be established. Broker may not be available.
2023-12-19 22:59:59,145 INFO o.a.k.c.NetworkClient [kafka-admin-client-thread | adminclient-1] [AdminClient clientId=adminclient-1] Node -1 disconnected.
2023-12-19 22:59:59,149 WARN o.a.k.c.NetworkClient [kafka-admin-client-thread | adminclient-1] [AdminClient clientId=adminclient-1] Connection to node -1 (localhost/127.0.0.1:9092) could not be established. Broker may not be available.
