2023-12-24 21:44:05,936 INFO o.h.v.i.u.Version [background-preinit] HV000001: Hibernate Validator 8.0.1.Final
2023-12-24 21:44:06,613 INFO o.s.b.StartupInfoLogger [restartedMain] Starting ChallengeApplication using Java 20.0.1 with PID 17276 (C:\Users\FAJAR\Downloads\Belajar Java\Challenge_8\BinarFudMain\target\classes started by FAJAR in C:\Users\FAJAR\Downloads\Belajar Java\Challenge_8)
2023-12-24 21:44:06,629 INFO o.s.b.SpringApplication [restartedMain] No active profile set, falling back to 1 default profile: "default"
2023-12-24 21:44:07,321 INFO o.s.b.l.DeferredLog [restartedMain] Devtools property defaults active! Set 'spring.devtools.add-properties' to 'false' to disable
2023-12-24 21:44:07,325 INFO o.s.b.l.DeferredLog [restartedMain] For additional web related logging consider setting the 'logging.level.web' property to 'DEBUG'
2023-12-24 21:44:13,897 INFO o.s.d.r.c.RepositoryConfigurationDelegate [restartedMain] Bootstrapping Spring Data JPA repositories in DEFAULT mode.
2023-12-24 21:44:14,262 INFO o.s.d.r.c.RepositoryConfigurationDelegate [restartedMain] Finished Spring Data repository scanning in 332 ms. Found 6 JPA repository interfaces.
2023-12-24 21:44:19,166 INFO o.s.b.w.e.t.TomcatWebServer [restartedMain] Tomcat initialized with port(s): 8080 (http)
2023-12-24 21:44:19,208 INFO o.a.j.l.DirectJDKLog [restartedMain] Initializing ProtocolHandler ["http-nio-8080"]
2023-12-24 21:44:19,218 INFO o.a.j.l.DirectJDKLog [restartedMain] Starting service [Tomcat]
2023-12-24 21:44:19,219 INFO o.a.j.l.DirectJDKLog [restartedMain] Starting Servlet engine: [Apache Tomcat/10.1.15]
2023-12-24 21:44:19,480 INFO o.a.j.l.DirectJDKLog [restartedMain] Initializing Spring embedded WebApplicationContext
2023-12-24 21:44:19,484 INFO o.s.b.w.s.c.ServletWebServerApplicationContext [restartedMain] Root WebApplicationContext: initialization completed in 12151 ms
2023-12-24 21:44:19,993 INFO o.h.j.i.u.LogHelper [restartedMain] HHH000204: Processing PersistenceUnitInfo [name: default]
2023-12-24 21:44:20,260 INFO o.h.Version [restartedMain] HHH000412: Hibernate ORM core version 6.2.13.Final
2023-12-24 21:44:20,272 INFO o.h.c.Environment [restartedMain] HHH000406: Using bytecode reflection optimizer
2023-12-24 21:44:21,336 INFO o.s.o.j.p.SpringPersistenceUnitInfo [restartedMain] No LoadTimeWeaver setup: ignoring JPA class transformer
2023-12-24 21:44:21,494 INFO c.z.h.HikariDataSource [restartedMain] HikariPool-1 - Starting...
2023-12-24 21:44:22,802 INFO c.z.h.p.HikariPool [restartedMain] HikariPool-1 - Added connection org.postgresql.jdbc.PgConnection@600e9945
2023-12-24 21:44:22,814 INFO c.z.h.HikariDataSource [restartedMain] HikariPool-1 - Start completed.
2023-12-24 21:44:23,285 WARN o.h.e.j.d.i.DialectFactoryImpl [restartedMain] HHH90000025: PostgreSQLDialect does not need to be specified explicitly using 'hibernate.dialect' (remove the property setting and it will be selected by default)
2023-12-24 21:44:28,648 INFO o.h.e.t.j.p.i.JtaPlatformInitiator [restartedMain] HHH000489: No JTA platform available (set 'hibernate.transaction.jta.platform' to enable JTA platform integration)
2023-12-24 21:44:29,341 INFO o.s.o.j.AbstractEntityManagerFactoryBean [restartedMain] Initialized JPA EntityManagerFactory for persistence unit 'default'
2023-12-24 21:44:31,408 INFO i.a.c.c.InitializatorConfig [restartedMain] Firebase application has been initialized
2023-12-24 21:44:32,994 INFO o.s.d.j.r.q.QueryEnhancerFactory [restartedMain] Hibernate is in classpath; If applicable, HQL parser will be used.
2023-12-24 21:44:35,610 INFO c.c.s.SocketIOServer [restartedMain] Session store / pubsub factory used: MemoryStoreFactory (local session store only)
2023-12-24 21:44:36,150 INFO c.c.s.SocketIOServer$1 [nioEventLoopGroup-2-1] SocketIO server started at port: 8088
2023-12-24 21:44:36,706 WARN o.s.b.a.o.j.JpaBaseConfiguration$JpaWebConfiguration [restartedMain] spring.jpa.open-in-view is enabled by default. Therefore, database queries may be performed during view rendering. Explicitly configure spring.jpa.open-in-view to disable this warning
2023-12-24 21:44:40,873 INFO o.s.s.w.DefaultSecurityFilterChain [restartedMain] Will secure any request with [org.springframework.security.web.session.DisableEncodeUrlFilter@3c6c5218, org.springframework.security.web.context.request.async.WebAsyncManagerIntegrationFilter@7e54df34, org.springframework.security.web.context.SecurityContextHolderFilter@579b37ae, org.springframework.security.web.header.HeaderWriterFilter@531f9e61, org.springframework.security.web.authentication.logout.LogoutFilter@5c515c88, org.springframework.security.oauth2.client.web.OAuth2AuthorizationRequestRedirectFilter@6eca0867, org.springframework.security.oauth2.client.web.OAuth2LoginAuthenticationFilter@1b87851, id.achfajar.challenge8.security.jwt.AuthTokenFilter@2c507369, org.springframework.security.web.authentication.UsernamePasswordAuthenticationFilter@2a490545, org.springframework.security.web.authentication.ui.DefaultLoginPageGeneratingFilter@35103352, org.springframework.security.web.authentication.ui.DefaultLogoutPageGeneratingFilter@fd4e62b, org.springframework.security.web.savedrequest.RequestCacheAwareFilter@b5e07e0, org.springframework.security.web.servletapi.SecurityContextHolderAwareRequestFilter@3a664f4b, org.springframework.security.web.authentication.AnonymousAuthenticationFilter@528a2f8e, org.springframework.security.web.session.SessionManagementFilter@71e4c8c1, org.springframework.security.web.access.ExceptionTranslationFilter@771c3fbd, org.springframework.security.web.access.intercept.AuthorizationFilter@367c928c]
2023-12-24 21:44:42,180 INFO o.s.b.d.a.OptionalLiveReloadServer [restartedMain] LiveReload server is running on port 35729
2023-12-24 21:44:42,424 INFO o.a.k.c.c.AbstractConfig [restartedMain] AdminClientConfig values: 
	auto.include.jmx.reporter = true
	bootstrap.servers = [localhost:9092]
	client.dns.lookup = use_all_dns_ips
	client.id = 
	connections.max.idle.ms = 300000
	default.api.timeout.ms = 60000
	metadata.max.age.ms = 300000
	metric.reporters = []
	metrics.num.samples = 2
	metrics.recording.level = INFO
	metrics.sample.window.ms = 30000
	receive.buffer.bytes = 65536
	reconnect.backoff.max.ms = 1000
	reconnect.backoff.ms = 50
	request.timeout.ms = 30000
	retries = 2147483647
	retry.backoff.ms = 100
	sasl.client.callback.handler.class = null
	sasl.jaas.config = null
	sasl.kerberos.kinit.cmd = /usr/bin/kinit
	sasl.kerberos.min.time.before.relogin = 60000
	sasl.kerberos.service.name = null
	sasl.kerberos.ticket.renew.jitter = 0.05
	sasl.kerberos.ticket.renew.window.factor = 0.8
	sasl.login.callback.handler.class = null
	sasl.login.class = null
	sasl.login.connect.timeout.ms = null
	sasl.login.read.timeout.ms = null
	sasl.login.refresh.buffer.seconds = 300
	sasl.login.refresh.min.period.seconds = 60
	sasl.login.refresh.window.factor = 0.8
	sasl.login.refresh.window.jitter = 0.05
	sasl.login.retry.backoff.max.ms = 10000
	sasl.login.retry.backoff.ms = 100
	sasl.mechanism = GSSAPI
	sasl.oauthbearer.clock.skew.seconds = 30
	sasl.oauthbearer.expected.audience = null
	sasl.oauthbearer.expected.issuer = null
	sasl.oauthbearer.jwks.endpoint.refresh.ms = 3600000
	sasl.oauthbearer.jwks.endpoint.retry.backoff.max.ms = 10000
	sasl.oauthbearer.jwks.endpoint.retry.backoff.ms = 100
	sasl.oauthbearer.jwks.endpoint.url = null
	sasl.oauthbearer.scope.claim.name = scope
	sasl.oauthbearer.sub.claim.name = sub
	sasl.oauthbearer.token.endpoint.url = null
	security.protocol = PLAINTEXT
	security.providers = null
	send.buffer.bytes = 131072
	socket.connection.setup.timeout.max.ms = 30000
	socket.connection.setup.timeout.ms = 10000
	ssl.cipher.suites = null
	ssl.enabled.protocols = [TLSv1.2, TLSv1.3]
	ssl.endpoint.identification.algorithm = https
	ssl.engine.factory.class = null
	ssl.key.password = null
	ssl.keymanager.algorithm = SunX509
	ssl.keystore.certificate.chain = null
	ssl.keystore.key = null
	ssl.keystore.location = null
	ssl.keystore.password = null
	ssl.keystore.type = JKS
	ssl.protocol = TLSv1.3
	ssl.provider = null
	ssl.secure.random.implementation = null
	ssl.trustmanager.algorithm = PKIX
	ssl.truststore.certificates = null
	ssl.truststore.location = null
	ssl.truststore.password = null
	ssl.truststore.type = JKS

2023-12-24 21:44:43,751 INFO o.a.k.c.u.AppInfoParser$AppInfo [restartedMain] Kafka version: 3.4.1
2023-12-24 21:44:43,754 INFO o.a.k.c.u.AppInfoParser$AppInfo [restartedMain] Kafka commitId: 8a516edc2755df89
2023-12-24 21:44:43,756 INFO o.a.k.c.u.AppInfoParser$AppInfo [restartedMain] Kafka startTimeMs: 1703429083744
2023-12-24 21:44:43,860 INFO o.a.k.c.NetworkClient [kafka-admin-client-thread | adminclient-1] [AdminClient clientId=adminclient-1] Node -1 disconnected.
2023-12-24 21:44:43,879 WARN o.a.k.c.NetworkClient [kafka-admin-client-thread | adminclient-1] [AdminClient clientId=adminclient-1] Connection to node -1 (localhost/127.0.0.1:9092) could not be established. Broker may not be available.
2023-12-24 21:44:44,016 INFO o.a.k.c.NetworkClient [kafka-admin-client-thread | adminclient-1] [AdminClient clientId=adminclient-1] Node -1 disconnected.
2023-12-24 21:44:44,020 WARN o.a.k.c.NetworkClient [kafka-admin-client-thread | adminclient-1] [AdminClient clientId=adminclient-1] Connection to node -1 (localhost/127.0.0.1:9092) could not be established. Broker may not be available.
2023-12-24 21:44:44,144 INFO o.a.k.c.NetworkClient [kafka-admin-client-thread | adminclient-1] [AdminClient clientId=adminclient-1] Node -1 disconnected.
2023-12-24 21:44:44,146 WARN o.a.k.c.NetworkClient [kafka-admin-client-thread | adminclient-1] [AdminClient clientId=adminclient-1] Connection to node -1 (localhost/127.0.0.1:9092) could not be established. Broker may not be available.
2023-12-24 21:44:44,364 INFO o.a.k.c.NetworkClient [kafka-admin-client-thread | adminclient-1] [AdminClient clientId=adminclient-1] Node -1 disconnected.
2023-12-24 21:44:44,365 WARN o.a.k.c.NetworkClient [kafka-admin-client-thread | adminclient-1] [AdminClient clientId=adminclient-1] Connection to node -1 (localhost/127.0.0.1:9092) could not be established. Broker may not be available.
2023-12-24 21:44:44,809 INFO o.a.k.c.NetworkClient [kafka-admin-client-thread | adminclient-1] [AdminClient clientId=adminclient-1] Node -1 disconnected.
2023-12-24 21:44:44,810 WARN o.a.k.c.NetworkClient [kafka-admin-client-thread | adminclient-1] [AdminClient clientId=adminclient-1] Connection to node -1 (localhost/127.0.0.1:9092) could not be established. Broker may not be available.
2023-12-24 21:44:45,469 INFO o.a.k.c.NetworkClient [kafka-admin-client-thread | adminclient-1] [AdminClient clientId=adminclient-1] Node -1 disconnected.
2023-12-24 21:44:45,471 WARN o.a.k.c.NetworkClient [kafka-admin-client-thread | adminclient-1] [AdminClient clientId=adminclient-1] Connection to node -1 (localhost/127.0.0.1:9092) could not be established. Broker may not be available.
2023-12-24 21:44:46,459 INFO o.a.k.c.NetworkClient [kafka-admin-client-thread | adminclient-1] [AdminClient clientId=adminclient-1] Node -1 disconnected.
2023-12-24 21:44:46,461 WARN o.a.k.c.NetworkClient [kafka-admin-client-thread | adminclient-1] [AdminClient clientId=adminclient-1] Connection to node -1 (localhost/127.0.0.1:9092) could not be established. Broker may not be available.
2023-12-24 21:44:47,547 INFO o.a.k.c.NetworkClient [kafka-admin-client-thread | adminclient-1] [AdminClient clientId=adminclient-1] Node -1 disconnected.
2023-12-24 21:44:47,547 WARN o.a.k.c.NetworkClient [kafka-admin-client-thread | adminclient-1] [AdminClient clientId=adminclient-1] Connection to node -1 (localhost/127.0.0.1:9092) could not be established. Broker may not be available.
2023-12-24 21:44:48,762 INFO o.a.k.c.NetworkClient [kafka-admin-client-thread | adminclient-1] [AdminClient clientId=adminclient-1] Node -1 disconnected.
2023-12-24 21:44:48,764 WARN o.a.k.c.NetworkClient [kafka-admin-client-thread | adminclient-1] [AdminClient clientId=adminclient-1] Connection to node -1 (localhost/127.0.0.1:9092) could not be established. Broker may not be available.
2023-12-24 21:44:49,972 INFO o.a.k.c.NetworkClient [kafka-admin-client-thread | adminclient-1] [AdminClient clientId=adminclient-1] Node -1 disconnected.
2023-12-24 21:44:49,974 WARN o.a.k.c.NetworkClient [kafka-admin-client-thread | adminclient-1] [AdminClient clientId=adminclient-1] Connection to node -1 (localhost/127.0.0.1:9092) could not be established. Broker may not be available.
2023-12-24 21:44:51,183 INFO o.a.k.c.NetworkClient [kafka-admin-client-thread | adminclient-1] [AdminClient clientId=adminclient-1] Node -1 disconnected.
2023-12-24 21:44:51,183 WARN o.a.k.c.NetworkClient [kafka-admin-client-thread | adminclient-1] [AdminClient clientId=adminclient-1] Connection to node -1 (localhost/127.0.0.1:9092) could not be established. Broker may not be available.
2023-12-24 21:44:52,277 INFO o.a.k.c.NetworkClient [kafka-admin-client-thread | adminclient-1] [AdminClient clientId=adminclient-1] Node -1 disconnected.
2023-12-24 21:44:52,278 WARN o.a.k.c.NetworkClient [kafka-admin-client-thread | adminclient-1] [AdminClient clientId=adminclient-1] Connection to node -1 (localhost/127.0.0.1:9092) could not be established. Broker may not be available.
2023-12-24 21:44:53,154 INFO o.a.k.c.NetworkClient [kafka-admin-client-thread | adminclient-1] [AdminClient clientId=adminclient-1] Node -1 disconnected.
2023-12-24 21:44:53,155 WARN o.a.k.c.NetworkClient [kafka-admin-client-thread | adminclient-1] [AdminClient clientId=adminclient-1] Connection to node -1 (localhost/127.0.0.1:9092) could not be established. Broker may not be available.
2023-12-24 21:44:54,143 INFO o.a.k.c.NetworkClient [kafka-admin-client-thread | adminclient-1] [AdminClient clientId=adminclient-1] Node -1 disconnected.
2023-12-24 21:44:54,144 WARN o.a.k.c.NetworkClient [kafka-admin-client-thread | adminclient-1] [AdminClient clientId=adminclient-1] Connection to node -1 (localhost/127.0.0.1:9092) could not be established. Broker may not be available.
2023-12-24 21:44:55,350 INFO o.a.k.c.NetworkClient [kafka-admin-client-thread | adminclient-1] [AdminClient clientId=adminclient-1] Node -1 disconnected.
2023-12-24 21:44:55,352 WARN o.a.k.c.NetworkClient [kafka-admin-client-thread | adminclient-1] [AdminClient clientId=adminclient-1] Connection to node -1 (localhost/127.0.0.1:9092) could not be established. Broker may not be available.
2023-12-24 21:44:56,443 INFO o.a.k.c.NetworkClient [kafka-admin-client-thread | adminclient-1] [AdminClient clientId=adminclient-1] Node -1 disconnected.
2023-12-24 21:44:56,445 WARN o.a.k.c.NetworkClient [kafka-admin-client-thread | adminclient-1] [AdminClient clientId=adminclient-1] Connection to node -1 (localhost/127.0.0.1:9092) could not be established. Broker may not be available.
2023-12-24 21:44:57,536 INFO o.a.k.c.NetworkClient [kafka-admin-client-thread | adminclient-1] [AdminClient clientId=adminclient-1] Node -1 disconnected.
2023-12-24 21:44:57,537 WARN o.a.k.c.NetworkClient [kafka-admin-client-thread | adminclient-1] [AdminClient clientId=adminclient-1] Connection to node -1 (localhost/127.0.0.1:9092) could not be established. Broker may not be available.
2023-12-24 21:44:58,637 INFO o.a.k.c.NetworkClient [kafka-admin-client-thread | adminclient-1] [AdminClient clientId=adminclient-1] Node -1 disconnected.
2023-12-24 21:44:58,638 WARN o.a.k.c.NetworkClient [kafka-admin-client-thread | adminclient-1] [AdminClient clientId=adminclient-1] Connection to node -1 (localhost/127.0.0.1:9092) could not be established. Broker may not be available.
2023-12-24 21:44:59,515 INFO o.a.k.c.NetworkClient [kafka-admin-client-thread | adminclient-1] [AdminClient clientId=adminclient-1] Node -1 disconnected.
2023-12-24 21:44:59,517 WARN o.a.k.c.NetworkClient [kafka-admin-client-thread | adminclient-1] [AdminClient clientId=adminclient-1] Connection to node -1 (localhost/127.0.0.1:9092) could not be established. Broker may not be available.
