2023-12-20 13:43:07,245 INFO o.s.b.d.a.LocalDevToolsAutoConfiguration$RestartingClassPathChangeChangedEventListener [File Watcher] Restarting due to 1 class path change (0 additions, 0 deletions, 1 modification)
2023-12-20 13:43:07,646 INFO o.a.j.l.DirectJDKLog [Thread-5] Pausing ProtocolHandler ["http-nio-8080"]
2023-12-20 13:43:07,649 INFO o.a.j.l.DirectJDKLog [Thread-5] Stopping service [Tomcat]
2023-12-20 13:43:07,670 WARN o.a.j.l.DirectJDKLog [Thread-5] The web application [ROOT] appears to have started a thread named [HikariPool-1 housekeeper] but has failed to stop it. This is very likely to create a memory leak. Stack trace of thread:
 java.base/jdk.internal.misc.Unsafe.park(Native Method)
 java.base/java.util.concurrent.locks.LockSupport.parkNanos(LockSupport.java:269)
 java.base/java.util.concurrent.locks.AbstractQueuedSynchronizer$ConditionObject.awaitNanos(AbstractQueuedSynchronizer.java:1758)
 java.base/java.util.concurrent.ScheduledThreadPoolExecutor$DelayedWorkQueue.take(ScheduledThreadPoolExecutor.java:1182)
 java.base/java.util.concurrent.ScheduledThreadPoolExecutor$DelayedWorkQueue.take(ScheduledThreadPoolExecutor.java:899)
 java.base/java.util.concurrent.ThreadPoolExecutor.getTask(ThreadPoolExecutor.java:1070)
 java.base/java.util.concurrent.ThreadPoolExecutor.runWorker(ThreadPoolExecutor.java:1130)
 java.base/java.util.concurrent.ThreadPoolExecutor$Worker.run(ThreadPoolExecutor.java:642)
 java.base/java.lang.Thread.run(Thread.java:1623)
2023-12-20 13:43:07,675 INFO o.a.j.l.DirectJDKLog [Thread-5] Stopping ProtocolHandler ["http-nio-8080"]
2023-12-20 13:43:07,686 INFO o.a.j.l.DirectJDKLog [Thread-5] Destroying ProtocolHandler ["http-nio-8080"]
2023-12-20 13:43:07,728 INFO c.c.s.SocketIOServer [Thread-5] Session store / pubsub factory used: MemoryStoreFactory (local session store only)
2023-12-20 13:43:08,287 ERROR c.c.s.SocketIOServer$1 [nioEventLoopGroup-4-1] SocketIO server start failed at port: 8085!
2023-12-20 13:43:08,300 WARN o.s.b.f.a.InitDestroyAnnotationBeanPostProcessor [Thread-5] Destroy method on bean with name 'socketIOConfiguration' threw an exception: java.net.BindException: Address already in use: bind
2023-12-20 13:43:08,315 INFO o.s.o.j.AbstractEntityManagerFactoryBean [Thread-5] Closing JPA EntityManagerFactory for persistence unit 'default'
2023-12-20 13:43:08,336 INFO c.z.h.HikariDataSource [Thread-5] HikariPool-1 - Shutdown initiated...
2023-12-20 13:43:08,393 INFO c.z.h.HikariDataSource [Thread-5] HikariPool-1 - Shutdown completed.
2023-12-20 13:43:09,671 INFO o.s.b.StartupInfoLogger [restartedMain] Starting ChallengeApplication using Java 20.0.1 with PID 8120 (C:\Users\FAJAR\Downloads\Belajar Java\Challenge_7\BinarFudMain\target\classes started by FAJAR in C:\Users\FAJAR\Downloads\Belajar Java\Challenge_7)
2023-12-20 13:43:09,673 INFO o.s.b.SpringApplication [restartedMain] No active profile set, falling back to 1 default profile: "default"
2023-12-20 13:43:15,460 INFO o.s.d.r.c.RepositoryConfigurationDelegate [restartedMain] Bootstrapping Spring Data JPA repositories in DEFAULT mode.
2023-12-20 13:43:15,832 INFO o.s.d.r.c.RepositoryConfigurationDelegate [restartedMain] Finished Spring Data repository scanning in 370 ms. Found 6 JPA repository interfaces.
2023-12-20 13:43:19,492 INFO o.s.b.w.e.t.TomcatWebServer [restartedMain] Tomcat initialized with port(s): 8080 (http)
2023-12-20 13:43:19,495 INFO o.a.j.l.DirectJDKLog [restartedMain] Initializing ProtocolHandler ["http-nio-8080"]
2023-12-20 13:43:19,498 INFO o.a.j.l.DirectJDKLog [restartedMain] Starting service [Tomcat]
2023-12-20 13:43:19,500 INFO o.a.j.l.DirectJDKLog [restartedMain] Starting Servlet engine: [Apache Tomcat/10.1.15]
2023-12-20 13:43:19,805 INFO o.a.j.l.DirectJDKLog [restartedMain] Initializing Spring embedded WebApplicationContext
2023-12-20 13:43:19,806 INFO o.s.b.w.s.c.ServletWebServerApplicationContext [restartedMain] Root WebApplicationContext: initialization completed in 10075 ms
2023-12-20 13:43:20,243 INFO o.f.c.i.l.s.Slf4jLog [restartedMain] Database: jdbc:postgresql://localhost:5432/challenge8 (PostgreSQL 16.0)
2023-12-20 13:43:20,249 WARN o.f.c.i.l.s.Slf4jLog [restartedMain] Flyway upgrade recommended: PostgreSQL 16.0 is newer than this version of Flyway and support has not been tested. The latest supported version of PostgreSQL is 15.
2023-12-20 13:43:20,280 INFO o.f.c.i.l.s.Slf4jLog [restartedMain] Successfully validated 1 migration (execution time 00:00.020s)
2023-12-20 13:43:20,454 INFO o.f.c.i.l.s.Slf4jLog [restartedMain] Current version of schema "migrations": null
2023-12-20 13:43:20,456 INFO o.f.c.i.l.s.Slf4jLog [restartedMain] Schema "migrations" is up to date. No migration necessary.
2023-12-20 13:43:20,543 INFO o.h.j.i.u.LogHelper [restartedMain] HHH000204: Processing PersistenceUnitInfo [name: default]
2023-12-20 13:43:20,593 INFO o.s.o.j.p.SpringPersistenceUnitInfo [restartedMain] No LoadTimeWeaver setup: ignoring JPA class transformer
2023-12-20 13:43:20,599 INFO c.z.h.HikariDataSource [restartedMain] HikariPool-2 - Starting...
2023-12-20 13:43:20,848 INFO c.z.h.p.HikariPool [restartedMain] HikariPool-2 - Added connection org.postgresql.jdbc.PgConnection@47c8e563
2023-12-20 13:43:20,850 INFO c.z.h.HikariDataSource [restartedMain] HikariPool-2 - Start completed.
2023-12-20 13:43:20,882 WARN o.h.e.j.d.i.DialectFactoryImpl [restartedMain] HHH90000025: PostgreSQLDialect does not need to be specified explicitly using 'hibernate.dialect' (remove the property setting and it will be selected by default)
2023-12-20 13:43:24,241 INFO o.h.e.t.j.p.i.JtaPlatformInitiator [restartedMain] HHH000489: No JTA platform available (set 'hibernate.transaction.jta.platform' to enable JTA platform integration)
2023-12-20 13:43:26,279 INFO o.s.o.j.AbstractEntityManagerFactoryBean [restartedMain] Initialized JPA EntityManagerFactory for persistence unit 'default'
2023-12-20 13:43:28,947 INFO c.c.s.SocketIOServer [restartedMain] Session store / pubsub factory used: MemoryStoreFactory (local session store only)
2023-12-20 13:43:29,205 ERROR c.c.s.SocketIOServer$1 [nioEventLoopGroup-6-1] SocketIO server start failed at port: 8085!
2023-12-20 13:43:29,217 WARN o.s.c.s.AbstractApplicationContext [restartedMain] Exception encountered during context initialization - cancelling refresh attempt: org.springframework.beans.factory.UnsatisfiedDependencyException: Error creating bean with name 'socketIOController' defined in file [C:\Users\FAJAR\Downloads\Belajar Java\Challenge_7\BinarFudMain\target\classes\id\achfajar\challenge7\controller\SocketIOController.class]: Unsatisfied dependency expressed through constructor parameter 0: Error creating bean with name 'startSocketIOServer' defined in class path resource [id/achfajar/challenge7/config/SocketIOConfiguration.class]: Failed to instantiate [com.corundumstudio.socketio.SocketIOServer]: Factory method 'startSocketIOServer' threw exception with message: Address already in use: bind
2023-12-20 13:43:29,220 INFO c.c.s.SocketIOServer [restartedMain] Session store / pubsub factory used: MemoryStoreFactory (local session store only)
2023-12-20 13:43:29,452 ERROR c.c.s.SocketIOServer$1 [nioEventLoopGroup-8-1] SocketIO server start failed at port: 8085!
2023-12-20 13:43:29,452 WARN o.s.b.f.a.InitDestroyAnnotationBeanPostProcessor [restartedMain] Destroy method on bean with name 'socketIOConfiguration' threw an exception: java.net.BindException: Address already in use: bind
2023-12-20 13:43:29,457 INFO o.s.o.j.AbstractEntityManagerFactoryBean [restartedMain] Closing JPA EntityManagerFactory for persistence unit 'default'
2023-12-20 13:43:29,460 INFO c.z.h.HikariDataSource [restartedMain] HikariPool-2 - Shutdown initiated...
2023-12-20 13:43:29,499 INFO c.z.h.HikariDataSource [restartedMain] HikariPool-2 - Shutdown completed.
2023-12-20 13:43:29,508 INFO o.a.j.l.DirectJDKLog [restartedMain] Stopping service [Tomcat]
2023-12-20 13:43:29,743 INFO o.s.b.a.l.ConditionEvaluationReportLogger [restartedMain] 

Error starting ApplicationContext. To display the condition evaluation report re-run your application with 'debug' enabled.
2023-12-20 13:43:29,941 ERROR o.s.b.SpringApplication [restartedMain] Application run failed
org.springframework.beans.factory.UnsatisfiedDependencyException: Error creating bean with name 'socketIOController' defined in file [C:\Users\FAJAR\Downloads\Belajar Java\Challenge_7\BinarFudMain\target\classes\id\achfajar\challenge7\controller\SocketIOController.class]: Unsatisfied dependency expressed through constructor parameter 0: Error creating bean with name 'startSocketIOServer' defined in class path resource [id/achfajar/challenge7/config/SocketIOConfiguration.class]: Failed to instantiate [com.corundumstudio.socketio.SocketIOServer]: Factory method 'startSocketIOServer' threw exception with message: Address already in use: bind
	at org.springframework.beans.factory.support.ConstructorResolver.createArgumentArray(ConstructorResolver.java:801)
	at org.springframework.beans.factory.support.ConstructorResolver.autowireConstructor(ConstructorResolver.java:240)
	at org.springframework.beans.factory.support.AbstractAutowireCapableBeanFactory.autowireConstructor(AbstractAutowireCapableBeanFactory.java:1352)
	at org.springframework.beans.factory.support.AbstractAutowireCapableBeanFactory.createBeanInstance(AbstractAutowireCapableBeanFactory.java:1189)
	at org.springframework.beans.factory.support.AbstractAutowireCapableBeanFactory.doCreateBean(AbstractAutowireCapableBeanFactory.java:560)
	at org.springframework.beans.factory.support.AbstractAutowireCapableBeanFactory.createBean(AbstractAutowireCapableBeanFactory.java:520)
	at org.springframework.beans.factory.support.AbstractBeanFactory.lambda$doGetBean$0(AbstractBeanFactory.java:325)
	at org.springframework.beans.factory.support.DefaultSingletonBeanRegistry.getSingleton(DefaultSingletonBeanRegistry.java:234)
	at org.springframework.beans.factory.support.AbstractBeanFactory.doGetBean(AbstractBeanFactory.java:323)
	at org.springframework.beans.factory.support.AbstractBeanFactory.getBean(AbstractBeanFactory.java:199)
	at org.springframework.beans.factory.support.DefaultListableBeanFactory.preInstantiateSingletons(DefaultListableBeanFactory.java:973)
	at org.springframework.context.support.AbstractApplicationContext.finishBeanFactoryInitialization(AbstractApplicationContext.java:950)
	at org.springframework.context.support.AbstractApplicationContext.refresh(AbstractApplicationContext.java:616)
	at org.springframework.boot.web.servlet.context.ServletWebServerApplicationContext.refresh(ServletWebServerApplicationContext.java:146)
	at org.springframework.boot.SpringApplication.refresh(SpringApplication.java:738)
	at org.springframework.boot.SpringApplication.refreshContext(SpringApplication.java:440)
	at org.springframework.boot.SpringApplication.run(SpringApplication.java:316)
	at org.springframework.boot.SpringApplication.run(SpringApplication.java:1306)
	at org.springframework.boot.SpringApplication.run(SpringApplication.java:1295)
	at id.achfajar.challenge8.ChallengeApplication.main(ChallengeApplication.java:10)
	at java.base/jdk.internal.reflect.DirectMethodHandleAccessor.invoke(DirectMethodHandleAccessor.java:104)
	at java.base/java.lang.reflect.Method.invoke(Method.java:578)
	at org.springframework.boot.devtools.restart.RestartLauncher.run(RestartLauncher.java:50)
Caused by: org.springframework.beans.factory.BeanCreationException: Error creating bean with name 'startSocketIOServer' defined in class path resource [id/achfajar/challenge7/config/SocketIOConfiguration.class]: Failed to instantiate [com.corundumstudio.socketio.SocketIOServer]: Factory method 'startSocketIOServer' threw exception with message: Address already in use: bind
	at org.springframework.beans.factory.support.ConstructorResolver.instantiate(ConstructorResolver.java:654)
	at org.springframework.beans.factory.support.ConstructorResolver.instantiateUsingFactoryMethod(ConstructorResolver.java:488)
	at org.springframework.beans.factory.support.AbstractAutowireCapableBeanFactory.instantiateUsingFactoryMethod(AbstractAutowireCapableBeanFactory.java:1332)
	at org.springframework.beans.factory.support.AbstractAutowireCapableBeanFactory.createBeanInstance(AbstractAutowireCapableBeanFactory.java:1162)
	at org.springframework.beans.factory.support.AbstractAutowireCapableBeanFactory.doCreateBean(AbstractAutowireCapableBeanFactory.java:560)
	at org.springframework.beans.factory.support.AbstractAutowireCapableBeanFactory.createBean(AbstractAutowireCapableBeanFactory.java:520)
	at org.springframework.beans.factory.support.AbstractBeanFactory.lambda$doGetBean$0(AbstractBeanFactory.java:325)
	at org.springframework.beans.factory.support.DefaultSingletonBeanRegistry.getSingleton(DefaultSingletonBeanRegistry.java:234)
	at org.springframework.beans.factory.support.AbstractBeanFactory.doGetBean(AbstractBeanFactory.java:323)
	at org.springframework.beans.factory.support.AbstractBeanFactory.getBean(AbstractBeanFactory.java:199)
	at org.springframework.beans.factory.config.DependencyDescriptor.resolveCandidate(DependencyDescriptor.java:254)
	at org.springframework.beans.factory.support.DefaultListableBeanFactory.doResolveDependency(DefaultListableBeanFactory.java:1417)
	at org.springframework.beans.factory.support.DefaultListableBeanFactory.resolveDependency(DefaultListableBeanFactory.java:1337)
	at org.springframework.beans.factory.support.ConstructorResolver.resolveAutowiredArgument(ConstructorResolver.java:910)
	at org.springframework.beans.factory.support.ConstructorResolver.createArgumentArray(ConstructorResolver.java:788)
	... 22 common frames omitted
Caused by: org.springframework.beans.BeanInstantiationException: Failed to instantiate [com.corundumstudio.socketio.SocketIOServer]: Factory method 'startSocketIOServer' threw exception with message: Address already in use: bind
	at org.springframework.beans.factory.support.SimpleInstantiationStrategy.instantiate(SimpleInstantiationStrategy.java:171)
	at org.springframework.beans.factory.support.ConstructorResolver.instantiate(ConstructorResolver.java:650)
	... 36 common frames omitted
Caused by: java.net.BindException: Address already in use: bind
	at java.base/sun.nio.ch.Net.bind0(Native Method)
	at java.base/sun.nio.ch.Net.bind(Net.java:556)
	at java.base/sun.nio.ch.ServerSocketChannelImpl.netBind(ServerSocketChannelImpl.java:344)
	at java.base/sun.nio.ch.ServerSocketChannelImpl.bind(ServerSocketChannelImpl.java:301)
	at io.netty.channel.socket.nio.NioServerSocketChannel.doBind(NioServerSocketChannel.java:141)
	at io.netty.channel.AbstractChannel$AbstractUnsafe.bind(AbstractChannel.java:562)
	at io.netty.channel.DefaultChannelPipeline$HeadContext.bind(DefaultChannelPipeline.java:1334)
	at io.netty.channel.AbstractChannelHandlerContext.invokeBind(AbstractChannelHandlerContext.java:600)
	at io.netty.channel.AbstractChannelHandlerContext.bind(AbstractChannelHandlerContext.java:579)
	at io.netty.channel.DefaultChannelPipeline.bind(DefaultChannelPipeline.java:973)
	at io.netty.channel.AbstractChannel.bind(AbstractChannel.java:260)
	at io.netty.bootstrap.AbstractBootstrap$2.run(AbstractBootstrap.java:356)
	at io.netty.util.concurrent.AbstractEventExecutor.runTask(AbstractEventExecutor.java:173)
	at io.netty.util.concurrent.AbstractEventExecutor.safeExecute(AbstractEventExecutor.java:166)
	at io.netty.util.concurrent.SingleThreadEventExecutor.runAllTasks(SingleThreadEventExecutor.java:470)
	at io.netty.channel.nio.NioEventLoop.run(NioEventLoop.java:569)
	at io.netty.util.concurrent.SingleThreadEventExecutor$4.run(SingleThreadEventExecutor.java:997)
	at io.netty.util.internal.ThreadExecutorMap$2.run(ThreadExecutorMap.java:74)
	at io.netty.util.concurrent.FastThreadLocalRunnable.run(FastThreadLocalRunnable.java:30)
	at java.base/java.lang.Thread.run(Thread.java:1623)
