2023-12-20 15:05:04,025 INFO o.h.e.t.j.p.i.JtaPlatformInitiator [restartedMain] HHH000489: No JTA platform available (set 'hibernate.transaction.jta.platform' to enable JTA platform integration)
2023-12-20 15:05:05,561 INFO o.s.o.j.AbstractEntityManagerFactoryBean [restartedMain] Initialized JPA EntityManagerFactory for persistence unit 'default'
2023-12-20 15:05:10,177 INFO o.s.d.j.r.q.QueryEnhancerFactory [restartedMain] Hibernate is in classpath; If applicable, HQL parser will be used.
2023-12-20 15:05:13,537 INFO c.c.s.SocketIOServer [restartedMain] Session store / pubsub factory used: MemoryStoreFactory (local session store only)
2023-12-20 15:05:17,348 INFO c.c.s.SocketIOServer$1 [nioEventLoopGroup-2-1] SocketIO server started at port: 8085
2023-12-20 15:05:17,795 WARN o.s.b.a.o.j.JpaBaseConfiguration$JpaWebConfiguration [restartedMain] spring.jpa.open-in-view is enabled by default. Therefore, database queries may be performed during view rendering. Explicitly configure spring.jpa.open-in-view to disable this warning
2023-12-20 15:05:19,349 INFO o.s.s.w.DefaultSecurityFilterChain [restartedMain] Will secure any request with [org.springframework.security.web.session.DisableEncodeUrlFilter@7f2d4675, org.springframework.security.web.context.request.async.WebAsyncManagerIntegrationFilter@52d14f28, org.springframework.security.web.context.SecurityContextHolderFilter@14ecac94, org.springframework.security.web.header.HeaderWriterFilter@4ff8c05e, org.springframework.security.web.authentication.logout.LogoutFilter@7905704, org.springframework.security.oauth2.client.web.OAuth2AuthorizationRequestRedirectFilter@70d61340, org.springframework.security.oauth2.client.web.OAuth2LoginAuthenticationFilter@7c2a3f7f, id.achfajar.challenge8.security.jwt.AuthTokenFilter@3e3514b6, org.springframework.security.web.authentication.UsernamePasswordAuthenticationFilter@45523632, org.springframework.security.web.authentication.ui.DefaultLoginPageGeneratingFilter@739737cb, org.springframework.security.web.authentication.ui.DefaultLogoutPageGeneratingFilter@e111187, org.springframework.security.web.savedrequest.RequestCacheAwareFilter@2e41c48b, org.springframework.security.web.servletapi.SecurityContextHolderAwareRequestFilter@37728df4, org.springframework.security.web.authentication.AnonymousAuthenticationFilter@39f14999, org.springframework.security.web.session.SessionManagementFilter@22ece592, org.springframework.security.web.access.ExceptionTranslationFilter@1a456e78, org.springframework.security.web.access.intercept.AuthorizationFilter@64ea3102]
2023-12-20 15:05:24,054 INFO o.s.b.d.a.OptionalLiveReloadServer [restartedMain] LiveReload server is running on port 35729
2023-12-20 15:05:24,268 INFO o.a.k.c.c.AbstractConfig [restartedMain] AdminClientConfig values: 
	auto.include.jmx.reporter = true
	bootstrap.servers = [localhost:9092]
	client.dns.lookup = use_all_dns_ips
	client.id = 
	connections.max.idle.ms = 300000
	default.api.timeout.ms = 60000
	metadata.max.age.ms = 300000
	metric.reporters = []
	metrics.num.samples = 2
	metrics.recording.level = INFO
	metrics.sample.window.ms = 30000
	receive.buffer.bytes = 65536
	reconnect.backoff.max.ms = 1000
	reconnect.backoff.ms = 50
	request.timeout.ms = 30000
	retries = 2147483647
	retry.backoff.ms = 100
	sasl.client.callback.handler.class = null
	sasl.jaas.config = null
	sasl.kerberos.kinit.cmd = /usr/bin/kinit
	sasl.kerberos.min.time.before.relogin = 60000
	sasl.kerberos.service.name = null
	sasl.kerberos.ticket.renew.jitter = 0.05
	sasl.kerberos.ticket.renew.window.factor = 0.8
	sasl.login.callback.handler.class = null
	sasl.login.class = null
	sasl.login.connect.timeout.ms = null
	sasl.login.read.timeout.ms = null
	sasl.login.refresh.buffer.seconds = 300
	sasl.login.refresh.min.period.seconds = 60
	sasl.login.refresh.window.factor = 0.8
	sasl.login.refresh.window.jitter = 0.05
	sasl.login.retry.backoff.max.ms = 10000
	sasl.login.retry.backoff.ms = 100
	sasl.mechanism = GSSAPI
	sasl.oauthbearer.clock.skew.seconds = 30
	sasl.oauthbearer.expected.audience = null
	sasl.oauthbearer.expected.issuer = null
	sasl.oauthbearer.jwks.endpoint.refresh.ms = 3600000
	sasl.oauthbearer.jwks.endpoint.retry.backoff.max.ms = 10000
	sasl.oauthbearer.jwks.endpoint.retry.backoff.ms = 100
	sasl.oauthbearer.jwks.endpoint.url = null
	sasl.oauthbearer.scope.claim.name = scope
	sasl.oauthbearer.sub.claim.name = sub
	sasl.oauthbearer.token.endpoint.url = null
	security.protocol = PLAINTEXT
	security.providers = null
	send.buffer.bytes = 131072
	socket.connection.setup.timeout.max.ms = 30000
	socket.connection.setup.timeout.ms = 10000
	ssl.cipher.suites = null
	ssl.enabled.protocols = [TLSv1.2, TLSv1.3]
	ssl.endpoint.identification.algorithm = https
	ssl.engine.factory.class = null
	ssl.key.password = null
	ssl.keymanager.algorithm = SunX509
	ssl.keystore.certificate.chain = null
	ssl.keystore.key = null
	ssl.keystore.location = null
	ssl.keystore.password = null
	ssl.keystore.type = JKS
	ssl.protocol = TLSv1.3
	ssl.provider = null
	ssl.secure.random.implementation = null
	ssl.trustmanager.algorithm = PKIX
	ssl.truststore.certificates = null
	ssl.truststore.location = null
	ssl.truststore.password = null
	ssl.truststore.type = JKS

2023-12-20 15:05:24,792 INFO o.a.k.c.u.AppInfoParser$AppInfo [restartedMain] Kafka version: 3.4.1
2023-12-20 15:05:24,793 INFO o.a.k.c.u.AppInfoParser$AppInfo [restartedMain] Kafka commitId: 8a516edc2755df89
2023-12-20 15:05:24,794 INFO o.a.k.c.u.AppInfoParser$AppInfo [restartedMain] Kafka startTimeMs: 1703059524788
2023-12-20 15:05:26,004 INFO o.a.k.c.u.AppInfoParser [kafka-admin-client-thread | adminclient-1] App info kafka.admin.client for adminclient-1 unregistered
2023-12-20 15:05:26,045 INFO o.a.k.c.m.Metrics [kafka-admin-client-thread | adminclient-1] Metrics scheduler closed
2023-12-20 15:05:26,047 INFO o.a.k.c.m.Metrics [kafka-admin-client-thread | adminclient-1] Closing reporter org.apache.kafka.common.metrics.JmxReporter
2023-12-20 15:05:26,049 INFO o.a.k.c.m.Metrics [kafka-admin-client-thread | adminclient-1] Metrics reporters closed
2023-12-20 15:05:26,075 INFO o.a.j.l.DirectJDKLog [restartedMain] Starting ProtocolHandler ["http-nio-8080"]
2023-12-20 15:05:26,194 INFO o.s.b.w.e.t.TomcatWebServer [restartedMain] Tomcat started on port(s): 8080 (http) with context path ''
2023-12-20 15:05:26,314 INFO o.s.b.StartupInfoLogger [restartedMain] Started ChallengeApplication in 53.468 seconds (process running for 57.803)
2023-12-20 15:05:36,786 INFO o.h.v.i.u.Version [background-preinit] HV000001: Hibernate Validator 8.0.1.Final
2023-12-20 15:05:36,989 INFO o.s.b.StartupInfoLogger [main] Starting EmailServiceApplication using Java 20.0.1 with PID 2844 (C:\Users\FAJAR\Downloads\Belajar Java\Challenge_7\EmailService\target\classes started by FAJAR in C:\Users\FAJAR\Downloads\Belajar Java\Challenge_7)
2023-12-20 15:05:36,992 INFO o.s.b.SpringApplication [main] No active profile set, falling back to 1 default profile: "default"
2023-12-20 15:05:43,797 INFO o.s.d.r.c.RepositoryConfigurationDelegate [main] Bootstrapping Spring Data JPA repositories in DEFAULT mode.
2023-12-20 15:05:43,946 INFO o.s.d.r.c.RepositoryConfigurationDelegate [main] Finished Spring Data repository scanning in 120 ms. Found 0 JPA repository interfaces.
2023-12-20 15:05:50,214 INFO o.s.b.w.e.t.TomcatWebServer [main] Tomcat initialized with port 8080 (http)
2023-12-20 15:05:50,243 INFO o.a.j.l.DirectJDKLog [main] Initializing ProtocolHandler ["http-nio-8080"]
2023-12-20 15:05:50,252 INFO o.a.j.l.DirectJDKLog [main] Starting service [Tomcat]
2023-12-20 15:05:50,254 INFO o.a.j.l.DirectJDKLog [main] Starting Servlet engine: [Apache Tomcat/10.1.16]
2023-12-20 15:05:50,584 INFO o.a.j.l.DirectJDKLog [main] Initializing Spring embedded WebApplicationContext
2023-12-20 15:05:50,589 INFO o.s.b.w.s.c.ServletWebServerApplicationContext [main] Root WebApplicationContext: initialization completed in 13411 ms
2023-12-20 15:05:53,141 INFO o.h.j.i.u.LogHelper [main] HHH000204: Processing PersistenceUnitInfo [name: default]
2023-12-20 15:05:53,732 INFO o.h.Version [main] HHH000412: Hibernate ORM core version 6.3.1.Final
2023-12-20 15:05:54,136 INFO o.h.c.i.RegionFactoryInitiator [main] HHH000026: Second-level cache disabled
2023-12-20 15:05:55,517 INFO o.s.o.j.p.SpringPersistenceUnitInfo [main] No LoadTimeWeaver setup: ignoring JPA class transformer
2023-12-20 15:05:55,616 INFO c.z.h.HikariDataSource [main] HikariPool-1 - Starting...
2023-12-20 15:05:56,441 INFO c.z.h.p.HikariPool [main] HikariPool-1 - Added connection org.postgresql.jdbc.PgConnection@287317df
2023-12-20 15:05:56,447 INFO c.z.h.HikariDataSource [main] HikariPool-1 - Start completed.
2023-12-20 15:05:56,554 WARN o.h.e.j.d.i.DialectFactoryImpl [main] HHH90000025: PostgreSQLDialect does not need to be specified explicitly using 'hibernate.dialect' (remove the property setting and it will be selected by default)
2023-12-20 15:05:58,306 INFO o.h.e.t.j.p.i.JtaPlatformInitiator [main] HHH000489: No JTA platform available (set 'hibernate.transaction.jta.platform' to enable JTA platform integration)
2023-12-20 15:05:58,341 INFO o.s.o.j.AbstractEntityManagerFactoryBean [main] Initialized JPA EntityManagerFactory for persistence unit 'default'
2023-12-20 15:06:01,637 WARN o.s.b.a.o.j.JpaBaseConfiguration$JpaWebConfiguration [main] spring.jpa.open-in-view is enabled by default. Therefore, database queries may be performed during view rendering. Explicitly configure spring.jpa.open-in-view to disable this warning
2023-12-20 15:06:07,259 INFO o.s.b.a.e.w.EndpointLinksResolver [main] Exposing 1 endpoint(s) beneath base path '/actuator'
2023-12-20 15:06:07,380 INFO o.s.s.w.DefaultSecurityFilterChain [main] Will secure any request with [org.springframework.security.web.session.DisableEncodeUrlFilter@14927cd4, org.springframework.security.web.context.request.async.WebAsyncManagerIntegrationFilter@5a106b26, org.springframework.security.web.context.SecurityContextHolderFilter@5ae6119b, org.springframework.security.web.header.HeaderWriterFilter@3070f59f, org.springframework.web.filter.CorsFilter@445d878c, org.springframework.security.web.csrf.CsrfFilter@153c69bc, org.springframework.security.web.authentication.logout.LogoutFilter@301c622d, org.springframework.security.web.authentication.UsernamePasswordAuthenticationFilter@66ab3716, org.springframework.security.web.authentication.ui.DefaultLoginPageGeneratingFilter@65528bcf, org.springframework.security.web.authentication.ui.DefaultLogoutPageGeneratingFilter@16eca98a, org.springframework.security.web.authentication.www.BasicAuthenticationFilter@a3f1f32, org.springframework.security.web.savedrequest.RequestCacheAwareFilter@f69e35a, org.springframework.security.web.servletapi.SecurityContextHolderAwareRequestFilter@1dfd3635, org.springframework.security.web.authentication.AnonymousAuthenticationFilter@119f035f, org.springframework.security.web.access.ExceptionTranslationFilter@79e33802, org.springframework.security.web.access.intercept.AuthorizationFilter@70a8654]
2023-12-20 15:06:08,900 INFO o.a.j.l.DirectJDKLog [main] Starting ProtocolHandler ["http-nio-8080"]
2023-12-20 15:06:08,923 WARN o.s.c.s.AbstractApplicationContext [main] Exception encountered during context initialization - cancelling refresh attempt: org.springframework.context.ApplicationContextException: Failed to start bean 'webServerStartStop'
2023-12-20 15:06:08,949 INFO o.s.o.j.AbstractEntityManagerFactoryBean [main] Closing JPA EntityManagerFactory for persistence unit 'default'
2023-12-20 15:06:08,985 INFO c.z.h.HikariDataSource [main] HikariPool-1 - Shutdown initiated...
2023-12-20 15:06:09,023 INFO c.z.h.HikariDataSource [main] HikariPool-1 - Shutdown completed.
2023-12-20 15:06:09,215 INFO o.s.b.a.l.ConditionEvaluationReportLogger [main] 

Error starting ApplicationContext. To display the condition evaluation report re-run your application with 'debug' enabled.
2023-12-20 15:06:09,296 ERROR o.s.b.d.LoggingFailureAnalysisReporter [main] 

***************************
APPLICATION FAILED TO START
***************************

Description:

Web server failed to start. Port 8080 was already in use.

Action:

Identify and stop the process that's listening on port 8080 or configure this application to listen on another port.

