2023-12-20 13:21:03,186 INFO o.s.b.w.e.t.TomcatWebServer [restartedMain] Tomcat initialized with port(s): 8080 (http)
2023-12-20 13:21:03,259 INFO o.a.j.l.DirectJDKLog [restartedMain] Initializing ProtocolHandler ["http-nio-8080"]
2023-12-20 13:21:03,269 INFO o.a.j.l.DirectJDKLog [restartedMain] Starting service [Tomcat]
2023-12-20 13:21:03,270 INFO o.a.j.l.DirectJDKLog [restartedMain] Starting Servlet engine: [Apache Tomcat/10.1.15]
2023-12-20 13:21:05,272 INFO o.a.j.l.DirectJDKLog [restartedMain] Initializing Spring embedded WebApplicationContext
2023-12-20 13:21:05,358 INFO o.s.b.w.s.c.ServletWebServerApplicationContext [restartedMain] Root WebApplicationContext: initialization completed in 45808 ms
2023-12-20 13:21:13,679 INFO o.f.c.i.l.s.Slf4jLog [restartedMain] Flyway Community Edition 9.16.3 by Redgate
2023-12-20 13:21:13,683 INFO o.f.c.i.l.s.Slf4jLog [restartedMain] See release notes here: https://rd.gt/416ObMi
2023-12-20 13:21:13,685 INFO o.f.c.i.l.s.Slf4jLog [restartedMain] 
2023-12-20 13:21:16,988 INFO o.f.c.i.l.s.Slf4jLog [restartedMain] Database: jdbc:postgresql://localhost:5432/challenge8 (PostgreSQL 16.0)
2023-12-20 13:21:17,108 WARN o.f.c.i.l.s.Slf4jLog [restartedMain] Flyway upgrade recommended: PostgreSQL 16.0 is newer than this version of Flyway and support has not been tested. The latest supported version of PostgreSQL is 15.
2023-12-20 13:21:17,276 INFO o.f.c.i.l.s.Slf4jLog [restartedMain] Successfully validated 1 migration (execution time 00:00.096s)
2023-12-20 13:21:17,642 INFO o.f.c.i.l.s.Slf4jLog [restartedMain] Current version of schema "migrations": null
2023-12-20 13:21:17,648 INFO o.f.c.i.l.s.Slf4jLog [restartedMain] Schema "migrations" is up to date. No migration necessary.
2023-12-20 13:21:21,164 INFO o.h.j.i.u.LogHelper [restartedMain] HHH000204: Processing PersistenceUnitInfo [name: default]
2023-12-20 13:21:21,981 INFO o.h.Version [restartedMain] HHH000412: Hibernate ORM core version 6.2.13.Final
2023-12-20 13:21:21,993 INFO o.h.c.Environment [restartedMain] HHH000406: Using bytecode reflection optimizer
2023-12-20 13:21:23,445 INFO o.s.o.j.p.SpringPersistenceUnitInfo [restartedMain] No LoadTimeWeaver setup: ignoring JPA class transformer
2023-12-20 13:21:23,735 INFO c.z.h.HikariDataSource [restartedMain] HikariPool-1 - Starting...
2023-12-20 13:21:23,963 INFO c.z.h.p.HikariPool [restartedMain] HikariPool-1 - Added connection org.postgresql.jdbc.PgConnection@20510bb6
2023-12-20 13:21:23,970 INFO c.z.h.HikariDataSource [restartedMain] HikariPool-1 - Start completed.
2023-12-20 13:21:24,128 WARN o.h.e.j.d.i.DialectFactoryImpl [restartedMain] HHH90000025: PostgreSQLDialect does not need to be specified explicitly using 'hibernate.dialect' (remove the property setting and it will be selected by default)
2023-12-20 13:21:35,479 INFO o.h.e.t.j.p.i.JtaPlatformInitiator [restartedMain] HHH000489: No JTA platform available (set 'hibernate.transaction.jta.platform' to enable JTA platform integration)
2023-12-20 13:21:36,178 INFO o.s.o.j.AbstractEntityManagerFactoryBean [restartedMain] Initialized JPA EntityManagerFactory for persistence unit 'default'
2023-12-20 13:21:41,667 INFO o.s.d.j.r.q.QueryEnhancerFactory [restartedMain] Hibernate is in classpath; If applicable, HQL parser will be used.
2023-12-20 13:21:49,837 INFO c.c.s.SocketIOServer [restartedMain] Session store / pubsub factory used: MemoryStoreFactory (local session store only)
2023-12-20 13:21:55,863 INFO c.c.s.SocketIOServer$1 [nioEventLoopGroup-2-1] SocketIO server started at port: 8085
2023-12-20 13:21:57,178 WARN o.s.b.a.o.j.JpaBaseConfiguration$JpaWebConfiguration [restartedMain] spring.jpa.open-in-view is enabled by default. Therefore, database queries may be performed during view rendering. Explicitly configure spring.jpa.open-in-view to disable this warning
2023-12-20 13:21:59,319 INFO o.s.b.a.e.w.EndpointLinksResolver [restartedMain] Exposing 1 endpoint(s) beneath base path '/actuator'
2023-12-20 13:21:59,707 INFO o.s.s.w.DefaultSecurityFilterChain [restartedMain] Will secure any request with [org.springframework.security.web.session.DisableEncodeUrlFilter@60b77f7f, org.springframework.security.web.context.request.async.WebAsyncManagerIntegrationFilter@697f9223, org.springframework.security.web.context.SecurityContextHolderFilter@26b2493c, org.springframework.security.web.header.HeaderWriterFilter@2da63eee, org.springframework.security.web.authentication.logout.LogoutFilter@1c0a2c8, org.springframework.security.oauth2.client.web.OAuth2AuthorizationRequestRedirectFilter@61f23d3b, org.springframework.security.oauth2.client.web.OAuth2LoginAuthenticationFilter@1ec2e07a, id.achfajar.challenge8.security.jwt.AuthTokenFilter@46b47b23, org.springframework.security.web.authentication.UsernamePasswordAuthenticationFilter@1043fa51, org.springframework.security.web.authentication.ui.DefaultLoginPageGeneratingFilter@5d01e774, org.springframework.security.web.authentication.ui.DefaultLogoutPageGeneratingFilter@2a57fdec, org.springframework.security.web.savedrequest.RequestCacheAwareFilter@1477006b, org.springframework.security.web.servletapi.SecurityContextHolderAwareRequestFilter@1a30f426, org.springframework.security.web.authentication.AnonymousAuthenticationFilter@5ee26adf, org.springframework.security.web.session.SessionManagementFilter@4df1f5b, org.springframework.security.web.access.ExceptionTranslationFilter@6f886472, org.springframework.security.web.access.intercept.AuthorizationFilter@4a77f487]
